{"meta": {"format": 3, "version": "7.13.5", "timestamp": "2026-03-30T18:43:44.484681", "branch_coverage": true, "show_contexts": false}, "files": {"src\\backlog_manager\\presentation\\app.py": {"executed_lines": [], "summary": {"covered_lines": 0, "num_statements": 77, "percent_covered": 0.0, "percent_covered_display": "0", "missing_lines": 77, "excluded_lines": 4, "percent_statements_covered": 0.0, "percent_statements_covered_display": "0", "num_branches": 12, "num_partial_branches": 0, "covered_branches": 0, "missing_branches": 12, "percent_branches_covered": 0.0, "percent_branches_covered_display": "0"}, "missing_lines": [7, 9, 10, 11, 12, 14, 15, 16, 18, 22, 26, 27, 37, 38, 41, 51, 52, 53, 54, 55, 56, 57, 59, 62, 63, 66, 72, 75, 84, 87, 88, 90, 93, 96, 99, 100, 102, 105, 106, 109, 110, 112, 115, 120, 121, 122, 123, 125, 127, 130, 140, 145, 146, 147, 150, 153, 154, 157, 158, 161, 163, 164, 165, 166, 167, 168, 169, 171, 172, 175, 177, 178, 179, 180, 181, 184, 186], "excluded_lines": [33, 34, 189, 190], "executed_branches": [], "missing_branches": [[53, 54], [53, 59], [87, 88], [87, 90], [109, 110], [109, 112], [120, 121], [120, 127], [122, 123], [122, 125], [171, 172], [171, 177]], "functions": {"_load_and_apply_theme": {"executed_lines": [], "summary": {"covered_lines": 0, "num_statements": 10, "percent_covered": 0.0, "percent_covered_display": "0", "missing_lines": 10, "excluded_lines": 0, "percent_statements_covered": 0.0, "percent_statements_covered_display": "0", "num_branches": 2, "num_partial_branches": 0, "covered_branches": 0, "missing_branches": 2, "percent_branches_covered": 0.0, "percent_branches_covered_display": "0"}, "missing_lines": [51, 52, 53, 54, 55, 56, 57, 59, 62, 63], "excluded_lines": [], "start_line": 41, "executed_branches": [], "missing_branches": [[53, 54], [53, 59]]}, "get_default_db_path": {"executed_lines": [], "summary": {"covered_lines": 0, "num_statements": 1, "percent_covered": 0.0, "percent_covered_display": "0", "missing_lines": 1, "excluded_lines": 0, "percent_statements_covered": 0.0, "percent_statements_covered_display": "0", "num_branches": 0, "num_partial_branches": 0, "covered_branches": 0, "missing_branches": 0, "percent_branches_covered": 100.0, "percent_branches_covered_display": "100"}, "missing_lines": [72], "excluded_lines": [], "start_line": 66, "executed_branches": [], "missing_branches": []}, "run_application": {"executed_lines": [], "summary": {"covered_lines": 0, "num_statements": 21, "percent_covered": 0.0, "percent_covered_display": "0", "missing_lines": 21, "excluded_lines": 0, "percent_statements_covered": 0.0, "percent_statements_covered_display": "0", "num_branches": 8, "num_partial_branches": 0, "covered_branches": 0, "missing_branches": 8, "percent_branches_covered": 0.0, "percent_branches_covered_display": "0"}, "missing_lines": [84, 87, 88, 90, 93, 96, 99, 100, 102, 105, 106, 109, 110, 112, 115, 120, 121, 122, 123, 125, 127], "excluded_lines": [], "start_line": 75, "executed_branches": [], "missing_branches": [[87, 88], [87, 90], [109, 110], [109, 112], [120, 121], [120, 127], [122, 123], [122, 125]]}, "main": {"executed_lines": [], "summary": {"covered_lines": 0, "num_statements": 27, "percent_covered": 0.0, "percent_covered_display": "0", "missing_lines": 27, "excluded_lines": 0, "percent_statements_covered": 0.0, "percent_statements_covered_display": "0", "num_branches": 2, "num_partial_branches": 0, "covered_branches": 0, "missing_branches": 2, "percent_branches_covered": 0.0, "percent_branches_covered_display": "0"}, "missing_lines": [140, 145, 146, 147, 150, 153, 154, 157, 158, 161, 163, 164, 165, 166, 167, 168, 169, 171, 172, 175, 177, 178, 179, 180, 181, 184, 186], "excluded_lines": [], "start_line": 130, "executed_branches": [], "missing_branches": [[171, 172], [171, 177]]}, "": {"executed_lines": [], "summary": {"covered_lines": 0, "num_statements": 18, "percent_covered": 0.0, "percent_covered_display": "0", "missing_lines": 18, "excluded_lines": 4, "percent_statements_covered": 0.0, "percent_statements_covered_display": "0", "num_branches": 0, "num_partial_branches": 0, "covered_branches": 0, "missing_branches": 0, "percent_branches_covered": 100.0, "percent_branches_covered_display": "100"}, "missing_lines": [7, 9, 10, 11, 12, 14, 15, 16, 18, 22, 26, 27, 37, 38, 41, 66, 75, 130], "excluded_lines": [33, 34, 189, 190], "start_line": 1, "executed_branches": [], "missing_branches": []}}, "classes": {"": {"executed_lines": [], "summary": {"covered_lines": 0, "num_statements": 77, "percent_covered": 0.0, "percent_covered_display": "0", "missing_lines": 77, "excluded_lines": 4, "percent_statements_covered": 0.0, "percent_statements_covered_display": "0", "num_branches": 12, "num_partial_branches": 0, "covered_branches": 0, "missing_branches": 12, "percent_branches_covered": 0.0, "percent_branches_covered_display": "0"}, "missing_lines": [7, 9, 10, 11, 12, 14, 15, 16, 18, 22, 26, 27, 37, 38, 41, 51, 52, 53, 54, 55, 56, 57, 59, 62, 63, 66, 72, 75, 84, 87, 88, 90, 93, 96, 99, 100, 102, 105, 106, 109, 110, 112, 115, 120, 121, 122, 123, 125, 127, 130, 140, 145, 146, 147, 150, 153, 154, 157, 158, 161, 163, 164, 165, 166, 167, 168, 169, 171, 172, 175, 177, 178, 179, 180, 181, 184, 186], "excluded_lines": [33, 34, 189, 190], "start_line": 1, "executed_branches": [], "missing_branches": [[53, 54], [53, 59], [87, 88], [87, 90], [109, 110], [109, 112], [120, 121], [120, 127], [122, 123], [122, 125], [171, 172], [171, 177]]}}}, "src\\backlog_manager\\presentation\\constants.py": {"executed_lines": [3], "summary": {"covered_lines": 1, "num_statements": 1, "percent_covered": 100.0, "percent_covered_display": "100", "missing_lines": 0, "excluded_lines": 0, "percent_statements_covered": 100.0, "percent_statements_covered_display": "100", "num_branches": 0, "num_partial_branches": 0, "covered_branches": 0, "missing_branches": 0, "percent_branches_covered": 100.0, "percent_branches_covered_display": "100"}, "missing_lines": [], "excluded_lines": [], "executed_branches": [], "missing_branches": [], "functions": {"": {"executed_lines": [3], "summary": {"covered_lines": 1, "num_statements": 1, "percent_covered": 100.0, "percent_covered_display": "100", "missing_lines": 0, "excluded_lines": 0, "percent_statements_covered": 100.0, "percent_statements_covered_display": "100", "num_branches": 0, "num_partial_branches": 0, "covered_branches": 0, "missing_branches": 0, "percent_branches_covered": 100.0, "percent_branches_covered_display": "100"}, "missing_lines": [], "excluded_lines": [], "start_line": 1, "executed_branches": [], "missing_branches": []}}, "classes": {"": {"executed_lines": [3], "summary": {"covered_lines": 1, "num_statements": 1, "percent_covered": 100.0, "percent_covered_display": "100", "missing_lines": 0, "excluded_lines": 0, "percent_statements_covered": 100.0, "percent_statements_covered_display": "100", "num_branches": 0, "num_partial_branches": 0, "covered_branches": 0, "missing_branches": 0, "percent_branches_covered": 100.0, "percent_branches_covered_display": "100"}, "missing_lines": [], "excluded_lines": [], "start_line": 1, "executed_branches": [], "missing_branches": []}}}, "src\\backlog_manager\\presentation\\container.py": {"executed_lines": [7, 9, 10, 11, 12, 14, 15, 21, 27, 31, 37, 41, 46, 55, 56, 85, 88, 100, 101, 103, 112, 115, 116, 117, 118, 119, 120, 121, 122, 123, 125, 127, 128, 140, 143, 144, 145, 146, 148, 149, 164, 165, 167, 168, 169, 171, 172, 176, 182, 185, 196, 209, 220, 231, 244, 257, 271, 284, 297, 310, 324, 337, 350, 363, 377, 390, 403, 416, 430, 443, 456, 464, 478, 491, 505, 522, 535, 536, 546, 547, 557, 558, 560, 561, 565, 566, 568, 569, 571, 572, 576, 577, 579, 580, 582, 583, 587, 588, 590, 591, 593, 594, 598, 599, 601, 602, 604, 605, 609, 610, 612, 613, 615, 616, 620, 621, 623, 624, 626, 627, 631, 632], "summary": {"covered_lines": 122, "num_statements": 164, "percent_covered": 70.96774193548387, "percent_covered_display": "71", "missing_lines": 42, "excluded_lines": 10, "percent_statements_covered": 74.39024390243902, "percent_statements_covered_display": "74", "num_branches": 22, "num_partial_branches": 6, "covered_branches": 10, "missing_branches": 12, "percent_branches_covered": 45.45454545454545, "percent_branches_covered_display": "45"}, "missing_lines": [141, 158, 159, 162, 174, 194, 207, 218, 229, 242, 255, 268, 282, 295, 308, 321, 335, 348, 361, 374, 388, 401, 414, 427, 441, 454, 462, 475, 489, 502, 519, 520, 531, 532, 538, 539, 543, 544, 549, 550, 554, 555], "excluded_lines": [58, 59, 62, 65, 68, 69, 72, 75, 78, 81], "executed_branches": [[140, 143], [560, 561], [571, 572], [571, 577], [582, 583], [593, 594], [593, 599], [604, 605], [615, 616], [626, 627]], "missing_branches": [[140, 141], [158, 159], [158, 162], [538, 539], [538, 544], [549, 550], [549, 555], [560, 566], [582, 588], [604, 610], [615, 621], [626, 632]], "functions": {"DIContainer.__init__": {"executed_lines": [112, 115, 116, 117, 118, 119, 120, 121, 122, 123, 125], "summary": {"covered_lines": 11, "num_statements": 11, "percent_covered": 100.0, "percent_covered_display": "100", "missing_lines": 0, "excluded_lines": 0, "percent_statements_covered": 100.0, "percent_statements_covered_display": "100", "num_branches": 0, "num_partial_branches": 0, "covered_branches": 0, "missing_branches": 0, "percent_branches_covered": 100.0, "percent_branches_covered_display": "100"}, "missing_lines": [], "excluded_lines": [], "start_line": 103, "executed_branches": [], "missing_branches": []}, "DIContainer.initialize": {"executed_lines": [140, 143, 144, 145, 146], "summary": {"covered_lines": 5, "num_statements": 6, "percent_covered": 75.0, "percent_covered_display": "75", "missing_lines": 1, "excluded_lines": 0, "percent_statements_covered": 83.33333333333333, "percent_statements_covered_display": "83", "num_branches": 2, "num_partial_branches": 1, "covered_branches": 1, "missing_branches": 1, "percent_branches_covered": 50.0, "percent_branches_covered_display": "50"}, "missing_lines": [141], "excluded_lines": [], "start_line": 128, "executed_branches": [[140, 143]], "missing_branches": [[140, 141]]}, "DIContainer.get_instance": {"executed_lines": [], "summary": {"covered_lines": 0, "num_statements": 3, "percent_covered": 0.0, "percent_covered_display": "0", "missing_lines": 3, "excluded_lines": 0, "percent_statements_covered": 0.0, "percent_statements_covered_display": "0", "num_branches": 2, "num_partial_branches": 0, "covered_branches": 0, "missing_branches": 2, "percent_branches_covered": 0.0, "percent_branches_covered_display": "0"}, "missing_lines": [158, 159, 162], "excluded_lines": [], "start_line": 149, "executed_branches": [], "missing_branches": [[158, 159], [158, 162]]}, "DIContainer.reset": {"executed_lines": [167, 168, 169], "summary": {"covered_lines": 3, "num_statements": 3, "percent_covered": 100.0, "percent_covered_display": "100", "missing_lines": 0, "excluded_lines": 0, "percent_statements_covered": 100.0, "percent_statements_covered_display": "100", "num_branches": 0, "num_partial_branches": 0, "covered_branches": 0, "missing_branches": 0, "percent_branches_covered": 100.0, "percent_branches_covered_display": "100"}, "missing_lines": [], "excluded_lines": [], "start_line": 165, "executed_branches": [], "missing_branches": []}, "DIContainer.db_path": {"executed_lines": [], "summary": {"covered_lines": 0, "num_statements": 1, "percent_covered": 0.0, "percent_covered_display": "0", "missing_lines": 1, "excluded_lines": 0, "percent_statements_covered": 0.0, "percent_statements_covered_display": "0", "num_branches": 0, "num_partial_branches": 0, "covered_branches": 0, "missing_branches": 0, "percent_branches_covered": 100.0, "percent_branches_covered_display": "100"}, "missing_lines": [174], "excluded_lines": [], "start_line": 172, "executed_branches": [], "missing_branches": []}, "DIContainer.create_unit_of_work": {"executed_lines": [182], "summary": {"covered_lines": 1, "num_statements": 1, "percent_covered": 100.0, "percent_covered_display": "100", "missing_lines": 0, "excluded_lines": 0, "percent_statements_covered": 100.0, "percent_statements_covered_display": "100", "num_branches": 0, "num_partial_branches": 0, "covered_branches": 0, "missing_branches": 0, "percent_branches_covered": 100.0, "percent_branches_covered_display": "100"}, "missing_lines": [], "excluded_lines": [], "start_line": 176, "executed_branches": [], "missing_branches": []}, "DIContainer.create_list_stories_use_case": {"executed_lines": [], "summary": {"covered_lines": 0, "num_statements": 1, "percent_covered": 0.0, "percent_covered_display": "0", "missing_lines": 1, "excluded_lines": 0, "percent_statements_covered": 0.0, "percent_statements_covered_display": "0", "num_branches": 0, "num_partial_branches": 0, "covered_branches": 0, "missing_branches": 0, "percent_branches_covered": 100.0, "percent_branches_covered_display": "100"}, "missing_lines": [194], "excluded_lines": [], "start_line": 185, "executed_branches": [], "missing_branches": []}, "DIContainer.create_story_use_case_factory": {"executed_lines": [], "summary": {"covered_lines": 0, "num_statements": 1, "percent_covered": 0.0, "percent_covered_display": "0", "missing_lines": 1, "excluded_lines": 0, "percent_statements_covered": 0.0, "percent_statements_covered_display": "0", "num_branches": 0, "num_partial_branches": 0, "covered_branches": 0, "missing_branches": 0, "percent_branches_covered": 100.0, "percent_branches_covered_display": "100"}, "missing_lines": [207], "excluded_lines": [], "start_line": 196, "executed_branches": [], "missing_branches": []}, "DIContainer.create_edit_story_use_case": {"executed_lines": [], "summary": {"covered_lines": 0, "num_statements": 1, "percent_covered": 0.0, "percent_covered_display": "0", "missing_lines": 1, "excluded_lines": 0, "percent_statements_covered": 0.0, "percent_statements_covered_display": "0", "num_branches": 0, "num_partial_branches": 0, "covered_branches": 0, "missing_branches": 0, "percent_branches_covered": 100.0, "percent_branches_covered_display": "100"}, "missing_lines": [218], "excluded_lines": [], "start_line": 209, "executed_branches": [], "missing_branches": []}, "DIContainer.create_delete_story_use_case": {"executed_lines": [], "summary": {"covered_lines": 0, "num_statements": 1, "percent_covered": 0.0, "percent_covered_display": "0", "missing_lines": 1, "excluded_lines": 0, "percent_statements_covered": 0.0, "percent_statements_covered_display": "0", "num_branches": 0, "num_partial_branches": 0, "covered_branches": 0, "missing_branches": 0, "percent_branches_covered": 100.0, "percent_branches_covered_display": "100"}, "missing_lines": [229], "excluded_lines": [], "start_line": 220, "executed_branches": [], "missing_branches": []}, "DIContainer.create_move_priority_use_case": {"executed_lines": [], "summary": {"covered_lines": 0, "num_statements": 1, "percent_covered": 0.0, "percent_covered_display": "0", "missing_lines": 1, "excluded_lines": 0, "percent_statements_covered": 0.0, "percent_statements_covered_display": "0", "num_branches": 0, "num_partial_branches": 0, "covered_branches": 0, "missing_branches": 0, "percent_branches_covered": 100.0, "percent_branches_covered_display": "100"}, "missing_lines": [242], "excluded_lines": [], "start_line": 231, "executed_branches": [], "missing_branches": []}, "DIContainer.create_assign_developer_use_case": {"executed_lines": [], "summary": {"covered_lines": 0, "num_statements": 1, "percent_covered": 0.0, "percent_covered_display": "0", "missing_lines": 1, "excluded_lines": 0, "percent_statements_covered": 0.0, "percent_statements_covered_display": "0", "num_branches": 0, "num_partial_branches": 0, "covered_branches": 0, "missing_branches": 0, "percent_branches_covered": 100.0, "percent_branches_covered_display": "100"}, "missing_lines": [255], "excluded_lines": [], "start_line": 244, "executed_branches": [], "missing_branches": []}, "DIContainer.create_duplicate_story_use_case": {"executed_lines": [], "summary": {"covered_lines": 0, "num_statements": 1, "percent_covered": 0.0, "percent_covered_display": "0", "missing_lines": 1, "excluded_lines": 0, "percent_statements_covered": 0.0, "percent_statements_covered_display": "0", "num_branches": 0, "num_partial_branches": 0, "covered_branches": 0, "missing_branches": 0, "percent_branches_covered": 100.0, "percent_branches_covered_display": "100"}, "missing_lines": [268], "excluded_lines": [], "start_line": 257, "executed_branches": [], "missing_branches": []}, "DIContainer.create_list_developers_use_case": {"executed_lines": [], "summary": {"covered_lines": 0, "num_statements": 1, "percent_covered": 0.0, "percent_covered_display": "0", "missing_lines": 1, "excluded_lines": 0, "percent_statements_covered": 0.0, "percent_statements_covered_display": "0", "num_branches": 0, "num_partial_branches": 0, "covered_branches": 0, "missing_branches": 0, "percent_branches_covered": 100.0, "percent_branches_covered_display": "100"}, "missing_lines": [282], "excluded_lines": [], "start_line": 271, "executed_branches": [], "missing_branches": []}, "DIContainer.create_developer_use_case_factory": {"executed_lines": [], "summary": {"covered_lines": 0, "num_statements": 1, "percent_covered": 0.0, "percent_covered_display": "0", "missing_lines": 1, "excluded_lines": 0, "percent_statements_covered": 0.0, "percent_statements_covered_display": "0", "num_branches": 0, "num_partial_branches": 0, "covered_branches": 0, "missing_branches": 0, "percent_branches_covered": 100.0, "percent_branches_covered_display": "100"}, "missing_lines": [295], "excluded_lines": [], "start_line": 284, "executed_branches": [], "missing_branches": []}, "DIContainer.create_update_developer_use_case": {"executed_lines": [], "summary": {"covered_lines": 0, "num_statements": 1, "percent_covered": 0.0, "percent_covered_display": "0", "missing_lines": 1, "excluded_lines": 0, "percent_statements_covered": 0.0, "percent_statements_covered_display": "0", "num_branches": 0, "num_partial_branches": 0, "covered_branches": 0, "missing_branches": 0, "percent_branches_covered": 100.0, "percent_branches_covered_display": "100"}, "missing_lines": [308], "excluded_lines": [], "start_line": 297, "executed_branches": [], "missing_branches": []}, "DIContainer.create_delete_developer_use_case": {"executed_lines": [], "summary": {"covered_lines": 0, "num_statements": 1, "percent_covered": 0.0, "percent_covered_display": "0", "missing_lines": 1, "excluded_lines": 0, "percent_statements_covered": 0.0, "percent_statements_covered_display": "0", "num_branches": 0, "num_partial_branches": 0, "covered_branches": 0, "missing_branches": 0, "percent_branches_covered": 100.0, "percent_branches_covered_display": "100"}, "missing_lines": [321], "excluded_lines": [], "start_line": 310, "executed_branches": [], "missing_branches": []}, "DIContainer.create_list_features_use_case": {"executed_lines": [], "summary": {"covered_lines": 0, "num_statements": 1, "percent_covered": 0.0, "percent_covered_display": "0", "missing_lines": 1, "excluded_lines": 0, "percent_statements_covered": 0.0, "percent_statements_covered_display": "0", "num_branches": 0, "num_partial_branches": 0, "covered_branches": 0, "missing_branches": 0, "percent_branches_covered": 100.0, "percent_branches_covered_display": "100"}, "missing_lines": [335], "excluded_lines": [], "start_line": 324, "executed_branches": [], "missing_branches": []}, "DIContainer.create_feature_use_case_factory": {"executed_lines": [], "summary": {"covered_lines": 0, "num_statements": 1, "percent_covered": 0.0, "percent_covered_display": "0", "missing_lines": 1, "excluded_lines": 0, "percent_statements_covered": 0.0, "percent_statements_covered_display": "0", "num_branches": 0, "num_partial_branches": 0, "covered_branches": 0, "missing_branches": 0, "percent_branches_covered": 100.0, "percent_branches_covered_display": "100"}, "missing_lines": [348], "excluded_lines": [], "start_line": 337, "executed_branches": [], "missing_branches": []}, "DIContainer.create_update_feature_use_case": {"executed_lines": [], "summary": {"covered_lines": 0, "num_statements": 1, "percent_covered": 0.0, "percent_covered_display": "0", "missing_lines": 1, "excluded_lines": 0, "percent_statements_covered": 0.0, "percent_statements_covered_display": "0", "num_branches": 0, "num_partial_branches": 0, "covered_branches": 0, "missing_branches": 0, "percent_branches_covered": 100.0, "percent_branches_covered_display": "100"}, "missing_lines": [361], "excluded_lines": [], "start_line": 350, "executed_branches": [], "missing_branches": []}, "DIContainer.create_delete_feature_use_case": {"executed_lines": [], "summary": {"covered_lines": 0, "num_statements": 1, "percent_covered": 0.0, "percent_covered_display": "0", "missing_lines": 1, "excluded_lines": 0, "percent_statements_covered": 0.0, "percent_statements_covered_display": "0", "num_branches": 0, "num_partial_branches": 0, "covered_branches": 0, "missing_branches": 0, "percent_branches_covered": 100.0, "percent_branches_covered_display": "100"}, "missing_lines": [374], "excluded_lines": [], "start_line": 363, "executed_branches": [], "missing_branches": []}, "DIContainer.create_add_dependency_use_case": {"executed_lines": [], "summary": {"covered_lines": 0, "num_statements": 1, "percent_covered": 0.0, "percent_covered_display": "0", "missing_lines": 1, "excluded_lines": 0, "percent_statements_covered": 0.0, "percent_statements_covered_display": "0", "num_branches": 0, "num_partial_branches": 0, "covered_branches": 0, "missing_branches": 0, "percent_branches_covered": 100.0, "percent_branches_covered_display": "100"}, "missing_lines": [388], "excluded_lines": [], "start_line": 377, "executed_branches": [], "missing_branches": []}, "DIContainer.create_remove_dependency_use_case": {"executed_lines": [], "summary": {"covered_lines": 0, "num_statements": 1, "percent_covered": 0.0, "percent_covered_display": "0", "missing_lines": 1, "excluded_lines": 0, "percent_statements_covered": 0.0, "percent_statements_covered_display": "0", "num_branches": 0, "num_partial_branches": 0, "covered_branches": 0, "missing_branches": 0, "percent_branches_covered": 100.0, "percent_branches_covered_display": "100"}, "missing_lines": [401], "excluded_lines": [], "start_line": 390, "executed_branches": [], "missing_branches": []}, "DIContainer.create_get_dependencies_use_case": {"executed_lines": [], "summary": {"covered_lines": 0, "num_statements": 1, "percent_covered": 0.0, "percent_covered_display": "0", "missing_lines": 1, "excluded_lines": 0, "percent_statements_covered": 0.0, "percent_statements_covered_display": "0", "num_branches": 0, "num_partial_branches": 0, "covered_branches": 0, "missing_branches": 0, "percent_branches_covered": 100.0, "percent_branches_covered_display": "100"}, "missing_lines": [414], "excluded_lines": [], "start_line": 403, "executed_branches": [], "missing_branches": []}, "DIContainer.create_get_dependents_use_case": {"executed_lines": [], "summary": {"covered_lines": 0, "num_statements": 1, "percent_covered": 0.0, "percent_covered_display": "0", "missing_lines": 1, "excluded_lines": 0, "percent_statements_covered": 0.0, "percent_statements_covered_display": "0", "num_branches": 0, "num_partial_branches": 0, "covered_branches": 0, "missing_branches": 0, "percent_branches_covered": 100.0, "percent_branches_covered_display": "100"}, "missing_lines": [427], "excluded_lines": [], "start_line": 416, "executed_branches": [], "missing_branches": []}, "DIContainer.create_execute_allocation_use_case": {"executed_lines": [], "summary": {"covered_lines": 0, "num_statements": 1, "percent_covered": 0.0, "percent_covered_display": "0", "missing_lines": 1, "excluded_lines": 0, "percent_statements_covered": 0.0, "percent_statements_covered_display": "0", "num_branches": 0, "num_partial_branches": 0, "covered_branches": 0, "missing_branches": 0, "percent_branches_covered": 100.0, "percent_branches_covered_display": "100"}, "missing_lines": [441], "excluded_lines": [], "start_line": 430, "executed_branches": [], "missing_branches": []}, "DIContainer.create_calculate_schedule_use_case": {"executed_lines": [], "summary": {"covered_lines": 0, "num_statements": 1, "percent_covered": 0.0, "percent_covered_display": "0", "missing_lines": 1, "excluded_lines": 0, "percent_statements_covered": 0.0, "percent_statements_covered_display": "0", "num_branches": 0, "num_partial_branches": 0, "covered_branches": 0, "missing_branches": 0, "percent_branches_covered": 100.0, "percent_branches_covered_display": "100"}, "missing_lines": [454], "excluded_lines": [], "start_line": 443, "executed_branches": [], "missing_branches": []}, "DIContainer.create_calculate_duration_use_case": {"executed_lines": [], "summary": {"covered_lines": 0, "num_statements": 1, "percent_covered": 0.0, "percent_covered_display": "0", "missing_lines": 1, "excluded_lines": 0, "percent_statements_covered": 0.0, "percent_statements_covered_display": "0", "num_branches": 0, "num_partial_branches": 0, "covered_branches": 0, "missing_branches": 0, "percent_branches_covered": 100.0, "percent_branches_covered_display": "100"}, "missing_lines": [462], "excluded_lines": [], "start_line": 456, "executed_branches": [], "missing_branches": []}, "DIContainer.create_calculate_story_dates_use_case": {"executed_lines": [], "summary": {"covered_lines": 0, "num_statements": 1, "percent_covered": 0.0, "percent_covered_display": "0", "missing_lines": 1, "excluded_lines": 0, "percent_statements_covered": 0.0, "percent_statements_covered_display": "0", "num_branches": 0, "num_partial_branches": 0, "covered_branches": 0, "missing_branches": 0, "percent_branches_covered": 100.0, "percent_branches_covered_display": "100"}, "missing_lines": [475], "excluded_lines": [], "start_line": 464, "executed_branches": [], "missing_branches": []}, "DIContainer.create_reset_planning_use_case": {"executed_lines": [], "summary": {"covered_lines": 0, "num_statements": 1, "percent_covered": 0.0, "percent_covered_display": "0", "missing_lines": 1, "excluded_lines": 0, "percent_statements_covered": 0.0, "percent_statements_covered_display": "0", "num_branches": 0, "num_partial_branches": 0, "covered_branches": 0, "missing_branches": 0, "percent_branches_covered": 100.0, "percent_branches_covered_display": "100"}, "missing_lines": [489], "excluded_lines": [], "start_line": 478, "executed_branches": [], "missing_branches": []}, "DIContainer.create_count_affected_stories_use_case": {"executed_lines": [], "summary": {"covered_lines": 0, "num_statements": 1, "percent_covered": 0.0, "percent_covered_display": "0", "missing_lines": 1, "excluded_lines": 0, "percent_statements_covered": 0.0, "percent_statements_covered_display": "0", "num_branches": 0, "num_partial_branches": 0, "covered_branches": 0, "missing_branches": 0, "percent_branches_covered": 100.0, "percent_branches_covered_display": "100"}, "missing_lines": [502], "excluded_lines": [], "start_line": 491, "executed_branches": [], "missing_branches": []}, "DIContainer.create_import_excel_use_case": {"executed_lines": [], "summary": {"covered_lines": 0, "num_statements": 2, "percent_covered": 0.0, "percent_covered_display": "0", "missing_lines": 2, "excluded_lines": 0, "percent_statements_covered": 0.0, "percent_statements_covered_display": "0", "num_branches": 0, "num_partial_branches": 0, "covered_branches": 0, "missing_branches": 0, "percent_branches_covered": 100.0, "percent_branches_covered_display": "100"}, "missing_lines": [519, 520], "excluded_lines": [], "start_line": 505, "executed_branches": [], "missing_branches": []}, "DIContainer.create_export_excel_use_case": {"executed_lines": [], "summary": {"covered_lines": 0, "num_statements": 2, "percent_covered": 0.0, "percent_covered_display": "0", "missing_lines": 2, "excluded_lines": 0, "percent_statements_covered": 0.0, "percent_statements_covered_display": "0", "num_branches": 0, "num_partial_branches": 0, "covered_branches": 0, "missing_branches": 0, "percent_branches_covered": 100.0, "percent_branches_covered_display": "100"}, "missing_lines": [531, 532], "excluded_lines": [], "start_line": 522, "executed_branches": [], "missing_branches": []}, "DIContainer.main_window_viewmodel": {"executed_lines": [], "summary": {"covered_lines": 0, "num_statements": 4, "percent_covered": 0.0, "percent_covered_display": "0", "missing_lines": 4, "excluded_lines": 0, "percent_statements_covered": 0.0, "percent_statements_covered_display": "0", "num_branches": 2, "num_partial_branches": 0, "covered_branches": 0, "missing_branches": 2, "percent_branches_covered": 0.0, "percent_branches_covered_display": "0"}, "missing_lines": [538, 539, 543, 544], "excluded_lines": [], "start_line": 536, "executed_branches": [], "missing_branches": [[538, 539], [538, 544]]}, "DIContainer.story_dialog_viewmodel": {"executed_lines": [], "summary": {"covered_lines": 0, "num_statements": 4, "percent_covered": 0.0, "percent_covered_display": "0", "missing_lines": 4, "excluded_lines": 0, "percent_statements_covered": 0.0, "percent_statements_covered_display": "0", "num_branches": 2, "num_partial_branches": 0, "covered_branches": 0, "missing_branches": 2, "percent_branches_covered": 0.0, "percent_branches_covered_display": "0"}, "missing_lines": [549, 550, 554, 555], "excluded_lines": [], "start_line": 547, "executed_branches": [], "missing_branches": [[549, 550], [549, 555]]}, "DIContainer.allocation_viewmodel": {"executed_lines": [560, 561, 565, 566], "summary": {"covered_lines": 4, "num_statements": 4, "percent_covered": 83.33333333333333, "percent_covered_display": "83", "missing_lines": 0, "excluded_lines": 0, "percent_statements_covered": 100.0, "percent_statements_covered_display": "100", "num_branches": 2, "num_partial_branches": 1, "covered_branches": 1, "missing_branches": 1, "percent_branches_covered": 50.0, "percent_branches_covered_display": "50"}, "missing_lines": [], "excluded_lines": [], "start_line": 558, "executed_branches": [[560, 561]], "missing_branches": [[560, 566]]}, "DIContainer.excel_viewmodel": {"executed_lines": [571, 572, 576, 577], "summary": {"covered_lines": 4, "num_statements": 4, "percent_covered": 100.0, "percent_covered_display": "100", "missing_lines": 0, "excluded_lines": 0, "percent_statements_covered": 100.0, "percent_statements_covered_display": "100", "num_branches": 2, "num_partial_branches": 0, "covered_branches": 2, "missing_branches": 0, "percent_branches_covered": 100.0, "percent_branches_covered_display": "100"}, "missing_lines": [], "excluded_lines": [], "start_line": 569, "executed_branches": [[571, 572], [571, 577]], "missing_branches": []}, "DIContainer.schedule_viewmodel": {"executed_lines": [582, 583, 587, 588], "summary": {"covered_lines": 4, "num_statements": 4, "percent_covered": 83.33333333333333, "percent_covered_display": "83", "missing_lines": 0, "excluded_lines": 0, "percent_statements_covered": 100.0, "percent_statements_covered_display": "100", "num_branches": 2, "num_partial_branches": 1, "covered_branches": 1, "missing_branches": 1, "percent_branches_covered": 50.0, "percent_branches_covered_display": "50"}, "missing_lines": [], "excluded_lines": [], "start_line": 580, "executed_branches": [[582, 583]], "missing_branches": [[582, 588]]}, "DIContainer.config_dialog_viewmodel": {"executed_lines": [593, 594, 598, 599], "summary": {"covered_lines": 4, "num_statements": 4, "percent_covered": 100.0, "percent_covered_display": "100", "missing_lines": 0, "excluded_lines": 0, "percent_statements_covered": 100.0, "percent_statements_covered_display": "100", "num_branches": 2, "num_partial_branches": 0, "covered_branches": 2, "missing_branches": 0, "percent_branches_covered": 100.0, "percent_branches_covered_display": "100"}, "missing_lines": [], "excluded_lines": [], "start_line": 591, "executed_branches": [[593, 594], [593, 599]], "missing_branches": []}, "DIContainer.dependency_dialog_viewmodel": {"executed_lines": [604, 605, 609, 610], "summary": {"covered_lines": 4, "num_statements": 4, "percent_covered": 83.33333333333333, "percent_covered_display": "83", "missing_lines": 0, "excluded_lines": 0, "percent_statements_covered": 100.0, "percent_statements_covered_display": "100", "num_branches": 2, "num_partial_branches": 1, "covered_branches": 1, "missing_branches": 1, "percent_branches_covered": 50.0, "percent_branches_covered_display": "50"}, "missing_lines": [], "excluded_lines": [], "start_line": 602, "executed_branches": [[604, 605]], "missing_branches": [[604, 610]]}, "DIContainer.status_bar_viewmodel": {"executed_lines": [615, 616, 620, 621], "summary": {"covered_lines": 4, "num_statements": 4, "percent_covered": 83.33333333333333, "percent_covered_display": "83", "missing_lines": 0, "excluded_lines": 0, "percent_statements_covered": 100.0, "percent_statements_covered_display": "100", "num_branches": 2, "num_partial_branches": 1, "covered_branches": 1, "missing_branches": 1, "percent_branches_covered": 50.0, "percent_branches_covered_display": "50"}, "missing_lines": [], "excluded_lines": [], "start_line": 613, "executed_branches": [[615, 616]], "missing_branches": [[615, 621]]}, "DIContainer.reset_planning_viewmodel": {"executed_lines": [626, 627, 631, 632], "summary": {"covered_lines": 4, "num_statements": 4, "percent_covered": 83.33333333333333, "percent_covered_display": "83", "missing_lines": 0, "excluded_lines": 0, "percent_statements_covered": 100.0, "percent_statements_covered_display": "100", "num_branches": 2, "num_partial_branches": 1, "covered_branches": 1, "missing_branches": 1, "percent_branches_covered": 50.0, "percent_branches_covered_display": "50"}, "missing_lines": [], "excluded_lines": [], "start_line": 624, "executed_branches": [[626, 627]], "missing_branches": [[626, 632]]}, "": {"executed_lines": [7, 9, 10, 11, 12, 14, 15, 21, 27, 31, 37, 41, 46, 55, 56, 85, 88, 100, 101, 103, 127, 128, 148, 149, 164, 165, 171, 172, 176, 185, 196, 209, 220, 231, 244, 257, 271, 284, 297, 310, 324, 337, 350, 363, 377, 390, 403, 416, 430, 443, 456, 464, 478, 491, 505, 522, 535, 536, 546, 547, 557, 558, 568, 569, 579, 580, 590, 591, 601, 602, 612, 613, 623, 624], "summary": {"covered_lines": 74, "num_statements": 74, "percent_covered": 100.0, "percent_covered_display": "100", "missing_lines": 0, "excluded_lines": 10, "percent_statements_covered": 100.0, "percent_statements_covered_display": "100", "num_branches": 0, "num_partial_branches": 0, "covered_branches": 0, "missing_branches": 0, "percent_branches_covered": 100.0, "percent_branches_covered_display": "100"}, "missing_lines": [], "excluded_lines": [58, 59, 62, 65, 68, 69, 72, 75, 78, 81], "start_line": 1, "executed_branches": [], "missing_branches": []}}, "classes": {"DIContainer": {"executed_lines": [112, 115, 116, 117, 118, 119, 120, 121, 122, 123, 125, 140, 143, 144, 145, 146, 167, 168, 169, 182, 560, 561, 565, 566, 571, 572, 576, 577, 582, 583, 587, 588, 593, 594, 598, 599, 604, 605, 609, 610, 615, 616, 620, 621, 626, 627, 631, 632], "summary": {"covered_lines": 48, "num_statements": 90, "percent_covered": 51.785714285714285, "percent_covered_display": "52", "missing_lines": 42, "excluded_lines": 0, "percent_statements_covered": 53.333333333333336, "percent_statements_covered_display": "53", "num_branches": 22, "num_partial_branches": 6, "covered_branches": 10, "missing_branches": 12, "percent_branches_covered": 45.45454545454545, "percent_branches_covered_display": "45"}, "missing_lines": [141, 158, 159, 162, 174, 194, 207, 218, 229, 242, 255, 268, 282, 295, 308, 321, 335, 348, 361, 374, 388, 401, 414, 427, 441, 454, 462, 475, 489, 502, 519, 520, 531, 532, 538, 539, 543, 544, 549, 550, 554, 555], "excluded_lines": [], "start_line": 88, "executed_branches": [[140, 143], [560, 561], [571, 572], [571, 577], [582, 583], [593, 594], [593, 599], [604, 605], [615, 616], [626, 627]], "missing_branches": [[140, 141], [158, 159], [158, 162], [538, 539], [538, 544], [549, 550], [549, 555], [560, 566], [582, 588], [604, 610], [615, 621], [626, 632]]}, "": {"executed_lines": [7, 9, 10, 11, 12, 14, 15, 21, 27, 31, 37, 41, 46, 55, 56, 85, 88, 100, 101, 103, 127, 128, 148, 149, 164, 165, 171, 172, 176, 185, 196, 209, 220, 231, 244, 257, 271, 284, 297, 310, 324, 337, 350, 363, 377, 390, 403, 416, 430, 443, 456, 464, 478, 491, 505, 522, 535, 536, 546, 547, 557, 558, 568, 569, 579, 580, 590, 591, 601, 602, 612, 613, 623, 624], "summary": {"covered_lines": 74, "num_statements": 74, "percent_covered": 100.0, "percent_covered_display": "100", "missing_lines": 0, "excluded_lines": 10, "percent_statements_covered": 100.0, "percent_statements_covered_display": "100", "num_branches": 0, "num_partial_branches": 0, "covered_branches": 0, "missing_branches": 0, "percent_branches_covered": 100.0, "percent_branches_covered_display": "100"}, "missing_lines": [], "excluded_lines": [58, 59, 62, 65, 68, 69, 72, 75, 78, 81], "start_line": 1, "executed_branches": [], "missing_branches": []}}}, "src\\backlog_manager\\presentation\\delegates\\dependency_indicator_delegate.py": {"executed_lines": [7, 8, 9, 11, 12, 19, 20, 21, 22, 25, 34, 40, 42, 108], "summary": {"covered_lines": 14, "num_statements": 43, "percent_covered": 27.45098039215686, "percent_covered_display": "27", "missing_lines": 29, "excluded_lines": 0, "percent_statements_covered": 32.55813953488372, "percent_statements_covered_display": "33", "num_branches": 8, "num_partial_branches": 0, "covered_branches": 0, "missing_branches": 8, "percent_branches_covered": 0.0, "percent_branches_covered_display": "0"}, "missing_lines": [52, 53, 54, 55, 56, 57, 60, 61, 63, 64, 65, 67, 69, 70, 73, 79, 80, 83, 84, 86, 87, 88, 89, 92, 93, 99, 100, 106, 118], "excluded_lines": [], "executed_branches": [], "missing_branches": [[55, 56], [55, 60], [60, 61], [60, 63], [64, 65], [64, 67], [67, 69], [67, 73]], "functions": {"DependencyIndicatorDelegate.__init__": {"executed_lines": [40], "summary": {"covered_lines": 1, "num_statements": 1, "percent_covered": 100.0, "percent_covered_display": "100", "missing_lines": 0, "excluded_lines": 0, "percent_statements_covered": 100.0, "percent_statements_covered_display": "100", "num_branches": 0, "num_partial_branches": 0, "covered_branches": 0, "missing_branches": 0, "percent_branches_covered": 100.0, "percent_branches_covered_display": "100"}, "missing_lines": [], "excluded_lines": [], "start_line": 34, "executed_branches": [], "missing_branches": []}, "DependencyIndicatorDelegate.paint": {"executed_lines": [], "summary": {"covered_lines": 0, "num_statements": 28, "percent_covered": 0.0, "percent_covered_display": "0", "missing_lines": 28, "excluded_lines": 0, "percent_statements_covered": 0.0, "percent_statements_covered_display": "0", "num_branches": 8, "num_partial_branches": 0, "covered_branches": 0, "missing_branches": 8, "percent_branches_covered": 0.0, "percent_branches_covered_display": "0"}, "missing_lines": [52, 53, 54, 55, 56, 57, 60, 61, 63, 64, 65, 67, 69, 70, 73, 79, 80, 83, 84, 86, 87, 88, 89, 92, 93, 99, 100, 106], "excluded_lines": [], "start_line": 42, "executed_branches": [], "missing_branches": [[55, 56], [55, 60], [60, 61], [60, 63], [64, 65], [64, 67], [67, 69], [67, 73]]}, "DependencyIndicatorDelegate.sizeHint": {"executed_lines": [], "summary": {"covered_lines": 0, "num_statements": 1, "percent_covered": 0.0, "percent_covered_display": "0", "missing_lines": 1, "excluded_lines": 0, "percent_statements_covered": 0.0, "percent_statements_covered_display": "0", "num_branches": 0, "num_partial_branches": 0, "covered_branches": 0, "missing_branches": 0, "percent_branches_covered": 100.0, "percent_branches_covered_display": "100"}, "missing_lines": [118], "excluded_lines": [], "start_line": 108, "executed_branches": [], "missing_branches": []}, "": {"executed_lines": [7, 8, 9, 11, 12, 19, 20, 21, 22, 25, 34, 42, 108], "summary": {"covered_lines": 13, "num_statements": 13, "percent_covered": 100.0, "percent_covered_display": "100", "missing_lines": 0, "excluded_lines": 0, "percent_statements_covered": 100.0, "percent_statements_covered_display": "100", "num_branches": 0, "num_partial_branches": 0, "covered_branches": 0, "missing_branches": 0, "percent_branches_covered": 100.0, "percent_branches_covered_display": "100"}, "missing_lines": [], "excluded_lines": [], "start_line": 1, "executed_branches": [], "missing_branches": []}}, "classes": {"DependencyIndicatorDelegate": {"executed_lines": [40], "summary": {"covered_lines": 1, "num_statements": 30, "percent_covered": 2.6315789473684212, "percent_covered_display": "3", "missing_lines": 29, "excluded_lines": 0, "percent_statements_covered": 3.3333333333333335, "percent_statements_covered_display": "3", "num_branches": 8, "num_partial_branches": 0, "covered_branches": 0, "missing_branches": 8, "percent_branches_covered": 0.0, "percent_branches_covered_display": "0"}, "missing_lines": [52, 53, 54, 55, 56, 57, 60, 61, 63, 64, 65, 67, 69, 70, 73, 79, 80, 83, 84, 86, 87, 88, 89, 92, 93, 99, 100, 106, 118], "excluded_lines": [], "start_line": 25, "executed_branches": [], "missing_branches": [[55, 56], [55, 60], [60, 61], [60, 63], [64, 65], [64, 67], [67, 69], [67, 73]]}, "": {"executed_lines": [7, 8, 9, 11, 12, 19, 20, 21, 22, 25, 34, 42, 108], "summary": {"covered_lines": 13, "num_statements": 13, "percent_covered": 100.0, "percent_covered_display": "100", "missing_lines": 0, "excluded_lines": 0, "percent_statements_covered": 100.0, "percent_statements_covered_display": "100", "num_branches": 0, "num_partial_branches": 0, "covered_branches": 0, "missing_branches": 0, "percent_branches_covered": 100.0, "percent_branches_covered_display": "100"}, "missing_lines": [], "excluded_lines": [], "start_line": 1, "executed_branches": [], "missing_branches": []}}}, "src\\backlog_manager\\presentation\\delegates\\monospace_delegate.py": {"executed_lines": [7, 8, 9, 11, 14, 29, 31, 37, 38, 40, 46, 48, 49, 50, 55, 66, 69, 70, 71, 72, 75, 88, 90, 96], "summary": {"covered_lines": 24, "num_statements": 29, "percent_covered": 80.0, "percent_covered_display": "80", "missing_lines": 5, "excluded_lines": 0, "percent_statements_covered": 82.75862068965517, "percent_statements_covered_display": "83", "num_branches": 6, "num_partial_branches": 2, "covered_branches": 4, "missing_branches": 2, "percent_branches_covered": 66.66666666666667, "percent_branches_covered_display": "67"}, "missing_lines": [53, 76, 77, 81, 85], "excluded_lines": [], "executed_branches": [[48, 49], [49, 48], [49, 50], [75, 88]], "missing_branches": [[48, 53], [75, 76]], "functions": {"MonospaceDelegate.__init__": {"executed_lines": [37, 38], "summary": {"covered_lines": 2, "num_statements": 2, "percent_covered": 100.0, "percent_covered_display": "100", "missing_lines": 0, "excluded_lines": 0, "percent_statements_covered": 100.0, "percent_statements_covered_display": "100", "num_branches": 0, "num_partial_branches": 0, "covered_branches": 0, "missing_branches": 0, "percent_branches_covered": 100.0, "percent_branches_covered_display": "100"}, "missing_lines": [], "excluded_lines": [], "start_line": 31, "executed_branches": [], "missing_branches": []}, "MonospaceDelegate._find_available_font": {"executed_lines": [46, 48, 49, 50], "summary": {"covered_lines": 4, "num_statements": 5, "percent_covered": 77.77777777777777, "percent_covered_display": "78", "missing_lines": 1, "excluded_lines": 0, "percent_statements_covered": 80.0, "percent_statements_covered_display": "80", "num_branches": 4, "num_partial_branches": 1, "covered_branches": 3, "missing_branches": 1, "percent_branches_covered": 75.0, "percent_branches_covered_display": "75"}, "missing_lines": [53], "excluded_lines": [], "start_line": 40, "executed_branches": [[48, 49], [49, 48], [49, 50]], "missing_branches": [[48, 53]]}, "MonospaceDelegate.paint": {"executed_lines": [66, 69, 70, 71, 72, 75, 88], "summary": {"covered_lines": 7, "num_statements": 11, "percent_covered": 61.53846153846154, "percent_covered_display": "62", "missing_lines": 4, "excluded_lines": 0, "percent_statements_covered": 63.63636363636363, "percent_statements_covered_display": "64", "num_branches": 2, "num_partial_branches": 1, "covered_branches": 1, "missing_branches": 1, "percent_branches_covered": 50.0, "percent_branches_covered_display": "50"}, "missing_lines": [76, 77, 81, 85], "excluded_lines": [], "start_line": 55, "executed_branches": [[75, 88]], "missing_branches": [[75, 76]]}, "MonospaceDelegate.get_font_family": {"executed_lines": [96], "summary": {"covered_lines": 1, "num_statements": 1, "percent_covered": 100.0, "percent_covered_display": "100", "missing_lines": 0, "excluded_lines": 0, "percent_statements_covered": 100.0, "percent_statements_covered_display": "100", "num_branches": 0, "num_partial_branches": 0, "covered_branches": 0, "missing_branches": 0, "percent_branches_covered": 100.0, "percent_branches_covered_display": "100"}, "missing_lines": [], "excluded_lines": [], "start_line": 90, "executed_branches": [], "missing_branches": []}, "": {"executed_lines": [7, 8, 9, 11, 14, 29, 31, 40, 55, 90], "summary": {"covered_lines": 10, "num_statements": 10, "percent_covered": 100.0, "percent_covered_display": "100", "missing_lines": 0, "excluded_lines": 0, "percent_statements_covered": 100.0, "percent_statements_covered_display": "100", "num_branches": 0, "num_partial_branches": 0, "covered_branches": 0, "missing_branches": 0, "percent_branches_covered": 100.0, "percent_branches_covered_display": "100"}, "missing_lines": [], "excluded_lines": [], "start_line": 1, "executed_branches": [], "missing_branches": []}}, "classes": {"MonospaceDelegate": {"executed_lines": [37, 38, 46, 48, 49, 50, 66, 69, 70, 71, 72, 75, 88, 96], "summary": {"covered_lines": 14, "num_statements": 19, "percent_covered": 72.0, "percent_covered_display": "72", "missing_lines": 5, "excluded_lines": 0, "percent_statements_covered": 73.6842105263158, "percent_statements_covered_display": "74", "num_branches": 6, "num_partial_branches": 2, "covered_branches": 4, "missing_branches": 2, "percent_branches_covered": 66.66666666666667, "percent_branches_covered_display": "67"}, "missing_lines": [53, 76, 77, 81, 85], "excluded_lines": [], "start_line": 14, "executed_branches": [[48, 49], [49, 48], [49, 50], [75, 88]], "missing_branches": [[48, 53], [75, 76]]}, "": {"executed_lines": [7, 8, 9, 11, 14, 29, 31, 40, 55, 90], "summary": {"covered_lines": 10, "num_statements": 10, "percent_covered": 100.0, "percent_covered_display": "100", "missing_lines": 0, "excluded_lines": 0, "percent_statements_covered": 100.0, "percent_statements_covered_display": "100", "num_branches": 0, "num_partial_branches": 0, "covered_branches": 0, "missing_branches": 0, "percent_branches_covered": 100.0, "percent_branches_covered_display": "100"}, "missing_lines": [], "excluded_lines": [], "start_line": 1, "executed_branches": [], "missing_branches": []}}}, "src\\backlog_manager\\presentation\\delegates\\status_badge_delegate.py": {"executed_lines": [7, 9, 10, 11, 20, 21, 28, 44, 45, 46, 47, 48, 50, 56, 57, 63, 73, 74, 76, 77, 78, 79, 82, 85, 88, 91, 92, 93, 96, 99, 102, 105, 107, 121, 123, 124, 125, 127, 128, 130, 131, 134, 135, 137, 139, 149, 152, 153, 154, 157, 159, 177, 178, 181, 182, 183, 184, 187, 188, 190, 200, 202, 213, 223], "summary": {"covered_lines": 64, "num_statements": 82, "percent_covered": 70.83333333333333, "percent_covered_display": "71", "missing_lines": 18, "excluded_lines": 0, "percent_statements_covered": 78.04878048780488, "percent_statements_covered_display": "78", "num_branches": 14, "num_partial_branches": 2, "covered_branches": 4, "missing_branches": 10, "percent_branches_covered": 28.571428571428573, "percent_branches_covered_display": "29"}, "missing_lines": [89, 206, 207, 208, 209, 210, 211, 215, 216, 217, 218, 219, 220, 221, 227, 228, 229, 230], "excluded_lines": [], "executed_branches": [[77, 78], [77, 82], [88, 91], [92, 93]], "missing_branches": [[88, 89], [92, 96], [207, 208], [207, 209], [217, 218], [217, 221], [219, 220], [219, 221], [229, -223], [229, 230]], "functions": {"StatusBadgeDelegate.__init__": {"executed_lines": [56, 57], "summary": {"covered_lines": 2, "num_statements": 2, "percent_covered": 100.0, "percent_covered_display": "100", "missing_lines": 0, "excluded_lines": 0, "percent_statements_covered": 100.0, "percent_statements_covered_display": "100", "num_branches": 0, "num_partial_branches": 0, "covered_branches": 0, "missing_branches": 0, "percent_branches_covered": 100.0, "percent_branches_covered_display": "100"}, "missing_lines": [], "excluded_lines": [], "start_line": 50, "executed_branches": [], "missing_branches": []}, "StatusBadgeDelegate.paint": {"executed_lines": [73, 74, 76, 77, 78, 79, 82, 85, 88, 91, 92, 93, 96, 99, 102, 105], "summary": {"covered_lines": 16, "num_statements": 17, "percent_covered": 86.95652173913044, "percent_covered_display": "87", "missing_lines": 1, "excluded_lines": 0, "percent_statements_covered": 94.11764705882354, "percent_statements_covered_display": "94", "num_branches": 6, "num_partial_branches": 2, "covered_branches": 4, "missing_branches": 2, "percent_branches_covered": 66.66666666666667, "percent_branches_covered_display": "67"}, "missing_lines": [89], "excluded_lines": [], "start_line": 63, "executed_branches": [[77, 78], [77, 82], [88, 91], [92, 93]], "missing_branches": [[88, 89], [92, 96]]}, "StatusBadgeDelegate._calculate_badge_rect": {"executed_lines": [121, 123, 124, 125, 127, 128, 130, 131, 134, 135, 137], "summary": {"covered_lines": 11, "num_statements": 11, "percent_covered": 100.0, "percent_covered_display": "100", "missing_lines": 0, "excluded_lines": 0, "percent_statements_covered": 100.0, "percent_statements_covered_display": "100", "num_branches": 0, "num_partial_branches": 0, "covered_branches": 0, "missing_branches": 0, "percent_branches_covered": 100.0, "percent_branches_covered_display": "100"}, "missing_lines": [], "excluded_lines": [], "start_line": 107, "executed_branches": [], "missing_branches": []}, "StatusBadgeDelegate._draw_badge_background": {"executed_lines": [149, 152, 153, 154, 157], "summary": {"covered_lines": 5, "num_statements": 5, "percent_covered": 100.0, "percent_covered_display": "100", "missing_lines": 0, "excluded_lines": 0, "percent_statements_covered": 100.0, "percent_statements_covered_display": "100", "num_branches": 0, "num_partial_branches": 0, "covered_branches": 0, "missing_branches": 0, "percent_branches_covered": 100.0, "percent_branches_covered_display": "100"}, "missing_lines": [], "excluded_lines": [], "start_line": 139, "executed_branches": [], "missing_branches": []}, "StatusBadgeDelegate._draw_badge_content": {"executed_lines": [177, 178, 181, 182, 183, 184, 187, 188], "summary": {"covered_lines": 8, "num_statements": 8, "percent_covered": 100.0, "percent_covered_display": "100", "missing_lines": 0, "excluded_lines": 0, "percent_statements_covered": 100.0, "percent_statements_covered_display": "100", "num_branches": 0, "num_partial_branches": 0, "covered_branches": 0, "missing_branches": 0, "percent_branches_covered": 100.0, "percent_branches_covered_display": "100"}, "missing_lines": [], "excluded_lines": [], "start_line": 159, "executed_branches": [], "missing_branches": []}, "StatusBadgeDelegate.sizeHint": {"executed_lines": [200], "summary": {"covered_lines": 1, "num_statements": 1, "percent_covered": 100.0, "percent_covered_display": "100", "missing_lines": 0, "excluded_lines": 0, "percent_statements_covered": 100.0, "percent_statements_covered_display": "100", "num_branches": 0, "num_partial_branches": 0, "covered_branches": 0, "missing_branches": 0, "percent_branches_covered": 100.0, "percent_branches_covered_display": "100"}, "missing_lines": [], "excluded_lines": [], "start_line": 190, "executed_branches": [], "missing_branches": []}, "StatusBadgeDelegate.createEditor": {"executed_lines": [], "summary": {"covered_lines": 0, "num_statements": 6, "percent_covered": 0.0, "percent_covered_display": "0", "missing_lines": 6, "excluded_lines": 0, "percent_statements_covered": 0.0, "percent_statements_covered_display": "0", "num_branches": 2, "num_partial_branches": 0, "covered_branches": 0, "missing_branches": 2, "percent_branches_covered": 0.0, "percent_branches_covered_display": "0"}, "missing_lines": [206, 207, 208, 209, 210, 211], "excluded_lines": [], "start_line": 202, "executed_branches": [], "missing_branches": [[207, 208], [207, 209]]}, "StatusBadgeDelegate.setEditorData": {"executed_lines": [], "summary": {"covered_lines": 0, "num_statements": 7, "percent_covered": 0.0, "percent_covered_display": "0", "missing_lines": 7, "excluded_lines": 0, "percent_statements_covered": 0.0, "percent_statements_covered_display": "0", "num_branches": 4, "num_partial_branches": 0, "covered_branches": 0, "missing_branches": 4, "percent_branches_covered": 0.0, "percent_branches_covered_display": "0"}, "missing_lines": [215, 216, 217, 218, 219, 220, 221], "excluded_lines": [], "start_line": 213, "executed_branches": [], "missing_branches": [[217, 218], [217, 221], [219, 220], [219, 221]]}, "StatusBadgeDelegate.setModelData": {"executed_lines": [], "summary": {"covered_lines": 0, "num_statements": 4, "percent_covered": 0.0, "percent_covered_display": "0", "missing_lines": 4, "excluded_lines": 0, "percent_statements_covered": 0.0, "percent_statements_covered_display": "0", "num_branches": 2, "num_partial_branches": 0, "covered_branches": 0, "missing_branches": 2, "percent_branches_covered": 0.0, "percent_branches_covered_display": "0"}, "missing_lines": [227, 228, 229, 230], "excluded_lines": [], "start_line": 223, "executed_branches": [], "missing_branches": [[229, -223], [229, 230]]}, "": {"executed_lines": [7, 9, 10, 11, 20, 21, 28, 44, 45, 46, 47, 48, 50, 63, 107, 139, 159, 190, 202, 213, 223], "summary": {"covered_lines": 21, "num_statements": 21, "percent_covered": 100.0, "percent_covered_display": "100", "missing_lines": 0, "excluded_lines": 0, "percent_statements_covered": 100.0, "percent_statements_covered_display": "100", "num_branches": 0, "num_partial_branches": 0, "covered_branches": 0, "missing_branches": 0, "percent_branches_covered": 100.0, "percent_branches_covered_display": "100"}, "missing_lines": [], "excluded_lines": [], "start_line": 1, "executed_branches": [], "missing_branches": []}}, "classes": {"StatusBadgeDelegate": {"executed_lines": [56, 57, 73, 74, 76, 77, 78, 79, 82, 85, 88, 91, 92, 93, 96, 99, 102, 105, 121, 123, 124, 125, 127, 128, 130, 131, 134, 135, 137, 149, 152, 153, 154, 157, 177, 178, 181, 182, 183, 184, 187, 188, 200], "summary": {"covered_lines": 43, "num_statements": 61, "percent_covered": 62.666666666666664, "percent_covered_display": "63", "missing_lines": 18, "excluded_lines": 0, "percent_statements_covered": 70.49180327868852, "percent_statements_covered_display": "70", "num_branches": 14, "num_partial_branches": 2, "covered_branches": 4, "missing_branches": 10, "percent_branches_covered": 28.571428571428573, "percent_branches_covered_display": "29"}, "missing_lines": [89, 206, 207, 208, 209, 210, 211, 215, 216, 217, 218, 219, 220, 221, 227, 228, 229, 230], "excluded_lines": [], "start_line": 28, "executed_branches": [[77, 78], [77, 82], [88, 91], [92, 93]], "missing_branches": [[88, 89], [92, 96], [207, 208], [207, 209], [217, 218], [217, 221], [219, 220], [219, 221], [229, -223], [229, 230]]}, "": {"executed_lines": [7, 9, 10, 11, 20, 21, 28, 44, 45, 46, 47, 48, 50, 63, 107, 139, 159, 190, 202, 213, 223], "summary": {"covered_lines": 21, "num_statements": 21, "percent_covered": 100.0, "percent_covered_display": "100", "missing_lines": 0, "excluded_lines": 0, "percent_statements_covered": 100.0, "percent_statements_covered_display": "100", "num_branches": 0, "num_partial_branches": 0, "covered_branches": 0, "missing_branches": 0, "percent_branches_covered": 100.0, "percent_branches_covered_display": "100"}, "missing_lines": [], "excluded_lines": [], "start_line": 1, "executed_branches": [], "missing_branches": []}}}, "src\\backlog_manager\\presentation\\theme\\theme.py": {"executed_lines": [7, 8, 10, 16, 98, 99, 121, 138, 151, 185, 207, 208, 209, 210, 211, 219, 228, 229, 236, 248, 249, 250, 251, 252, 254, 255, 256, 258, 261, 280, 281, 283, 284, 286, 287, 289, 296, 316, 326, 333, 334, 335, 336, 337, 339, 341, 342, 343, 344, 348, 362, 367, 370, 379, 380, 381, 385, 388], "summary": {"covered_lines": 58, "num_statements": 60, "percent_covered": 95.83333333333333, "percent_covered_display": "96", "missing_lines": 2, "excluded_lines": 0, "percent_statements_covered": 96.66666666666667, "percent_statements_covered_display": "97", "num_branches": 12, "num_partial_branches": 1, "covered_branches": 11, "missing_branches": 1, "percent_branches_covered": 91.66666666666667, "percent_branches_covered_display": "92"}, "missing_lines": [346, 394], "excluded_lines": [], "executed_branches": [[209, 210], [209, 211], [250, 251], [250, 252], [334, 335], [334, 336], [341, -339], [341, 342], [343, 344], [379, 380], [379, 381]], "missing_branches": [[343, 346]], "functions": {"apply_theme": {"executed_lines": [207, 208, 209, 210, 211], "summary": {"covered_lines": 5, "num_statements": 5, "percent_covered": 100.0, "percent_covered_display": "100", "missing_lines": 0, "excluded_lines": 0, "percent_statements_covered": 100.0, "percent_statements_covered_display": "100", "num_branches": 2, "num_partial_branches": 0, "covered_branches": 2, "missing_branches": 0, "percent_branches_covered": 100.0, "percent_branches_covered_display": "100"}, "missing_lines": [], "excluded_lines": [], "start_line": 185, "executed_branches": [[209, 210], [209, 211]], "missing_branches": []}, "_hex_to_rgb": {"executed_lines": [228, 229], "summary": {"covered_lines": 2, "num_statements": 2, "percent_covered": 100.0, "percent_covered_display": "100", "missing_lines": 0, "excluded_lines": 0, "percent_statements_covered": 100.0, "percent_statements_covered_display": "100", "num_branches": 0, "num_partial_branches": 0, "covered_branches": 0, "missing_branches": 0, "percent_branches_covered": 100.0, "percent_branches_covered_display": "100"}, "missing_lines": [], "excluded_lines": [], "start_line": 219, "executed_branches": [], "missing_branches": []}, "_relative_luminance": {"executed_lines": [248, 254, 255, 256, 258], "summary": {"covered_lines": 5, "num_statements": 5, "percent_covered": 100.0, "percent_covered_display": "100", "missing_lines": 0, "excluded_lines": 0, "percent_statements_covered": 100.0, "percent_statements_covered_display": "100", "num_branches": 0, "num_partial_branches": 0, "covered_branches": 0, "missing_branches": 0, "percent_branches_covered": 100.0, "percent_branches_covered_display": "100"}, "missing_lines": [], "excluded_lines": [], "start_line": 236, "executed_branches": [], "missing_branches": []}, "_relative_luminance._srgb_to_linear": {"executed_lines": [249, 250, 251, 252], "summary": {"covered_lines": 4, "num_statements": 4, "percent_covered": 100.0, "percent_covered_display": "100", "missing_lines": 0, "excluded_lines": 0, "percent_statements_covered": 100.0, "percent_statements_covered_display": "100", "num_branches": 2, "num_partial_branches": 0, "covered_branches": 2, "missing_branches": 0, "percent_branches_covered": 100.0, "percent_branches_covered_display": "100"}, "missing_lines": [], "excluded_lines": [], "start_line": 248, "executed_branches": [[250, 251], [250, 252]], "missing_branches": []}, "calculate_contrast_ratio": {"executed_lines": [280, 281, 283, 284, 286, 287, 289], "summary": {"covered_lines": 7, "num_statements": 7, "percent_covered": 100.0, "percent_covered_display": "100", "missing_lines": 0, "excluded_lines": 0, "percent_statements_covered": 100.0, "percent_statements_covered_display": "100", "num_branches": 0, "num_partial_branches": 0, "covered_branches": 0, "missing_branches": 0, "percent_branches_covered": 100.0, "percent_branches_covered_display": "100"}, "missing_lines": [], "excluded_lines": [], "start_line": 261, "executed_branches": [], "missing_branches": []}, "IconManager.__init__": {"executed_lines": [333, 334, 335, 336, 337], "summary": {"covered_lines": 5, "num_statements": 5, "percent_covered": 100.0, "percent_covered_display": "100", "missing_lines": 0, "excluded_lines": 0, "percent_statements_covered": 100.0, "percent_statements_covered_display": "100", "num_branches": 2, "num_partial_branches": 0, "covered_branches": 2, "missing_branches": 0, "percent_branches_covered": 100.0, "percent_branches_covered_display": "100"}, "missing_lines": [], "excluded_lines": [], "start_line": 326, "executed_branches": [[334, 335], [334, 336]], "missing_branches": []}, "IconManager._load_all": {"executed_lines": [341, 342, 343, 344], "summary": {"covered_lines": 4, "num_statements": 5, "percent_covered": 77.77777777777777, "percent_covered_display": "78", "missing_lines": 1, "excluded_lines": 0, "percent_statements_covered": 80.0, "percent_statements_covered_display": "80", "num_branches": 4, "num_partial_branches": 1, "covered_branches": 3, "missing_branches": 1, "percent_branches_covered": 75.0, "percent_branches_covered_display": "75"}, "missing_lines": [346], "excluded_lines": [], "start_line": 339, "executed_branches": [[341, -339], [341, 342], [343, 344]], "missing_branches": [[343, 346]]}, "IconManager.get": {"executed_lines": [362], "summary": {"covered_lines": 1, "num_statements": 1, "percent_covered": 100.0, "percent_covered_display": "100", "missing_lines": 0, "excluded_lines": 0, "percent_statements_covered": 100.0, "percent_statements_covered_display": "100", "num_branches": 0, "num_partial_branches": 0, "covered_branches": 0, "missing_branches": 0, "percent_branches_covered": 100.0, "percent_branches_covered_display": "100"}, "missing_lines": [], "excluded_lines": [], "start_line": 348, "executed_branches": [], "missing_branches": []}, "get_icon_manager": {"executed_lines": [379, 380, 381], "summary": {"covered_lines": 3, "num_statements": 3, "percent_covered": 100.0, "percent_covered_display": "100", "missing_lines": 0, "excluded_lines": 0, "percent_statements_covered": 100.0, "percent_statements_covered_display": "100", "num_branches": 2, "num_partial_branches": 0, "covered_branches": 2, "missing_branches": 0, "percent_branches_covered": 100.0, "percent_branches_covered_display": "100"}, "missing_lines": [], "excluded_lines": [], "start_line": 370, "executed_branches": [[379, 380], [379, 381]], "missing_branches": []}, "_initialize_icon_manager": {"executed_lines": [], "summary": {"covered_lines": 0, "num_statements": 1, "percent_covered": 0.0, "percent_covered_display": "0", "missing_lines": 1, "excluded_lines": 0, "percent_statements_covered": 0.0, "percent_statements_covered_display": "0", "num_branches": 0, "num_partial_branches": 0, "covered_branches": 0, "missing_branches": 0, "percent_branches_covered": 100.0, "percent_branches_covered_display": "100"}, "missing_lines": [394], "excluded_lines": [], "start_line": 388, "executed_branches": [], "missing_branches": []}, "": {"executed_lines": [7, 8, 10, 16, 98, 99, 121, 138, 151, 185, 219, 236, 261, 296, 316, 326, 339, 348, 367, 370, 385, 388], "summary": {"covered_lines": 22, "num_statements": 22, "percent_covered": 100.0, "percent_covered_display": "100", "missing_lines": 0, "excluded_lines": 0, "percent_statements_covered": 100.0, "percent_statements_covered_display": "100", "num_branches": 0, "num_partial_branches": 0, "covered_branches": 0, "missing_branches": 0, "percent_branches_covered": 100.0, "percent_branches_covered_display": "100"}, "missing_lines": [], "excluded_lines": [], "start_line": 1, "executed_branches": [], "missing_branches": []}}, "classes": {"StatusConfig": {"executed_lines": [], "summary": {"covered_lines": 0, "num_statements": 0, "percent_covered": 100.0, "percent_covered_display": "100", "missing_lines": 0, "excluded_lines": 0, "percent_statements_covered": 100.0, "percent_statements_covered_display": "100", "num_branches": 0, "num_partial_branches": 0, "covered_branches": 0, "missing_branches": 0, "percent_branches_covered": 100.0, "percent_branches_covered_display": "100"}, "missing_lines": [], "excluded_lines": [], "start_line": 99, "executed_branches": [], "missing_branches": []}, "IconManager": {"executed_lines": [333, 334, 335, 336, 337, 341, 342, 343, 344, 362], "summary": {"covered_lines": 10, "num_statements": 11, "percent_covered": 88.23529411764706, "percent_covered_display": "88", "missing_lines": 1, "excluded_lines": 0, "percent_statements_covered": 90.9090909090909, "percent_statements_covered_display": "91", "num_branches": 6, "num_partial_branches": 1, "covered_branches": 5, "missing_branches": 1, "percent_branches_covered": 83.33333333333333, "percent_branches_covered_display": "83"}, "missing_lines": [346], "excluded_lines": [], "start_line": 316, "executed_branches": [[334, 335], [334, 336], [341, -339], [341, 342], [343, 344]], "missing_branches": [[343, 346]]}, "": {"executed_lines": [7, 8, 10, 16, 98, 99, 121, 138, 151, 185, 207, 208, 209, 210, 211, 219, 228, 229, 236, 248, 249, 250, 251, 252, 254, 255, 256, 258, 261, 280, 281, 283, 284, 286, 287, 289, 296, 316, 326, 339, 348, 367, 370, 379, 380, 381, 385, 388], "summary": {"covered_lines": 48, "num_statements": 49, "percent_covered": 98.18181818181819, "percent_covered_display": "98", "missing_lines": 1, "excluded_lines": 0, "percent_statements_covered": 97.95918367346938, "percent_statements_covered_display": "98", "num_branches": 6, "num_partial_branches": 0, "covered_branches": 6, "missing_branches": 0, "percent_branches_covered": 100.0, "percent_branches_covered_display": "100"}, "missing_lines": [394], "excluded_lines": [], "start_line": 1, "executed_branches": [[209, 210], [209, 211], [250, 251], [250, 252], [379, 380], [379, 381]], "missing_branches": []}}}, "src\\backlog_manager\\presentation\\viewmodels\\allocation_viewmodel.py": {"executed_lines": [7, 9, 10, 11, 12, 14, 16, 21, 26, 29, 42, 43, 44, 45, 46, 48, 54, 55, 57, 58, 59, 61, 63, 64, 70, 72, 73, 79, 81, 82, 88, 90, 96, 98, 116, 117, 118, 120, 121, 122, 129, 130, 137, 138, 139, 141, 142, 144, 145, 147, 153, 155, 159, 160, 161, 162, 163, 164, 165, 166, 167, 168, 170, 172, 174, 175, 176], "summary": {"covered_lines": 67, "num_statements": 70, "percent_covered": 95.83333333333333, "percent_covered_display": "96", "missing_lines": 3, "excluded_lines": 2, "percent_statements_covered": 95.71428571428571, "percent_statements_covered_display": "96", "num_branches": 2, "num_partial_branches": 0, "covered_branches": 2, "missing_branches": 0, "percent_branches_covered": 100.0, "percent_branches_covered_display": "100"}, "missing_lines": [156, 157, 158], "excluded_lines": [23, 24], "executed_branches": [[116, 117], [116, 120]], "missing_branches": [], "functions": {"AllocationViewModel.__init__": {"executed_lines": [54, 55, 57, 58, 59, 61], "summary": {"covered_lines": 6, "num_statements": 6, "percent_covered": 100.0, "percent_covered_display": "100", "missing_lines": 0, "excluded_lines": 0, "percent_statements_covered": 100.0, "percent_statements_covered_display": "100", "num_branches": 0, "num_partial_branches": 0, "covered_branches": 0, "missing_branches": 0, "percent_branches_covered": 100.0, "percent_branches_covered_display": "100"}, "missing_lines": [], "excluded_lines": [], "start_line": 48, "executed_branches": [], "missing_branches": []}, "AllocationViewModel.is_running": {"executed_lines": [70], "summary": {"covered_lines": 1, "num_statements": 1, "percent_covered": 100.0, "percent_covered_display": "100", "missing_lines": 0, "excluded_lines": 0, "percent_statements_covered": 100.0, "percent_statements_covered_display": "100", "num_branches": 0, "num_partial_branches": 0, "covered_branches": 0, "missing_branches": 0, "percent_branches_covered": 100.0, "percent_branches_covered_display": "100"}, "missing_lines": [], "excluded_lines": [], "start_line": 64, "executed_branches": [], "missing_branches": []}, "AllocationViewModel.last_metrics": {"executed_lines": [79], "summary": {"covered_lines": 1, "num_statements": 1, "percent_covered": 100.0, "percent_covered_display": "100", "missing_lines": 0, "excluded_lines": 0, "percent_statements_covered": 100.0, "percent_statements_covered_display": "100", "num_branches": 0, "num_partial_branches": 0, "covered_branches": 0, "missing_branches": 0, "percent_branches_covered": 100.0, "percent_branches_covered_display": "100"}, "missing_lines": [], "excluded_lines": [], "start_line": 73, "executed_branches": [], "missing_branches": []}, "AllocationViewModel.last_warnings": {"executed_lines": [88], "summary": {"covered_lines": 1, "num_statements": 1, "percent_covered": 100.0, "percent_covered_display": "100", "missing_lines": 0, "excluded_lines": 0, "percent_statements_covered": 100.0, "percent_statements_covered_display": "100", "num_branches": 0, "num_partial_branches": 0, "covered_branches": 0, "missing_branches": 0, "percent_branches_covered": 100.0, "percent_branches_covered_display": "100"}, "missing_lines": [], "excluded_lines": [], "start_line": 82, "executed_branches": [], "missing_branches": []}, "AllocationViewModel.can_execute": {"executed_lines": [96], "summary": {"covered_lines": 1, "num_statements": 1, "percent_covered": 100.0, "percent_covered_display": "100", "missing_lines": 0, "excluded_lines": 0, "percent_statements_covered": 100.0, "percent_statements_covered_display": "100", "num_branches": 0, "num_partial_branches": 0, "covered_branches": 0, "missing_branches": 0, "percent_branches_covered": 100.0, "percent_branches_covered_display": "100"}, "missing_lines": [], "excluded_lines": [], "start_line": 90, "executed_branches": [], "missing_branches": []}, "AllocationViewModel.execute": {"executed_lines": [116, 117, 118, 120, 121, 122, 129, 130, 137, 138, 139, 141, 142, 144, 145, 147, 153, 155, 159, 160, 161, 162, 163, 164, 165, 166, 167, 168, 170], "summary": {"covered_lines": 29, "num_statements": 32, "percent_covered": 91.17647058823529, "percent_covered_display": "91", "missing_lines": 3, "excluded_lines": 0, "percent_statements_covered": 90.625, "percent_statements_covered_display": "91", "num_branches": 2, "num_partial_branches": 0, "covered_branches": 2, "missing_branches": 0, "percent_branches_covered": 100.0, "percent_branches_covered_display": "100"}, "missing_lines": [156, 157, 158], "excluded_lines": [], "start_line": 98, "executed_branches": [[116, 117], [116, 120]], "missing_branches": []}, "AllocationViewModel.clear_results": {"executed_lines": [174, 175, 176], "summary": {"covered_lines": 3, "num_statements": 3, "percent_covered": 100.0, "percent_covered_display": "100", "missing_lines": 0, "excluded_lines": 0, "percent_statements_covered": 100.0, "percent_statements_covered_display": "100", "num_branches": 0, "num_partial_branches": 0, "covered_branches": 0, "missing_branches": 0, "percent_branches_covered": 100.0, "percent_branches_covered_display": "100"}, "missing_lines": [], "excluded_lines": [], "start_line": 172, "executed_branches": [], "missing_branches": []}, "": {"executed_lines": [7, 9, 10, 11, 12, 14, 16, 21, 26, 29, 42, 43, 44, 45, 46, 48, 63, 64, 72, 73, 81, 82, 90, 98, 172], "summary": {"covered_lines": 25, "num_statements": 25, "percent_covered": 100.0, "percent_covered_display": "100", "missing_lines": 0, "excluded_lines": 2, "percent_statements_covered": 100.0, "percent_statements_covered_display": "100", "num_branches": 0, "num_partial_branches": 0, "covered_branches": 0, "missing_branches": 0, "percent_branches_covered": 100.0, "percent_branches_covered_display": "100"}, "missing_lines": [], "excluded_lines": [23, 24], "start_line": 1, "executed_branches": [], "missing_branches": []}}, "classes": {"AllocationViewModel": {"executed_lines": [54, 55, 57, 58, 59, 61, 70, 79, 88, 96, 116, 117, 118, 120, 121, 122, 129, 130, 137, 138, 139, 141, 142, 144, 145, 147, 153, 155, 159, 160, 161, 162, 163, 164, 165, 166, 167, 168, 170, 174, 175, 176], "summary": {"covered_lines": 42, "num_statements": 45, "percent_covered": 93.61702127659575, "percent_covered_display": "94", "missing_lines": 3, "excluded_lines": 0, "percent_statements_covered": 93.33333333333333, "percent_statements_covered_display": "93", "num_branches": 2, "num_partial_branches": 0, "covered_branches": 2, "missing_branches": 0, "percent_branches_covered": 100.0, "percent_branches_covered_display": "100"}, "missing_lines": [156, 157, 158], "excluded_lines": [], "start_line": 29, "executed_branches": [[116, 117], [116, 120]], "missing_branches": []}, "": {"executed_lines": [7, 9, 10, 11, 12, 14, 16, 21, 26, 29, 42, 43, 44, 45, 46, 48, 63, 64, 72, 73, 81, 82, 90, 98, 172], "summary": {"covered_lines": 25, "num_statements": 25, "percent_covered": 100.0, "percent_covered_display": "100", "missing_lines": 0, "excluded_lines": 2, "percent_statements_covered": 100.0, "percent_statements_covered_display": "100", "num_branches": 0, "num_partial_branches": 0, "covered_branches": 0, "missing_branches": 0, "percent_branches_covered": 100.0, "percent_branches_covered_display": "100"}, "missing_lines": [], "excluded_lines": [23, 24], "start_line": 1, "executed_branches": [], "missing_branches": []}}}, "src\\backlog_manager\\presentation\\viewmodels\\config_dialog_viewmodel.py": {"executed_lines": [6, 8, 9, 10, 12, 17, 20, 31, 32, 34, 41, 42, 44, 45, 46, 48, 49, 51, 52, 54, 56, 57, 59, 61, 62, 64, 66, 67, 69, 71, 72, 74, 76, 77, 79, 81, 87, 88, 89, 90, 91, 93, 95, 102, 104, 105, 108, 109, 110, 111, 112, 113, 114, 115, 118, 119, 120, 121, 122, 123, 126, 127, 128, 129, 130, 131, 132, 133, 135, 136, 143, 145, 146, 147, 148, 149, 150, 151, 153, 158, 159, 160, 161, 163, 164, 165], "summary": {"covered_lines": 86, "num_statements": 86, "percent_covered": 100.0, "percent_covered_display": "100", "missing_lines": 0, "excluded_lines": 2, "percent_statements_covered": 100.0, "percent_statements_covered_display": "100", "num_branches": 16, "num_partial_branches": 0, "covered_branches": 16, "missing_branches": 0, "percent_branches_covered": 100.0, "percent_branches_covered_display": "100"}, "missing_lines": [], "excluded_lines": [14, 15], "executed_branches": [[87, 88], [87, 89], [89, 90], [89, 91], [110, 111], [110, 118], [112, 113], [112, 118], [120, 121], [120, 126], [128, 129], [128, 135], [130, 131], [130, 135], [159, 160], [159, 163]], "missing_branches": [], "functions": {"ConfigDialogViewModel.__init__": {"executed_lines": [41, 42, 44, 45, 46, 48, 49], "summary": {"covered_lines": 7, "num_statements": 7, "percent_covered": 100.0, "percent_covered_display": "100", "missing_lines": 0, "excluded_lines": 0, "percent_statements_covered": 100.0, "percent_statements_covered_display": "100", "num_branches": 0, "num_partial_branches": 0, "covered_branches": 0, "missing_branches": 0, "percent_branches_covered": 100.0, "percent_branches_covered_display": "100"}, "missing_lines": [], "excluded_lines": [], "start_line": 34, "executed_branches": [], "missing_branches": []}, "ConfigDialogViewModel.velocity": {"executed_lines": [59], "summary": {"covered_lines": 1, "num_statements": 1, "percent_covered": 100.0, "percent_covered_display": "100", "missing_lines": 0, "excluded_lines": 0, "percent_statements_covered": 100.0, "percent_statements_covered_display": "100", "num_branches": 0, "num_partial_branches": 0, "covered_branches": 0, "missing_branches": 0, "percent_branches_covered": 100.0, "percent_branches_covered_display": "100"}, "missing_lines": [], "excluded_lines": [], "start_line": 57, "executed_branches": [], "missing_branches": []}, "ConfigDialogViewModel.start_date": {"executed_lines": [69], "summary": {"covered_lines": 1, "num_statements": 1, "percent_covered": 100.0, "percent_covered_display": "100", "missing_lines": 0, "excluded_lines": 0, "percent_statements_covered": 100.0, "percent_statements_covered_display": "100", "num_branches": 0, "num_partial_branches": 0, "covered_branches": 0, "missing_branches": 0, "percent_branches_covered": 100.0, "percent_branches_covered_display": "100"}, "missing_lines": [], "excluded_lines": [], "start_line": 67, "executed_branches": [], "missing_branches": []}, "ConfigDialogViewModel.max_idle_days": {"executed_lines": [79], "summary": {"covered_lines": 1, "num_statements": 1, "percent_covered": 100.0, "percent_covered_display": "100", "missing_lines": 0, "excluded_lines": 0, "percent_statements_covered": 100.0, "percent_statements_covered_display": "100", "num_branches": 0, "num_partial_branches": 0, "covered_branches": 0, "missing_branches": 0, "percent_branches_covered": 100.0, "percent_branches_covered_display": "100"}, "missing_lines": [], "excluded_lines": [], "start_line": 77, "executed_branches": [], "missing_branches": []}, "ConfigDialogViewModel.validate": {"executed_lines": [87, 88, 89, 90, 91], "summary": {"covered_lines": 5, "num_statements": 5, "percent_covered": 100.0, "percent_covered_display": "100", "missing_lines": 0, "excluded_lines": 0, "percent_statements_covered": 100.0, "percent_statements_covered_display": "100", "num_branches": 4, "num_partial_branches": 0, "covered_branches": 4, "missing_branches": 0, "percent_branches_covered": 100.0, "percent_branches_covered_display": "100"}, "missing_lines": [], "excluded_lines": [], "start_line": 81, "executed_branches": [[87, 88], [87, 89], [89, 90], [89, 91]], "missing_branches": []}, "ConfigDialogViewModel._get_qsettings": {"executed_lines": [95], "summary": {"covered_lines": 1, "num_statements": 1, "percent_covered": 100.0, "percent_covered_display": "100", "missing_lines": 0, "excluded_lines": 0, "percent_statements_covered": 100.0, "percent_statements_covered_display": "100", "num_branches": 0, "num_partial_branches": 0, "covered_branches": 0, "missing_branches": 0, "percent_branches_covered": 100.0, "percent_branches_covered_display": "100"}, "missing_lines": [], "excluded_lines": [], "start_line": 93, "executed_branches": [], "missing_branches": []}, "ConfigDialogViewModel._load_from_qsettings": {"executed_lines": [104, 105, 108, 109, 110, 111, 112, 113, 114, 115, 118, 119, 120, 121, 122, 123, 126, 127, 128, 129, 130, 131, 132, 133, 135, 136], "summary": {"covered_lines": 26, "num_statements": 26, "percent_covered": 100.0, "percent_covered_display": "100", "missing_lines": 0, "excluded_lines": 0, "percent_statements_covered": 100.0, "percent_statements_covered_display": "100", "num_branches": 10, "num_partial_branches": 0, "covered_branches": 10, "missing_branches": 0, "percent_branches_covered": 100.0, "percent_branches_covered_display": "100"}, "missing_lines": [], "excluded_lines": [], "start_line": 102, "executed_branches": [[110, 111], [110, 118], [112, 113], [112, 118], [120, 121], [120, 126], [128, 129], [128, 135], [130, 131], [130, 135]], "missing_branches": []}, "ConfigDialogViewModel._save_to_qsettings": {"executed_lines": [145, 146, 147, 148, 149, 150, 151], "summary": {"covered_lines": 7, "num_statements": 7, "percent_covered": 100.0, "percent_covered_display": "100", "missing_lines": 0, "excluded_lines": 0, "percent_statements_covered": 100.0, "percent_statements_covered_display": "100", "num_branches": 0, "num_partial_branches": 0, "covered_branches": 0, "missing_branches": 0, "percent_branches_covered": 100.0, "percent_branches_covered_display": "100"}, "missing_lines": [], "excluded_lines": [], "start_line": 143, "executed_branches": [], "missing_branches": []}, "ConfigDialogViewModel.save": {"executed_lines": [158, 159, 160, 161, 163, 164, 165], "summary": {"covered_lines": 7, "num_statements": 7, "percent_covered": 100.0, "percent_covered_display": "100", "missing_lines": 0, "excluded_lines": 0, "percent_statements_covered": 100.0, "percent_statements_covered_display": "100", "num_branches": 2, "num_partial_branches": 0, "covered_branches": 2, "missing_branches": 0, "percent_branches_covered": 100.0, "percent_branches_covered_display": "100"}, "missing_lines": [], "excluded_lines": [], "start_line": 153, "execu
[...]
developers": {"executed_lines": [], "summary": {"covered_lines": 0, "num_statements": 1, "percent_covered": 0.0, "percent_covered_display": "0", "missing_lines": 1, "excluded_lines": 0, "percent_statements_covered": 0.0, "percent_statements_covered_display": "0", "num_branches": 0, "num_partial_branches": 0, "covered_branches": 0, "missing_branches": 0, "percent_branches_covered": 100.0, "percent_branches_covered_display": "100"}, "missing_lines": [293], "excluded_lines": [], "start_line": 291, "executed_branches": [], "missing_branches": []}, "StoryDialog._on_features_loaded": {"executed_lines": [], "summary": {"covered_lines": 0, "num_statements": 9, "percent_covered": 0.0, "percent_covered_display": "0", "missing_lines": 9, "excluded_lines": 0, "percent_statements_covered": 0.0, "percent_statements_covered_display": "0", "num_branches": 8, "num_partial_branches": 0, "covered_branches": 0, "missing_branches": 8, "percent_branches_covered": 0.0, "percent_branches_covered_display": "0"}, "missing_lines": [303, 304, 306, 307, 312, 313, 314, 315, 316], "excluded_lines": [], "start_line": 296, "executed_branches": [], "missing_branches": [[306, 307], [306, 312], [312, -295], [312, 313], [313, -295], [313, 314], [314, 313], [314, 315]]}, "StoryDialog._on_developers_loaded": {"executed_lines": [], "summary": {"covered_lines": 0, "num_statements": 8, "percent_covered": 0.0, "percent_covered_display": "0", "missing_lines": 8, "excluded_lines": 0, "percent_statements_covered": 0.0, "percent_statements_covered_display": "0", "num_branches": 6, "num_partial_branches": 0, "covered_branches": 0, "missing_branches": 6, "percent_branches_covered": 0.0, "percent_branches_covered_display": "0"}, "missing_lines": [325, 326, 328, 329, 332, 333, 334, 335], "excluded_lines": [], "start_line": 319, "executed_branches": [], "missing_branches": [[328, 329], [328, 332], [332, -318], [332, 333], [334, -318], [334, 335]]}, "StoryDialog._on_developer_changed": {"executed_lines": [], "summary": {"covered_lines": 0, "num_statements": 2, "percent_covered": 0.0, "percent_covered_display": "0", "missing_lines": 2, "excluded_lines": 0, "percent_statements_covered": 0.0, "percent_statements_covered_display": "0", "num_branches": 0, "num_partial_branches": 0, "covered_branches": 0, "missing_branches": 0, "percent_branches_covered": 100.0, "percent_branches_covered_display": "100"}, "missing_lines": [340, 341], "excluded_lines": [], "start_line": 338, "executed_branches": [], "missing_branches": []}, "StoryDialog._on_status_changed": {"executed_lines": [346, 347], "summary": {"covered_lines": 2, "num_statements": 2, "percent_covered": 100.0, "percent_covered_display": "100", "missing_lines": 0, "excluded_lines": 0, "percent_statements_covered": 100.0, "percent_statements_covered_display": "100", "num_branches": 0, "num_partial_branches": 0, "covered_branches": 0, "missing_branches": 0, "percent_branches_covered": 100.0, "percent_branches_covered_display": "100"}, "missing_lines": [], "excluded_lines": [], "start_line": 344, "executed_branches": [], "missing_branches": []}, "StoryDialog._on_component_changed": {"executed_lines": [352, 353, 356, 357, 358, 359, 360, 361, 364, 365, 366, 367, 368, 369, 370], "summary": {"covered_lines": 15, "num_statements": 15, "percent_covered": 94.11764705882354, "percent_covered_display": "94", "missing_lines": 0, "excluded_lines": 0, "percent_statements_covered": 100.0, "percent_statements_covered_display": "100", "num_branches": 2, "num_partial_branches": 1, "covered_branches": 1, "missing_branches": 1, "percent_branches_covered": 50.0, "percent_branches_covered_display": "50"}, "missing_lines": [], "excluded_lines": [], "start_line": 350, "executed_branches": [[365, 366]], "missing_branches": [[365, -349]]}, "StoryDialog._on_name_changed": {"executed_lines": [375, 376, 379, 380, 381, 382, 383, 384, 387, 388, 389, 390, 391, 392, 393], "summary": {"covered_lines": 15, "num_statements": 15, "percent_covered": 94.11764705882354, "percent_covered_display": "94", "missing_lines": 0, "excluded_lines": 0, "percent_statements_covered": 100.0, "percent_statements_covered_display": "100", "num_branches": 2, "num_partial_branches": 1, "covered_branches": 1, "missing_branches": 1, "percent_branches_covered": 50.0, "percent_branches_covered_display": "50"}, "missing_lines": [], "excluded_lines": [], "start_line": 373, "executed_branches": [[388, 389]], "missing_branches": [[388, -372]]}, "StoryDialog._on_sp_changed": {"executed_lines": [398, 399, 400], "summary": {"covered_lines": 3, "num_statements": 3, "percent_covered": 80.0, "percent_covered_display": "80", "missing_lines": 0, "excluded_lines": 0, "percent_statements_covered": 100.0, "percent_statements_covered_display": "100", "num_branches": 2, "num_partial_branches": 1, "covered_branches": 1, "missing_branches": 1, "percent_branches_covered": 50.0, "percent_branches_covered_display": "50"}, "missing_lines": [], "excluded_lines": [], "start_line": 396, "executed_branches": [[399, 400]], "missing_branches": [[399, -395]]}, "StoryDialog._on_feature_changed": {"executed_lines": [405, 406], "summary": {"covered_lines": 2, "num_statements": 2, "percent_covered": 100.0, "percent_covered_display": "100", "missing_lines": 0, "excluded_lines": 0, "percent_statements_covered": 100.0, "percent_statements_covered_display": "100", "num_branches": 0, "num_partial_branches": 0, "covered_branches": 0, "missing_branches": 0, "percent_branches_covered": 100.0, "percent_branches_covered_display": "100"}, "missing_lines": [], "excluded_lines": [], "start_line": 403, "executed_branches": [], "missing_branches": []}, "StoryDialog._on_save": {"executed_lines": [], "summary": {"covered_lines": 0, "num_statements": 7, "percent_covered": 0.0, "percent_covered_display": "0", "missing_lines": 7, "excluded_lines": 0, "percent_statements_covered": 0.0, "percent_statements_covered_display": "0", "num_branches": 2, "num_partial_branches": 0, "covered_branches": 0, "missing_branches": 2, "percent_branches_covered": 0.0, "percent_branches_covered_display": "0"}, "missing_lines": [412, 413, 414, 415, 416, 418, 419], "excluded_lines": [], "start_line": 409, "executed_branches": [], "missing_branches": [[413, 414], [413, 418]]}, "StoryDialog._save_story": {"executed_lines": [], "summary": {"covered_lines": 0, "num_statements": 6, "percent_covered": 0.0, "percent_covered_display": "0", "missing_lines": 6, "excluded_lines": 0, "percent_statements_covered": 0.0, "percent_statements_covered_display": "0", "num_branches": 2, "num_partial_branches": 0, "covered_branches": 0, "missing_branches": 2, "percent_branches_covered": 0.0, "percent_branches_covered_display": "0"}, "missing_lines": [423, 424, 425, 426, 427, 429], "excluded_lines": [], "start_line": 421, "executed_branches": [], "missing_branches": [[426, 427], [426, 429]]}, "StoryDialog._on_saved": {"executed_lines": [], "summary": {"covered_lines": 0, "num_statements": 1, "percent_covered": 0.0, "percent_covered_display": "0", "missing_lines": 1, "excluded_lines": 0, "percent_statements_covered": 0.0, "percent_statements_covered_display": "0", "num_branches": 0, "num_partial_branches": 0, "covered_branches": 0, "missing_branches": 0, "percent_branches_covered": 100.0, "percent_branches_covered_display": "100"}, "missing_lines": [434], "excluded_lines": [], "start_line": 432, "executed_branches": [], "missing_branches": []}, "StoryDialog._on_error": {"executed_lines": [], "summary": {"covered_lines": 0, "num_statements": 2, "percent_covered": 0.0, "percent_covered_display": "0", "missing_lines": 2, "excluded_lines": 0, "percent_statements_covered": 0.0, "percent_statements_covered_display": "0", "num_branches": 0, "num_partial_branches": 0, "covered_branches": 0, "missing_branches": 0, "percent_branches_covered": 100.0, "percent_branches_covered_display": "100"}, "missing_lines": [443, 444], "excluded_lines": [], "start_line": 437, "executed_branches": [], "missing_branches": []}, "StoryDialog.eventFilter": {"executed_lines": [456, 457, 458, 461, 462, 463], "summary": {"covered_lines": 6, "num_statements": 6, "percent_covered": 91.66666666666667, "percent_covered_display": "92", "missing_lines": 0, "excluded_lines": 0, "percent_statements_covered": 100.0, "percent_statements_covered_display": "100", "num_branches": 6, "num_partial_branches": 1, "covered_branches": 5, "missing_branches": 1, "percent_branches_covered": 83.33333333333333, "percent_branches_covered_display": "83"}, "missing_lines": [], "excluded_lines": [], "start_line": 446, "executed_branches": [[456, 457], [456, 463], [457, 458], [457, 461], [461, 462]], "missing_branches": [[461, 463]]}, "StoryDialog._validate_field_ui": {"executed_lines": [475, 476, 480, 481, 482, 483, 484, 485], "summary": {"covered_lines": 8, "num_statements": 10, "percent_covered": 75.0, "percent_covered_display": "75", "missing_lines": 2, "excluded_lines": 0, "percent_statements_covered": 80.0, "percent_statements_covered_display": "80", "num_branches": 2, "num_partial_branches": 1, "covered_branches": 1, "missing_branches": 1, "percent_branches_covered": 50.0, "percent_branches_covered_display": "50"}, "missing_lines": [477, 478], "excluded_lines": [], "start_line": 465, "executed_branches": [[476, 480]], "missing_branches": [[476, 477]]}, "StoryDialog._update_save_button_state": {"executed_lines": [489, 490, 491, 492], "summary": {"covered_lines": 4, "num_statements": 4, "percent_covered": 100.0, "percent_covered_display": "100", "missing_lines": 0, "excluded_lines": 0, "percent_statements_covered": 100.0, "percent_statements_covered_display": "100", "num_branches": 0, "num_partial_branches": 0, "covered_branches": 0, "missing_branches": 0, "percent_branches_covered": 100.0, "percent_branches_covered_display": "100"}, "missing_lines": [], "excluded_lines": [], "start_line": 487, "executed_branches": [], "missing_branches": []}, "": {"executed_lines": [6, 8, 9, 10, 12, 13, 26, 27, 28, 29, 30, 40, 43, 50, 96, 97, 105, 247, 269, 287, 291, 295, 296, 318, 319, 337, 338, 343, 344, 349, 350, 372, 373, 395, 396, 402, 403, 408, 409, 421, 431, 432, 436, 437, 446, 465, 487], "summary": {"covered_lines": 47, "num_statements": 47, "percent_covered": 100.0, "percent_covered_display": "100", "missing_lines": 0, "excluded_lines": 3, "percent_statements_covered": 100.0, "percent_statements_covered_display": "100", "num_branches": 0, "num_partial_branches": 0, "covered_branches": 0, "missing_branches": 0, "percent_branches_covered": 100.0, "percent_branches_covered_display": "100"}, "missing_lines": [], "excluded_lines": [35, 36, 38], "start_line": 1, "executed_branches": [], "missing_branches": []}}, "classes": {"StoryDialog": {"executed_lines": [65, 67, 68, 69, 71, 72, 75, 76, 77, 78, 79, 80, 82, 83, 84, 85, 88, 91, 92, 94, 103, 107, 108, 109, 111, 114, 117, 118, 119, 120, 121, 122, 123, 124, 125, 126, 128, 129, 130, 131, 134, 135, 136, 137, 140, 141, 143, 144, 145, 146, 147, 148, 150, 153, 154, 155, 156, 157, 158, 159, 160, 161, 162, 164, 165, 166, 167, 170, 171, 172, 173, 176, 177, 179, 180, 181, 182, 183, 184, 186, 189, 190, 191, 192, 193, 194, 197, 198, 199, 200, 203, 204, 205, 206, 207, 208, 209, 210, 211, 212, 213, 216, 217, 218, 219, 220, 221, 222, 223, 224, 225, 226, 229, 230, 231, 232, 233, 236, 239, 240, 241, 242, 243, 244, 245, 249, 250, 252, 253, 254, 255, 258, 259, 260, 261, 262, 263, 266, 267, 271, 272, 275, 276, 280, 281, 282, 285, 346, 347, 352, 353, 356, 357, 358, 359, 360, 361, 364, 365, 366, 367, 368, 369, 370, 375, 376, 379, 380, 381, 382, 383, 384, 387, 388, 389, 390, 391, 392, 393, 398, 399, 400, 405, 406, 456, 457, 458, 461, 462, 463, 475, 476, 480, 481, 482, 483, 484, 485, 489, 490, 491, 492], "summary": {"covered_lines": 202, "num_statements": 241, "percent_covered": 77.73851590106007, "percent_covered_display": "78", "missing_lines": 39, "excluded_lines": 0, "percent_statements_covered": 83.81742738589212, "percent_statements_covered_display": "84", "num_branches": 42, "num_partial_branches": 6, "covered_branches": 18, "missing_branches": 24, "percent_branches_covered": 42.857142857142854, "percent_branches_covered_display": "43"}, "missing_lines": [289, 293, 303, 304, 306, 307, 312, 313, 314, 315, 316, 325, 326, 328, 329, 332, 333, 334, 335, 340, 341, 412, 413, 414, 415, 416, 418, 419, 423, 424, 425, 426, 427, 429, 434, 443, 444, 477, 478], "excluded_lines": [], "start_line": 43, "executed_branches": [[75, 76], [75, 82], [91, 92], [91, 94], [191, 192], [191, 193], [222, 223], [222, 224], [281, 282], [365, 366], [388, 389], [399, 400], [456, 457], [456, 463], [457, 458], [457, 461], [461, 462], [476, 480]], "missing_branches": [[281, 285], [306, 307], [306, 312], [312, -295], [312, 313], [313, -295], [313, 314], [314, 313], [314, 315], [328, 329], [328, 332], [332, -318], [332, 333], [334, -318], [334, 335], [365, -349], [388, -372], [399, -395], [413, 414], [413, 418], [426, 427], [426, 429], [461, 463], [476, 477]]}, "": {"executed_lines": [6, 8, 9, 10, 12, 13, 26, 27, 28, 29, 30, 40, 43, 50, 96, 97, 105, 247, 269, 287, 291, 295, 296, 318, 319, 337, 338, 343, 344, 349, 350, 372, 373, 395, 396, 402, 403, 408, 409, 421, 431, 432, 436, 437, 446, 465, 487], "summary": {"covered_lines": 47, "num_statements": 47, "percent_covered": 100.0, "percent_covered_display": "100", "missing_lines": 0, "excluded_lines": 3, "percent_statements_covered": 100.0, "percent_statements_covered_display": "100", "num_branches": 0, "num_partial_branches": 0, "covered_branches": 0, "missing_branches": 0, "percent_branches_covered": 100.0, "percent_branches_covered_display": "100"}, "missing_lines": [], "excluded_lines": [35, 36, 38], "start_line": 1, "executed_branches": [], "missing_branches": []}}}, "src\\backlog_manager\\presentation\\views\\warnings_panel.py": {"executed_lines": [6, 8, 9, 11, 12, 13, 24, 27, 36, 48, 64, 93, 97, 98], "summary": {"covered_lines": 14, "num_statements": 41, "percent_covered": 28.571428571428573, "percent_covered_display": "29", "missing_lines": 27, "excluded_lines": 2, "percent_statements_covered": 34.146341463414636, "percent_statements_covered_display": "34", "num_branches": 8, "num_partial_branches": 0, "covered_branches": 0, "missing_branches": 8, "percent_branches_covered": 0.0, "percent_branches_covered_display": "0"}, "missing_lines": [42, 44, 46, 50, 51, 54, 55, 57, 58, 59, 61, 62, 70, 72, 73, 74, 77, 78, 79, 83, 84, 85, 87, 89, 91, 95, 104], "excluded_lines": [21, 22], "executed_branches": [], "missing_branches": [[72, 73], [72, 91], [77, 78], [77, 79], [79, 83], [79, 84], [84, 85], [84, 87]], "functions": {"WarningsPanel.__init__": {"executed_lines": [], "summary": {"covered_lines": 0, "num_statements": 3, "percent_covered": 0.0, "percent_covered_display": "0", "missing_lines": 3, "excluded_lines": 0, "percent_statements_covered": 0.0, "percent_statements_covered_display": "0", "num_branches": 0, "num_partial_branches": 0, "covered_branches": 0, "missing_branches": 0, "percent_branches_covered": 100.0, "percent_branches_covered_display": "100"}, "missing_lines": [42, 44, 46], "excluded_lines": [], "start_line": 36, "executed_branches": [], "missing_branches": []}, "WarningsPanel._setup_ui": {"executed_lines": [], "summary": {"covered_lines": 0, "num_statements": 9, "percent_covered": 0.0, "percent_covered_display": "0", "missing_lines": 9, "excluded_lines": 0, "percent_statements_covered": 0.0, "percent_statements_covered_display": "0", "num_branches": 0, "num_partial_branches": 0, "covered_branches": 0, "missing_branches": 0, "percent_branches_covered": 100.0, "percent_branches_covered_display": "100"}, "missing_lines": [50, 51, 54, 55, 57, 58, 59, 61, 62], "excluded_lines": [], "start_line": 48, "executed_branches": [], "missing_branches": []}, "WarningsPanel.set_warnings": {"executed_lines": [], "summary": {"covered_lines": 0, "num_statements": 13, "percent_covered": 0.0, "percent_covered_display": "0", "missing_lines": 13, "excluded_lines": 0, "percent_statements_covered": 0.0, "percent_statements_covered_display": "0", "num_branches": 8, "num_partial_branches": 0, "covered_branches": 0, "missing_branches": 8, "percent_branches_covered": 0.0, "percent_branches_covered_display": "0"}, "missing_lines": [70, 72, 73, 74, 77, 78, 79, 83, 84, 85, 87, 89, 91], "excluded_lines": [], "start_line": 64, "executed_branches": [], "missing_branches": [[72, 73], [72, 91], [77, 78], [77, 79], [79, 83], [79, 84], [84, 85], [84, 87]]}, "WarningsPanel.clear": {"executed_lines": [], "summary": {"covered_lines": 0, "num_statements": 1, "percent_covered": 0.0, "percent_covered_display": "0", "missing_lines": 1, "excluded_lines": 0, "percent_statements_covered": 0.0, "percent_statements_covered_display": "0", "num_branches": 0, "num_partial_branches": 0, "covered_branches": 0, "missing_branches": 0, "percent_branches_covered": 100.0, "percent_branches_covered_display": "100"}, "missing_lines": [95], "excluded_lines": [], "start_line": 93, "executed_branches": [], "missing_branches": []}, "WarningsPanel.warning_count": {"executed_lines": [], "summary": {"covered_lines": 0, "num_statements": 1, "percent_covered": 0.0, "percent_covered_display": "0", "missing_lines": 1, "excluded_lines": 0, "percent_statements_covered": 0.0, "percent_statements_covered_display": "0", "num_branches": 0, "num_partial_branches": 0, "covered_branches": 0, "missing_branches": 0, "percent_branches_covered": 100.0, "percent_branches_covered_display": "100"}, "missing_lines": [104], "excluded_lines": [], "start_line": 98, "executed_branches": [], "missing_branches": []}, "": {"executed_lines": [6, 8, 9, 11, 12, 13, 24, 27, 36, 48, 64, 93, 97, 98], "summary": {"covered_lines": 14, "num_statements": 14, "percent_covered": 100.0, "percent_covered_display": "100", "missing_lines": 0, "excluded_lines": 2, "percent_statements_covered": 100.0, "percent_statements_covered_display": "100", "num_branches": 0, "num_partial_branches": 0, "covered_branches": 0, "missing_branches": 0, "percent_branches_covered": 100.0, "percent_branches_covered_display": "100"}, "missing_lines": [], "excluded_lines": [21, 22], "start_line": 1, "executed_branches": [], "missing_branches": []}}, "classes": {"WarningsPanel": {"executed_lines": [], "summary": {"covered_lines": 0, "num_statements": 27, "percent_covered": 0.0, "percent_covered_display": "0", "missing_lines": 27, "excluded_lines": 0, "percent_statements_covered": 0.0, "percent_statements_covered_display": "0", "num_branches": 8, "num_partial_branches": 0, "covered_branches": 0, "missing_branches": 8, "percent_branches_covered": 0.0, "percent_branches_covered_display": "0"}, "missing_lines": [42, 44, 46, 50, 51, 54, 55, 57, 58, 59, 61, 62, 70, 72, 73, 74, 77, 78, 79, 83, 84, 85, 87, 89, 91, 95, 104], "excluded_lines": [], "start_line": 27, "executed_branches": [], "missing_branches": [[72, 73], [72, 91], [77, 78], [77, 79], [79, 83], [79, 84], [84, 85], [84, 87]]}, "": {"executed_lines": [6, 8, 9, 11, 12, 13, 24, 27, 36, 48, 64, 93, 97, 98], "summary": {"covered_lines": 14, "num_statements": 14, "percent_covered": 100.0, "percent_covered_display": "100", "missing_lines": 0, "excluded_lines": 2, "percent_statements_covered": 100.0, "percent_statements_covered_display": "100", "num_branches": 0, "num_partial_branches": 0, "covered_branches": 0, "missing_branches": 0, "percent_branches_covered": 100.0, "percent_branches_covered_display": "100"}, "missing_lines": [], "excluded_lines": [21, 22], "start_line": 1, "executed_branches": [], "missing_branches": []}}}}, "totals": {"covered_lines": 2750, "num_statements": 3974, "percent_covered": 66.58590308370044, "percent_covered_display": "67", "missing_lines": 1224, "excluded_lines": 74, "percent_statements_covered": 69.19979869149472, "percent_statements_covered_display": "69", "num_branches": 566, "num_partial_branches": 43, "covered_branches": 273, "missing_branches": 293, "percent_branches_covered": 48.23321554770318, "percent_branches_covered_display": "48"}}
