{"meta": {"format": 3, "version": "7.13.5", "timestamp": "2026-04-02T20:30:04.218876", "branch_coverage": true, "show_contexts": false}, "files": {"src\\backlog_manager\\presentation\\container.py": {"executed_lines": [7, 9, 10, 11, 12, 14, 16, 19, 22, 24, 27, 29, 32, 36, 38, 64, 67, 79, 80, 82, 91, 94, 95, 96, 97, 98, 99, 100, 101, 102, 103, 106, 108, 110, 111, 123, 124, 126, 127, 128, 129, 131, 132, 141, 142, 145, 147, 148, 150, 151, 152, 154, 155, 157, 159, 165, 168, 177, 179, 190, 192, 201, 203, 212, 214, 225, 227, 238, 240, 251, 254, 265, 267, 278, 280, 291, 293, 304, 307, 318, 320, 331, 333, 344, 346, 357, 360, 371, 373, 384, 386, 397, 399, 410, 413, 424, 426, 437, 439, 450, 452, 458, 460, 471, 474, 485, 487, 498, 501, 515, 516, 518, 527, 528, 531, 532, 534, 535, 538, 539, 541, 542, 544, 545, 548, 549, 551, 552, 554, 555, 558, 559, 561, 562, 564, 565, 568, 569, 571, 572, 574, 575, 578, 579, 581, 582, 584, 585, 588, 589, 591, 592, 594, 595, 598, 599, 601, 602, 604, 605, 608, 609, 611, 612, 614, 615, 618, 619, 621, 622, 624, 625, 628, 631, 633, 634], "summary": {"covered_lines": 176, "num_statements": 181, "percent_covered": 96.61835748792271, "percent_covered_display": "97", "missing_lines": 5, "excluded_lines": 12, "percent_statements_covered": 97.23756906077348, "percent_statements_covered_display": "97", "num_branches": 26, "num_partial_branches": 0, "covered_branches": 24, "missing_branches": 2, "percent_branches_covered": 92.3076923076923, "percent_branches_covered_display": "92"}, "missing_lines": [636, 637, 640, 641, 645], "excluded_lines": [40, 41, 43, 45, 47, 49, 51, 53, 55, 57, 59, 61], "executed_branches": [[123, 124], [123, 126], [141, 142], [141, 145], [534, 535], [534, 539], [544, 545], [544, 549], [554, 555], [554, 559], [564, 565], [564, 569], [574, 575], [574, 579], [584, 585], [584, 589], [594, 595], [594, 599], [604, 605], [604, 609], [614, 615], [614, 619], [624, 625], [624, 631]], "missing_branches": [[636, 637], [636, 645]], "functions": {"DIContainer.__init__": {"executed_lines": [91, 94, 95, 96, 97, 98, 99, 100, 101, 102, 103, 106, 108], "summary": {"covered_lines": 13, "num_statements": 13, "percent_covered": 100.0, "percent_covered_display": "100", "missing_lines": 0, "excluded_lines": 0, "percent_statements_covered": 100.0, "percent_statements_covered_display": "100", "num_branches": 0, "num_partial_branches": 0, "covered_branches": 0, "missing_branches": 0, "percent_branches_covered": 100.0, "percent_branches_covered_display": "100"}, "missing_lines": [], "excluded_lines": [], "start_line": 82, "executed_branches": [], "missing_branches": []}, "DIContainer.initialize": {"executed_lines": [123, 124, 126, 127, 128, 129], "summary": {"covered_lines": 6, "num_statements": 6, "percent_covered": 100.0, "percent_covered_display": "100", "missing_lines": 0, "excluded_lines": 0, "percent_statements_covered": 100.0, "percent_statements_covered_display": "100", "num_branches": 2, "num_partial_branches": 0, "covered_branches": 2, "missing_branches": 0, "percent_branches_covered": 100.0, "percent_branches_covered_display": "100"}, "missing_lines": [], "excluded_lines": [], "start_line": 111, "executed_branches": [[123, 124], [123, 126]], "missing_branches": []}, "DIContainer.get_instance": {"executed_lines": [141, 142, 145], "summary": {"covered_lines": 3, "num_statements": 3, "percent_covered": 100.0, "percent_covered_display": "100", "missing_lines": 0, "excluded_lines": 0, "percent_statements_covered": 100.0, "percent_statements_covered_display": "100", "num_branches": 2, "num_partial_branches": 0, "covered_branches": 2, "missing_branches": 0, "percent_branches_covered": 100.0, "percent_branches_covered_display": "100"}, "missing_lines": [], "excluded_lines": [], "start_line": 132, "executed_branches": [[141, 142], [141, 145]], "missing_branches": []}, "DIContainer.reset": {"executed_lines": [150, 151, 152], "summary": {"covered_lines": 3, "num_statements": 3, "percent_covered": 100.0, "percent_covered_display": "100", "missing_lines": 0, "excluded_lines": 0, "percent_statements_covered": 100.0, "percent_statements_covered_display": "100", "num_branches": 0, "num_partial_branches": 0, "covered_branches": 0, "missing_branches": 0, "percent_branches_covered": 100.0, "percent_branches_covered_display": "100"}, "missing_lines": [], "excluded_lines": [], "start_line": 148, "executed_branches": [], "missing_branches": []}, "DIContainer.db_path": {"executed_lines": [157], "summary": {"covered_lines": 1, "num_statements": 1, "percent_covered": 100.0, "percent_covered_display": "100", "missing_lines": 0, "excluded_lines": 0, "percent_statements_covered": 100.0, "percent_statements_covered_display": "100", "num_branches": 0, "num_partial_branches": 0, "covered_branches": 0, "missing_branches": 0, "percent_branches_covered": 100.0, "percent_branches_covered_display": "100"}, "missing_lines": [], "excluded_lines": [], "start_line": 155, "executed_branches": [], "missing_branches": []}, "DIContainer.create_unit_of_work": {"executed_lines": [165], "summary": {"covered_lines": 1, "num_statements": 1, "percent_covered": 100.0, "percent_covered_display": "100", "missing_lines": 0, "excluded_lines": 0, "percent_statements_covered": 100.0, "percent_statements_covered_display": "100", "num_branches": 0, "num_partial_branches": 0, "covered_branches": 0, "missing_branches": 0, "percent_branches_covered": 100.0, "percent_branches_covered_display": "100"}, "missing_lines": [], "excluded_lines": [], "start_line": 159, "executed_branches": [], "missing_branches": []}, "DIContainer.create_list_stories_use_case": {"executed_lines": [177], "summary": {"covered_lines": 1, "num_statements": 1, "percent_covered": 100.0, "percent_covered_display": "100", "missing_lines": 0, "excluded_lines": 0, "percent_statements_covered": 100.0, "percent_statements_covered_display": "100", "num_branches": 0, "num_partial_branches": 0, "covered_branches": 0, "missing_branches": 0, "percent_branches_covered": 100.0, "percent_branches_covered_display": "100"}, "missing_lines": [], "excluded_lines": [], "start_line": 168, "executed_branches": [], "missing_branches": []}, "DIContainer.create_story_use_case_factory": {"executed_lines": [190], "summary": {"covered_lines": 1, "num_statements": 1, "percent_covered": 100.0, "percent_covered_display": "100", "missing_lines": 0, "excluded_lines": 0, "percent_statements_covered": 100.0, "percent_statements_covered_display": "100", "num_branches": 0, "num_partial_branches": 0, "covered_branches": 0, "missing_branches": 0, "percent_branches_covered": 100.0, "percent_branches_covered_display": "100"}, "missing_lines": [], "excluded_lines": [], "start_line": 179, "executed_branches": [], "missing_branches": []}, "DIContainer.create_edit_story_use_case": {"executed_lines": [201], "summary": {"covered_lines": 1, "num_statements": 1, "percent_covered": 100.0, "percent_covered_display": "100", "missing_lines": 0, "excluded_lines": 0, "percent_statements_covered": 100.0, "percent_statements_covered_display": "100", "num_branches": 0, "num_partial_branches": 0, "covered_branches": 0, "missing_branches": 0, "percent_branches_covered": 100.0, "percent_branches_covered_display": "100"}, "missing_lines": [], "excluded_lines": [], "start_line": 192, "executed_branches": [], "missing_branches": []}, "DIContainer.create_delete_story_use_case": {"executed_lines": [212], "summary": {"covered_lines": 1, "num_statements": 1, "percent_covered": 100.0, "percent_covered_display": "100", "missing_lines": 0, "excluded_lines": 0, "percent_statements_covered": 100.0, "percent_statements_covered_display": "100", "num_branches": 0, "num_partial_branches": 0, "covered_branches": 0, "missing_branches": 0, "percent_branches_covered": 100.0, "percent_branches_covered_display": "100"}, "missing_lines": [], "excluded_lines": [], "start_line": 203, "executed_branches": [], "missing_branches": []}, "DIContainer.create_move_priority_use_case": {"executed_lines": [225], "summary": {"covered_lines": 1, "num_statements": 1, "percent_covered": 100.0, "percent_covered_display": "100", "missing_lines": 0, "excluded_lines": 0, "percent_statements_covered": 100.0, "percent_statements_covered_display": "100", "num_branches": 0, "num_partial_branches": 0, "covered_branches": 0, "missing_branches": 0, "percent_branches_covered": 100.0, "percent_branches_covered_display": "100"}, "missing_lines": [], "excluded_lines": [], "start_line": 214, "executed_branches": [], "missing_branches": []}, "DIContainer.create_assign_developer_use_case": {"executed_lines": [238], "summary": {"covered_lines": 1, "num_statements": 1, "percent_covered": 100.0, "percent_covered_display": "100", "missing_lines": 0, "excluded_lines": 0, "percent_statements_covered": 100.0, "percent_statements_covered_display": "100", "num_branches": 0, "num_partial_branches": 0, "covered_branches": 0, "missing_branches": 0, "percent_branches_covered": 100.0, "percent_branches_covered_display": "100"}, "missing_lines": [], "excluded_lines": [], "start_line": 227, "executed_branches": [], "missing_branches": []}, "DIContainer.create_duplicate_story_use_case": {"executed_lines": [251], "summary": {"covered_lines": 1, "num_statements": 1, "percent_covered": 100.0, "percent_covered_display": "100", "missing_lines": 0, "excluded_lines": 0, "percent_statements_covered": 100.0, "percent_statements_covered_display": "100", "num_branches": 0, "num_partial_branches": 0, "covered_branches": 0, "missing_branches": 0, "percent_branches_covered": 100.0, "percent_branches_covered_display": "100"}, "missing_lines": [], "excluded_lines": [], "start_line": 240, "executed_branches": [], "missing_branches": []}, "DIContainer.create_list_developers_use_case": {"executed_lines": [265], "summary": {"covered_lines": 1, "num_statements": 1, "percent_covered": 100.0, "percent_covered_display": "100", "missing_lines": 0, "excluded_lines": 0, "percent_statements_covered": 100.0, "percent_statements_covered_display": "100", "num_branches": 0, "num_partial_branches": 0, "covered_branches": 0, "missing_branches": 0, "percent_branches_covered": 100.0, "percent_branches_covered_display": "100"}, "missing_lines": [], "excluded_lines": [], "start_line": 254, "executed_branches": [], "missing_branches": []}, "DIContainer.create_developer_use_case_factory": {"executed_lines": [278], "summary": {"covered_lines": 1, "num_statements": 1, "percent_covered": 100.0, "percent_covered_display": "100", "missing_lines": 0, "excluded_lines": 0, "percent_statements_covered": 100.0, "percent_statements_covered_display": "100", "num_branches": 0, "num_partial_branches": 0, "covered_branches": 0, "missing_branches": 0, "percent_branches_covered": 100.0, "percent_branches_covered_display": "100"}, "missing_lines": [], "excluded_lines": [], "start_line": 267, "executed_branches": [], "missing_branches": []}, "DIContainer.create_update_developer_use_case": {"executed_lines": [291], "summary": {"covered_lines": 1, "num_statements": 1, "percent_covered": 100.0, "percent_covered_display": "100", "missing_lines": 0, "excluded_lines": 0, "percent_statements_covered": 100.0, "percent_statements_covered_display": "100", "num_branches": 0, "num_partial_branches": 0, "covered_branches": 0, "missing_branches": 0, "percent_branches_covered": 100.0, "percent_branches_covered_display": "100"}, "missing_lines": [], "excluded_lines": [], "start_line": 280, "executed_branches": [], "missing_branches": []}, "DIContainer.create_delete_developer_use_case": {"executed_lines": [304], "summary": {"covered_lines": 1, "num_statements": 1, "percent_covered": 100.0, "percent_covered_display": "100", "missing_lines": 0, "excluded_lines": 0, "percent_statements_covered": 100.0, "percent_statements_covered_display": "100", "num_branches": 0, "num_partial_branches": 0, "covered_branches": 0, "missing_branches": 0, "percent_branches_covered": 100.0, "percent_branches_covered_display": "100"}, "missing_lines": [], "excluded_lines": [], "start_line": 293, "executed_branches": [], "missing_branches": []}, "DIContainer.create_list_features_use_case": {"executed_lines": [318], "summary": {"covered_lines": 1, "num_statements": 1, "percent_covered": 100.0, "percent_covered_display": "100", "missing_lines": 0, "excluded_lines": 0, "percent_statements_covered": 100.0, "percent_statements_covered_display": "100", "num_branches": 0, "num_partial_branches": 0, "covered_branches": 0, "missing_branches": 0, "percent_branches_covered": 100.0, "percent_branches_covered_display": "100"}, "missing_lines": [], "excluded_lines": [], "start_line": 307, "executed_branches": [], "missing_branches": []}, "DIContainer.create_feature_use_case_factory": {"executed_lines": [331], "summary": {"covered_lines": 1, "num_statements": 1, "percent_covered": 100.0, "percent_covered_display": "100", "missing_lines": 0, "excluded_lines": 0, "percent_statements_covered": 100.0, "percent_statements_covered_display": "100", "num_branches": 0, "num_partial_branches": 0, "covered_branches": 0, "missing_branches": 0, "percent_branches_covered": 100.0, "percent_branches_covered_display": "100"}, "missing_lines": [], "excluded_lines": [], "start_line": 320, "executed_branches": [], "missing_branches": []}, "DIContainer.create_update_feature_use_case": {"executed_lines": [344], "summary": {"covered_lines": 1, "num_statements": 1, "percent_covered": 100.0, "percent_covered_display": "100", "missing_lines": 0, "excluded_lines": 0, "percent_statements_covered": 100.0, "percent_statements_covered_display": "100", "num_branches": 0, "num_partial_branches": 0, "covered_branches": 0, "missing_branches": 0, "percent_branches_covered": 100.0, "percent_branches_covered_display": "100"}, "missing_lines": [], "excluded_lines": [], "start_line": 333, "executed_branches": [], "missing_branches": []}, "DIContainer.create_delete_feature_use_case": {"executed_lines": [357], "summary": {"covered_lines": 1, "num_statements": 1, "percent_covered": 100.0, "percent_covered_display": "100", "missing_lines": 0, "excluded_lines": 0, "percent_statements_covered": 100.0, "percent_statements_covered_display": "100", "num_branches": 0, "num_partial_branches": 0, "covered_branches": 0, "missing_branches": 0, "percent_branches_covered": 100.0, "percent_branches_covered_display": "100"}, "missing_lines": [], "excluded_lines": [], "start_line": 346, "executed_branches": [], "missing_branches": []}, "DIContainer.create_add_dependency_use_case": {"executed_lines": [371], "summary": {"covered_lines": 1, "num_statements": 1, "percent_covered": 100.0, "percent_covered_display": "100", "missing_lines": 0, "excluded_lines": 0, "percent_statements_covered": 100.0, "percent_statements_covered_display": "100", "num_branches": 0, "num_partial_branches": 0, "covered_branches": 0, "missing_branches": 0, "percent_branches_covered": 100.0, "percent_branches_covered_display": "100"}, "missing_lines": [], "excluded_lines": [], "start_line": 360, "executed_branches": [], "missing_branches": []}, "DIContainer.create_remove_dependency_use_case": {"executed_lines": [384], "summary": {"covered_lines": 1, "num_statements": 1, "percent_covered": 100.0, "percent_covered_display": "100", "missing_lines": 0, "excluded_lines": 0, "percent_statements_covered": 100.0, "percent_statements_covered_display": "100", "num_branches": 0, "num_partial_branches": 0, "covered_branches": 0, "missing_branches": 0, "percent_branches_covered": 100.0, "percent_branches_covered_display": "100"}, "missing_lines": [], "excluded_lines": [], "start_line": 373, "executed_branches": [], "missing_branches": []}, "DIContainer.create_get_dependencies_use_case": {"executed_lines": [397], "summary": {"covered_lines": 1, "num_statements": 1, "percent_covered": 100.0, "percent_covered_display": "100", "missing_lines": 0, "excluded_lines": 0, "percent_statements_covered": 100.0, "percent_statements_covered_display": "100", "num_branches": 0, "num_partial_branches": 0, "covered_branches": 0, "missing_branches": 0, "percent_branches_covered": 100.0, "percent_branches_covered_display": "100"}, "missing_lines": [], "excluded_lines": [], "start_line": 386, "executed_branches": [], "missing_branches": []}, "DIContainer.create_get_dependents_use_case": {"executed_lines": [410], "summary": {"covered_lines": 1, "num_statements": 1, "percent_covered": 100.0, "percent_covered_display": "100", "missing_lines": 0, "excluded_lines": 0, "percent_statements_covered": 100.0, "percent_statements_covered_display": "100", "num_branches": 0, "num_partial_branches": 0, "covered_branches": 0, "missing_branches": 0, "percent_branches_covered": 100.0, "percent_branches_covered_display": "100"}, "missing_lines": [], "excluded_lines": [], "start_line": 399, "executed_branches": [], "missing_branches": []}, "DIContainer.create_execute_allocation_use_case": {"executed_lines": [424], "summary": {"covered_lines": 1, "num_statements": 1, "percent_covered": 100.0, "percent_covered_display": "100", "missing_lines": 0, "excluded_lines": 0, "percent_statements_covered": 100.0, "percent_statements_covered_display": "100", "num_branches": 0, "num_partial_branches": 0, "covered_branches": 0, "missing_branches": 0, "percent_branches_covered": 100.0, "percent_branches_covered_display": "100"}, "missing_lines": [], "excluded_lines": [], "start_line": 413, "executed_branches": [], "missing_branches": []}, "DIContainer.create_get_developer_availability_use_case": {"executed_lines": [437], "summary": {"covered_lines": 1, "num_statements": 1, "percent_covered": 100.0, "percent_covered_display": "100", "missing_lines": 0, "excluded_lines": 0, "percent_statements_covered": 100.0, "percent_statements_covered_display": "100", "num_branches": 0, "num_partial_branches": 0, "covered_branches": 0, "missing_branches": 0, "percent_branches_covered": 100.0, "percent_branches_covered_display": "100"}, "missing_lines": [], "excluded_lines": [], "start_line": 426, "executed_branches": [], "missing_branches": []}, "DIContainer.create_calculate_schedule_use_case": {"executed_lines": [450], "summary": {"covered_lines": 1, "num_statements": 1, "percent_covered": 100.0, "percent_covered_display": "100", "missing_lines": 0, "excluded_lines": 0, "percent_statements_covered": 100.0, "percent_statements_covered_display": "100", "num_branches": 0, "num_partial_branches": 0, "covered_branches": 0, "missing_branches": 0, "percent_branches_covered": 100.0, "percent_branches_covered_display": "100"}, "missing_lines": [], "excluded_lines": [], "start_line": 439, "executed_branches": [], "missing_branches": []}, "DIContainer.create_calculate_duration_use_case": {"executed_lines": [458], "summary": {"covered_lines": 1, "num_statements": 1, "percent_covered": 100.0, "percent_covered_display": "100", "missing_lines": 0, "excluded_lines": 0, "percent_statements_covered": 100.0, "percent_statements_covered_display": "100", "num_branches": 0, "num_partial_branches": 0, "covered_branches": 0, "missing_branches": 0, "percent_branches_covered": 100.0, "percent_branches_covered_display": "100"}, "missing_lines": [], "excluded_lines": [], "start_line": 452, "executed_branches": [], "missing_branches": []}, "DIContainer.create_calculate_story_dates_use_case": {"executed_lines": [471], "summary": {"covered_lines": 1, "num_statements": 1, "percent_covered": 100.0, "percent_covered_display": "100", "missing_lines": 0, "excluded_lines": 0, "percent_statements_covered": 100.0, "percent_statements_covered_display": "100", "num_branches": 0, "num_partial_branches": 0, "covered_branches": 0, "missing_branches": 0, "percent_branches_covered": 100.0, "percent_branches_covered_display": "100"}, "missing_lines": [], "excluded_lines": [], "start_line": 460, "executed_branches": [], "missing_branches": []}, "DIContainer.create_reset_planning_use_case": {"executed_lines": [485], "summary": {"covered_lines": 1, "num_statements": 1, "percent_covered": 100.0, "percent_covered_display": "100", "missing_lines": 0, "excluded_lines": 0, "percent_statements_covered": 100.0, "percent_statements_covered_display": "100", "num_branches": 0, "num_partial_branches": 0, "covered_branches": 0, "missing_branches": 0, "percent_branches_covered": 100.0, "percent_branches_covered_display": "100"}, "missing_lines": [], "excluded_lines": [], "start_line": 474, "executed_branches": [], "missing_branches": []}, "DIContainer.create_count_affected_stories_use_case": {"executed_lines": [498], "summary": {"covered_lines": 1, "num_statements": 1, "percent_covered": 100.0, "percent_covered_display": "100", "missing_lines": 0, "excluded_lines": 0, "percent_statements_covered": 100.0, "percent_statements_covered_display": "100", "num_branches": 0, "num_partial_branches": 0, "covered_branches": 0, "missing_branches": 0, "percent_branches_covered": 100.0, "percent_branches_covered_display": "100"}, "missing_lines": [], "excluded_lines": [], "start_line": 487, "executed_branches": [], "missing_branches": []}, "DIContainer.create_import_excel_use_case": {"executed_lines": [515, 516], "summary": {"covered_lines": 2, "num_statements": 2, "percent_covered": 100.0, "percent_covered_display": "100", "missing_lines": 0, "excluded_lines": 0, "percent_statements_covered": 100.0, "percent_statements_covered_display": "100", "num_branches": 0, "num_partial_branches": 0, "covered_branches": 0, "missing_branches": 0, "percent_branches_covered": 100.0, "percent_branches_covered_display": "100"}, "missing_lines": [], "excluded_lines": [], "start_line": 501, "executed_branches": [], "missing_branches": []}, "DIContainer.create_export_excel_use_case": {"executed_lines": [527, 528], "summary": {"covered_lines": 2, "num_statements": 2, "percent_covered": 100.0, "percent_covered_display": "100", "missing_lines": 0, "excluded_lines": 0, "percent_statements_covered": 100.0, "percent_statements_covered_display": "100", "num_branches": 0, "num_partial_branches": 0, "covered_branches": 0, "missing_branches": 0, "percent_branches_covered": 100.0, "percent_branches_covered_display": "100"}, "missing_lines": [], "excluded_lines": [], "start_line": 518, "executed_branches": [], "missing_branches": []}, "DIContainer.main_window_viewmodel": {"executed_lines": [534, 535, 538, 539], "summary": {"covered_lines": 4, "num_statements": 4, "percent_covered": 100.0, "percent_covered_display": "100", "missing_lines": 0, "excluded_lines": 0, "percent_statements_covered": 100.0, "percent_statements_covered_display": "100", "num_branches": 2, "num_partial_branches": 0, "covered_branches": 2, "missing_branches": 0, "percent_branches_covered": 100.0, "percent_branches_covered_display": "100"}, "missing_lines": [], "excluded_lines": [], "start_line": 532, "executed_branches": [[534, 535], [534, 539]], "missing_branches": []}, "DIContainer.story_dialog_viewmodel": {"executed_lines": [544, 545, 548, 549], "summary": {"covered_lines": 4, "num_statements": 4, "percent_covered": 100.0, "percent_covered_display": "100", "missing_lines": 0, "excluded_lines": 0, "percent_statements_covered": 100.0, "percent_statements_covered_display": "100", "num_branches": 2, "num_partial_branches": 0, "covered_branches": 2, "missing_branches": 0, "percent_branches_covered": 100.0, "percent_branches_covered_display": "100"}, "missing_lines": [], "excluded_lines": [], "start_line": 542, "executed_branches": [[544, 545], [544, 549]], "missing_branches": []}, "DIContainer.allocation_viewmodel": {"executed_lines": [554, 555, 558, 559], "summary": {"covered_lines": 4, "num_statements": 4, "percent_covered": 100.0, "percent_covered_display": "100", "missing_lines": 0, "excluded_lines": 0, "percent_statements_covered": 100.0, "percent_statements_covered_display": "100", "num_branches": 2, "num_partial_branches": 0, "covered_branches": 2, "missing_branches": 0, "percent_branches_covered": 100.0, "percent_branches_covered_display": "100"}, "missing_lines": [], "excluded_lines": [], "start_line": 552, "executed_branches": [[554, 555], [554, 559]], "missing_branches": []}, "DIContainer.excel_viewmodel": {"executed_lines": [564, 565, 568, 569], "summary": {"covered_lines": 4, "num_statements": 4, "percent_covered": 100.0, "percent_covered_display": "100", "missing_lines": 0, "excluded_lines": 0, "percent_statements_covered": 100.0, "percent_statements_covered_display": "100", "num_branches": 2, "num_partial_branches": 0, "covered_branches": 2, "missing_branches": 0, "percent_branches_covered": 100.0, "percent_branches_covered_display": "100"}, "missing_lines": [], "excluded_lines": [], "start_line": 562, "executed_branches": [[564, 565], [564, 569]], "missing_branches": []}, "DIContainer.schedule_viewmodel": {"executed_lines": [574, 575, 578, 579], "summary": {"covered_lines": 4, "num_statements": 4, "percent_covered": 100.0, "percent_covered_display": "100", "missing_lines": 0, "excluded_lines": 0, "percent_statements_covered": 100.0, "percent_statements_covered_display": "100", "num_branches": 2, "num_partial_branches": 0, "covered_branches": 2, "missing_branches": 0, "percent_branches_covered": 100.0, "percent_branches_covered_display": "100"}, "missing_lines": [], "excluded_lines": [], "start_line": 572, "executed_branches": [[574, 575], [574, 579]], "missing_branches": []}, "DIContainer.config_dialog_viewmodel": {"executed_lines": [584, 585, 588, 589], "summary": {"covered_lines": 4, "num_statements": 4, "percent_covered": 100.0, "percent_covered_display": "100", "missing_lines": 0, "excluded_lines": 0, "percent_statements_covered": 100.0, "percent_statements_covered_display": "100", "num_branches": 2, "num_partial_branches": 0, "covered_branches": 2, "missing_branches": 0, "percent_branches_covered": 100.0, "percent_branches_covered_display": "100"}, "missing_lines": [], "excluded_lines": [], "start_line": 582, "executed_branches": [[584, 585], [584, 589]], "missing_branches": []}, "DIContainer.dependency_dialog_viewmodel": {"executed_lines": [594, 595, 598, 599], "summary": {"covered_lines": 4, "num_statements": 4, "percent_covered": 100.0, "percent_covered_display": "100", "missing_lines": 0, "excluded_lines": 0, "percent_statements_covered": 100.0, "percent_statements_covered_display": "100", "num_branches": 2, "num_partial_branches": 0, "covered_branches": 2, "missing_branches": 0, "percent_branches_covered": 100.0, "percent_branches_covered_display": "100"}, "missing_lines": [], "excluded_lines": [], "start_line": 592, "executed_branches": [[594, 595], [594, 599]], "missing_branches": []}, "DIContainer.status_bar_viewmodel": {"executed_lines": [604, 605, 608, 609], "summary": {"covered_lines": 4, "num_statements": 4, "percent_covered": 100.0, "percent_covered_display": "100", "missing_lines": 0, "excluded_lines": 0, "percent_statements_covered": 100.0, "percent_statements_covered_display": "100", "num_branches": 2, "num_partial_branches": 0, "covered_branches": 2, "missing_branches": 0, "percent_branches_covered": 100.0, "percent_branches_covered_display": "100"}, "missing_lines": [], "excluded_lines": [], "start_line": 602, "executed_branches": [[604, 605], [604, 609]], "missing_branches": []}, "DIContainer.reset_planning_viewmodel": {"executed_lines": [614, 615, 618, 619], "summary": {"covered_lines": 4, "num_statements": 4, "percent_covered": 100.0, "percent_covered_display": "100", "missing_lines": 0, "excluded_lines": 0, "percent_statements_covered": 100.0, "percent_statements_covered_display": "100", "num_branches": 2, "num_partial_branches": 0, "covered_branches": 2, "missing_branches": 0, "percent_branches_covered": 100.0, "percent_branches_covered_display": "100"}, "missing_lines": [], "excluded_lines": [], "start_line": 612, "executed_branches": [[614, 615], [614, 619]], "missing_branches": []}, "DIContainer.manual_allocation_dialog_viewmodel": {"executed_lines": [624, 625, 628, 631], "summary": {"covered_lines": 4, "num_statements": 4, "percent_covered": 100.0, "percent_covered_display": "100", "missing_lines": 0, "excluded_lines": 0, "percent_statements_covered": 100.0, "percent_statements_covered_display": "100", "num_branches": 2, "num_partial_branches": 0, "covered_branches": 2, "missing_branches": 0, "percent_branches_covered": 100.0, "percent_branches_covered_display": "100"}, "missing_lines": [], "excluded_lines": [], "start_line": 622, "executed_branches": [[624, 625], [624, 631]], "missing_branches": []}, "DIContainer.roadmap_viewmodel": {"executed_lines": [], "summary": {"covered_lines": 0, "num_statements": 5, "percent_covered": 0.0, "percent_covered_display": "0", "missing_lines": 5, "excluded_lines": 0, "percent_statements_covered": 0.0, "percent_statements_covered_display": "0", "num_branches": 2, "num_partial_branches": 0, "covered_branches": 0, "missing_branches": 2, "percent_branches_covered": 0.0, "percent_branches_covered_display": "0"}, "missing_lines": [636, 637, 640, 641, 645], "excluded_lines": [], "start_line": 634, "executed_branches": [], "missing_branches": [[636, 637], [636, 645]]}, "": {"executed_lines": [7, 9, 10, 11, 12, 14, 16, 19, 22, 24, 27, 29, 32, 36, 38, 64, 67, 79, 80, 82, 110, 111, 131, 132, 147, 148, 154, 155, 159, 168, 179, 192, 203, 214, 227, 240, 254, 267, 280, 293, 307, 320, 333, 346, 360, 373, 386, 399, 413, 426, 439, 452, 460, 474, 487, 501, 518, 531, 532, 541, 542, 551, 552, 561, 562, 571, 572, 581, 582, 591, 592, 601, 602, 611, 612, 621, 622, 633, 634], "summary": {"covered_lines": 79, "num_statements": 79, "percent_covered": 100.0, "percent_covered_display": "100", "missing_lines": 0, "excluded_lines": 12, "percent_statements_covered": 100.0, "percent_statements_covered_display": "100", "num_branches": 0, "num_partial_branches": 0, "covered_branches": 0, "missing_branches": 0, "percent_branches_covered": 100.0, "percent_branches_covered_display": "100"}, "missing_lines": [], "excluded_lines": [40, 41, 43, 45, 47, 49, 51, 53, 55, 57, 59, 61], "start_line": 1, "executed_branches": [], "missing_branches": []}}, "classes": {"DIContainer": {"executed_lines": [91, 94, 95, 96, 97, 98, 99, 100, 101, 102, 103, 106, 108, 123, 124, 126, 127, 128, 129, 141, 142, 145, 150, 151, 152, 157, 165, 177, 190, 201, 212, 225, 238, 251, 265, 278, 291, 304, 318, 331, 344, 357, 371, 384, 397, 410, 424, 437, 450, 458, 471, 485, 498, 515, 516, 527, 528, 534, 535, 538, 539, 544, 545, 548, 549, 554, 555, 558, 559, 564, 565, 568, 569, 574, 575, 578, 579, 584, 585, 588, 589, 594, 595, 598, 599, 604, 605, 608, 609, 614, 615, 618, 619, 624, 625, 628, 631], "summary": {"covered_lines": 97, "num_statements": 102, "percent_covered": 94.53125, "percent_covered_display": "95", "missing_lines": 5, "excluded_lines": 0, "percent_statements_covered": 95.09803921568627, "percent_statements_covered_display": "95", "num_branches": 26, "num_partial_branches": 0, "covered_branches": 24, "missing_branches": 2, "percent_branches_covered": 92.3076923076923, "percent_branches_covered_display": "92"}, "missing_lines": [636, 637, 640, 641, 645], "excluded_lines": [], "start_line": 67, "executed_branches": [[123, 124], [123, 126], [141, 142], [141, 145], [534, 535], [534, 539], [544, 545], [544, 549], [554, 555], [554, 559], [564, 565], [564, 569], [574, 575], [574, 579], [584, 585], [584, 589], [594, 595], [594, 599], [604, 605], [604, 609], [614, 615], [614, 619], [624, 625], [624, 631]], "missing_branches": [[636, 637], [636, 645]]}, "": {"executed_lines": [7, 9, 10, 11, 12, 14, 16, 19, 22, 24, 27, 29, 32, 36, 38, 64, 67, 79, 80, 82, 110, 111, 131, 132, 147, 148, 154, 155, 159, 168, 179, 192, 203, 214, 227, 240, 254, 267, 280, 293, 307, 320, 333, 346, 360, 373, 386, 399, 413, 426, 439, 452, 460, 474, 487, 501, 518, 531, 532, 541, 542, 551, 552, 561, 562, 571, 572, 581, 582, 591, 592, 601, 602, 611, 612, 621, 622, 633, 634], "summary": {"covered_lines": 79, "num_statements": 79, "percent_covered": 100.0, "percent_covered_display": "100", "missing_lines": 0, "excluded_lines": 12, "percent_statements_covered": 100.0, "percent_statements_covered_display": "100", "num_branches": 0, "num_partial_branches": 0, "covered_branches": 0, "missing_branches": 0, "percent_branches_covered": 100.0, "percent_branches_covered_display": "100"}, "missing_lines": [], "excluded_lines": [40, 41, 43, 45, 47, 49, 51, 53, 55, 57, 59, 61], "start_line": 1, "executed_branches": [], "missing_branches": []}}}, "src\\backlog_manager\\presentation\\theme\\theme.py": {"executed_lines": [7, 8, 10, 16, 98, 99, 121, 138, 151, 185, 207, 208, 209, 210, 211, 219, 228, 229, 236, 248, 249, 250, 251, 252, 254, 255, 256, 258, 261, 280, 281, 283, 284, 286, 287, 289, 296, 316, 326, 333, 334, 336, 337, 339, 341, 342, 343, 344, 346, 348, 362, 367, 370, 379, 380, 381, 385, 388, 394], "summary": {"covered_lines": 59, "num_statements": 60, "percent_covered": 97.22222222222223, "percent_covered_display": "97", "missing_lines": 1, "excluded_lines": 0, "percent_statements_covered": 98.33333333333333, "percent_statements_covered_display": "98", "num_branches": 12, "num_partial_branches": 1, "covered_branches": 11, "missing_branches": 1, "percent_branches_covered": 91.66666666666667, "percent_branches_covered_display": "92"}, "missing_lines": [335], "excluded_lines": [], "executed_branches": [[209, 210], [209, 211], [250, 251], [250, 252], [334, 336], [341, -339], [341, 342], [343, 344], [343, 346], [379, 380], [379, 381]], "missing_branches": [[334, 335]], "functions": {"apply_theme": {"executed_lines": [207, 208, 209, 210, 211], "summary": {"covered_lines": 5, "num_statements": 5, "percent_covered": 100.0, "percent_covered_display": "100", "missing_lines": 0, "excluded_lines": 0, "percent_statements_covered": 100.0, "percent_statements_covered_display": "100", "num_branches": 2, "num_partial_branches": 0, "covered_branches": 2, "missing_branches": 0, "percent_branches_covered": 100.0, "percent_branches_covered_display": "100"}, "missing_lines": [], "excluded_lines": [], "start_line": 185, "executed_branches": [[209, 210], [209, 211]], "missing_branches": []}, "_hex_to_rgb": {"executed_lines": [228, 229], "summary": {"covered_lines": 2, "num_statements": 2, "percent_covered": 100.0, "percent_covered_display": "100", "missing_lines": 0, "excluded_lines": 0, "percent_statements_covered": 100.0, "percent_statements_covered_display": "100", "num_branches": 0, "num_partial_branches": 0, "covered_branches": 0, "missing_branches": 0, "percent_branches_covered": 100.0, "percent_branches_covered_display": "100"}, "missing_lines": [], "excluded_lines": [], "start_line": 219, "executed_branches": [], "missing_branches": []}, "_relative_luminance": {"executed_lines": [248, 254, 255, 256, 258], "summary": {"covered_lines": 5, "num_statements": 5, "percent_covered": 100.0, "percent_covered_display": "100", "missing_lines": 0, "excluded_lines": 0, "percent_statements_covered": 100.0, "percent_statements_covered_display": "100", "num_branches": 0, "num_partial_branches": 0, "covered_branches": 0, "missing_branches": 0, "percent_branches_covered": 100.0, "percent_branches_covered_display": "100"}, "missing_lines": [], "excluded_lines": [], "start_line": 236, "executed_branches": [], "missing_branches": []}, "_relative_luminance._srgb_to_linear": {"executed_lines": [249, 250, 251, 252], "summary": {"covered_lines": 4, "num_statements": 4, "percent_covered": 100.0, "percent_covered_display": "100", "missing_lines": 0, "excluded_lines": 0, "percent_statements_covered": 100.0, "percent_statements_covered_display": "100", "num_branches": 2, "num_partial_branches": 0, "covered_branches": 2, "missing_branches": 0, "percent_branches_covered": 100.0, "percent_branches_covered_display": "100"}, "missing_lines": [], "excluded_lines": [], "start_line": 248, "executed_branches": [[250, 251], [250, 252]], "missing_branches": []}, "calculate_contrast_ratio": {"executed_lines": [280, 281, 283, 284, 286, 287, 289], "summary": {"covered_lines": 7, "num_statements": 7, "percent_covered": 100.0, "percent_covered_display": "100", "missing_lines": 0, "excluded_lines": 0, "percent_statements_covered": 100.0, "percent_statements_covered_display": "100", "num_branches": 0, "num_partial_branches": 0, "covered_branches": 0, "missing_branches": 0, "percent_branches_covered": 100.0, "percent_branches_covered_display": "100"}, "missing_lines": [], "excluded_lines": [], "start_line": 261, "executed_branches": [], "missing_branches": []}, "IconManager.__init__": {"executed_lines": [333, 334, 336, 337], "summary": {"covered_lines": 4, "num_statements": 5, "percent_covered": 71.42857142857143, "percent_covered_display": "71", "missing_lines": 1, "excluded_lines": 0, "percent_statements_covered": 80.0, "percent_statements_covered_display": "80", "num_branches": 2, "num_partial_branches": 1, "covered_branches": 1, "missing_branches": 1, "percent_branches_covered": 50.0, "percent_branches_covered_display": "50"}, "missing_lines": [335], "excluded_lines": [], "start_line": 326, "executed_branches": [[334, 336]], "missing_branches": [[334, 335]]}, "IconManager._load_all": {"executed_lines": [341, 342, 343, 344, 346], "summary": {"covered_lines": 5, "num_statements": 5, "percent_covered": 100.0, "percent_covered_display": "100", "missing_lines": 0, "excluded_lines": 0, "percent_statements_covered": 100.0, "percent_statements_covered_display": "100", "num_branches": 4, "num_partial_branches": 0, "covered_branches": 4, "missing_branches": 0, "percent_branches_covered": 100.0, "percent_branches_covered_display": "100"}, "missing_lines": [], "excluded_lines": [], "start_line": 339, "executed_branches": [[341, -339], [341, 342], [343, 344], [343, 346]], "missing_branches": []}, "IconManager.get": {"executed_lines": [362], "summary": {"covered_lines": 1, "num_statements": 1, "percent_covered": 100.0, "percent_covered_display": "100", "missing_lines": 0, "excluded_lines": 0, "percent_statements_covered": 100.0, "percent_statements_covered_display": "100", "num_branches": 0, "num_partial_branches": 0, "covered_branches": 0, "missing_branches": 0, "percent_branches_covered": 100.0, "percent_branches_covered_display": "100"}, "missing_lines": [], "excluded_lines": [], "start_line": 348, "executed_branches": [], "missing_branches": []}, "get_icon_manager": {"executed_lines": [379, 380, 381], "summary": {"covered_lines": 3, "num_statements": 3, "percent_covered": 100.0, "percent_covered_display": "100", "missing_lines": 0, "excluded_lines": 0, "percent_statements_covered": 100.0, "percent_statements_covered_display": "100", "num_branches": 2, "num_partial_branches": 0, "covered_branches": 2, "missing_branches": 0, "percent_branches_covered": 100.0, "percent_branches_covered_display": "100"}, "missing_lines": [], "excluded_lines": [], "start_line": 370, "executed_branches": [[379, 380], [379, 381]], "missing_branches": []}, "_initialize_icon_manager": {"executed_lines": [394], "summary": {"covered_lines": 1, "num_statements": 1, "percent_covered": 100.0, "percent_covered_display": "100", "missing_lines": 0, "excluded_lines": 0, "percent_statements_covered": 100.0, "percent_statements_covered_display": "100", "num_branches": 0, "num_partial_branches": 0, "covered_branches": 0, "missing_branches": 0, "percent_branches_covered": 100.0, "percent_branches_covered_display": "100"}, "missing_lines": [], "excluded_lines": [], "start_line": 388, "executed_branches": [], "missing_branches": []}, "": {"executed_lines": [7, 8, 10, 16, 98, 99, 121, 138, 151, 185, 219, 236, 261, 296, 316, 326, 339, 348, 367, 370, 385, 388], "summary": {"covered_lines": 22, "num_statements": 22, "percent_covered": 100.0, "percent_covered_display": "100", "missing_lines": 0, "excluded_lines": 0, "percent_statements_covered": 100.0, "percent_statements_covered_display": "100", "num_branches": 0, "num_partial_branches": 0, "covered_branches": 0, "missing_branches": 0, "percent_branches_covered": 100.0, "percent_branches_covered_display": "100"}, "missing_lines": [], "excluded_lines": [], "start_line": 1, "executed_branches": [], "missing_branches": []}}, "classes": {"StatusConfig": {"executed_lines": [], "summary": {"covered_lines": 0, "num_statements": 0, "percent_covered": 100.0, "percent_covered_display": "100", "missing_lines": 0, "excluded_lines": 0, "percent_statements_covered": 100.0, "percent_statements_covered_display": "100", "num_branches": 0, "num_partial_branches": 0, "covered_branches": 0, "missing_branches": 0, "percent_branches_covered": 100.0, "percent_branches_covered_display": "100"}, "missing_lines": [], "excluded_lines": [], "start_line": 99, "executed_branches": [], "missing_branches": []}, "IconManager": {"executed_lines": [333, 334, 336, 337, 341, 342, 343, 344, 346, 362], "summary": {"covered_lines": 10, "num_statements": 11, "percent_covered": 88.23529411764706, "percent_covered_display": "88", "missing_lines": 1, "excluded_lines": 0, "percent_statements_covered": 90.9090909090909, "percent_statements_covered_display": "91", "num_branches": 6, "num_partial_branches": 1, "covered_branches": 5, "missing_branches": 1, "percent_branches_covered": 83.33333333333333, "percent_branches_covered_display": "83"}, "missing_lines": [335], "excluded_lines": [], "start_line": 316, "executed_branches": [[334, 336], [341, -339], [341, 342], [343, 344], [343, 346]], "missing_branches": [[334, 335]]}, "": {"executed_lines": [7, 8, 10, 16, 98, 99, 121, 138, 151, 185, 207, 208, 209, 210, 211, 219, 228, 229, 236, 248, 249, 250, 251, 252, 254, 255, 256, 258, 261, 280, 281, 283, 284, 286, 287, 289, 296, 316, 326, 339, 348, 367, 370, 379, 380, 381, 385, 388, 394], "summary": {"covered_lines": 49, "num_statements": 49, "percent_covered": 100.0, "percent_covered_display": "100", "missing_lines": 0, "excluded_lines": 0, "percent_statements_covered": 100.0, "percent_statements_covered_display": "100", "num_branches": 6, "num_partial_branches": 0, "covered_branches": 6, "missing_branches": 0, "percent_branches_covered": 100.0, "percent_branches_covered_display": "100"}, "missing_lines": [], "excluded_lines": [], "start_line": 1, "executed_branches": [[209, 210], [209, 211], [250, 251], [250, 252], [379, 380], [379, 381]], "missing_branches": []}}}, "src\\backlog_manager\\presentation\\viewmodels\\allocation_viewmodel.py": {"executed_lines": [7, 9, 10, 11, 12, 14, 16, 21, 26, 29, 42, 43, 44, 45, 46, 48, 54, 55, 57, 58, 59, 61, 63, 64, 70, 72, 73, 79, 81, 82, 88, 90, 96, 98, 116, 117, 118, 120, 121, 122, 129, 130, 137, 138, 139, 141, 142, 144, 145, 147, 153, 155, 159, 160, 161, 162, 163, 164, 165, 166, 167, 168, 170, 172, 174, 175, 176], "summary": {"covered_lines": 67, "num_statements": 70, "percent_covered": 95.83333333333333, "percent_covered_display": "96", "missing_lines": 3, "excluded_lines": 2, "percent_statements_covered": 95.71428571428571, "percent_statements_covered_display": "96", "num_branches": 2, "num_partial_branches": 0, "covered_branches": 2, "missing_branches": 0, "percent_branches_covered": 100.0, "percent_branches_covered_display": "100"}, "missing_lines": [156, 157, 158], "excluded_lines": [23, 24], "executed_branches": [[116, 117], [116, 120]], "missing_branches": [], "functions": {"AllocationViewModel.__init__": {"executed_lines": [54, 55, 57, 58, 59, 61], "summary": {"covered_lines": 6, "num_statements": 6, "percent_covered": 100.0, "percent_covered_display": "100", "missing_lines": 0, "excluded_lines": 0, "percent_statements_covered": 100.0, "percent_statements_covered_display": "100", "num_branches": 0, "num_partial_branches": 0, "covered_branches": 0, "missing_branches": 0, "percent_branches_covered": 100.0, "percent_branches_covered_display": "100"}, "missing_lines": [], "excluded_lines": [], "start_line": 48, "executed_branches": [], "missing_branches": []}, "AllocationViewModel.is_running": {"executed_lines": [70], "summary": {"covered_lines": 1, "num_statements": 1, "percent_covered": 100.0, "percent_covered_display": "100", "missing_lines": 0, "excluded_lines": 0, "percent_statements_covered": 100.0, "percent_statements_covered_display": "100", "num_branches": 0, "num_partial_branches": 0, "covered_branches": 0, "missing_branches": 0, "percent_branches_covered": 100.0, "percent_branches_covered_display": "100"}, "missing_lines": [], "excluded_lines": [], "start_line": 64, "executed_branches": [], "missing_branches": []}, "AllocationViewModel.last_metrics": {"executed_lines": [79], "summary": {"covered_lines": 1, "num_statements": 1, "percent_covered": 100.0, "percent_covered_display": "100", "missing_lines": 0, "excluded_lines": 0, "percent_statements_covered": 100.0, "percent_statements_covered_display": "100", "num_branches": 0, "num_partial_branches": 0, "covered_branches": 0, "missing_branches": 0, "percent_branches_covered": 100.0, "percent_branches_covered_display": "100"}, "missing_lines": [], "excluded_lines": [], "start_line": 73, "executed_branches": [], "missing_branches": []}, "AllocationViewModel.last_warnings": {"executed_lines": [88], "summary": {"covered_lines": 1, "num_statements": 1, "percent_covered": 100.0, "percent_covered_display": "100", "missing_lines": 0, "excluded_lines": 0, "percent_statements_covered": 100.0, "percent_statements_covered_display": "100", "num_branches": 0, "num_partial_branches": 0, "covered_branches": 0, "missing_branches": 0, "percent_branches_covered": 100.0, "percent_branches_covered_display": "100"}, "missing_lines": [], "excluded_lines": [], "start_line": 82, "executed_branches": [], "missing_branches": []}, "AllocationViewModel.can_execute": {"executed_lines": [96], "summary": {"covered_lines": 1, "num_statements": 1, "percent_covered": 100.0, "percent_covered_display": "100", "missing_lines": 0, "excluded_lines": 0, "percent_statements_covered": 100.0, "percent_statements_covered_display": "100", "num_branches": 0, "num_partial_branches": 0, "covered_branches": 0, "missing_branches": 0, "percent_branches_covered": 100.0, "percent_branches_covered_display": "100"}, "missing_lines": [], "excluded_lines": [], "start_line": 90, "executed_branches": [], "missing_branches": []}, "AllocationViewModel.execute": {"executed_lines": [116, 117, 118, 120, 121, 122, 129, 130, 137, 138, 139, 141, 142, 144, 145, 147, 153, 155, 159, 160, 161, 162, 163, 164, 165, 166, 167, 168, 170], "summary": {"covered_lines": 29, "num_statements": 32, "percent_covered": 91.17647058823529, "percent_covered_display": "91", "missing_lines": 3, "excluded_lines": 0, "percent_statements_covered": 90.625, "percent_statements_covered_display": "91", "num_branches": 2, "num_partial_branches": 0, "covered_branches": 2, "missing_branches": 0, "percent_branches_covered": 100.0, "percent_branches_covered_display": "100"}, "missing_lines": [156, 157, 158], "excluded_lines": [], "start_line": 98, "executed_branches": [[116, 117], [116, 120]], "missing_branches": []}, "AllocationViewModel.clear_results": {"executed_lines": [174, 175, 176], "summary": {"covered_lines": 3, "num_statements": 3, "percent_covered": 100.0, "percent_covered_display": "100", "missing_lines": 0, "excluded_lines": 0, "percent_statements_covered": 100.0, "percent_statements_covered_display": "100", "num_branches": 0, "num_partial_branches": 0, "covered_branches": 0, "missing_branches": 0, "percent_branches_covered": 100.0, "percent_branches_covered_display": "100"}, "missing_lines": [], "excluded_lines": [], "start_line": 172, "executed_branches": [], "missing_branches": []}, "": {"executed_lines": [7, 9, 10, 11, 12, 14, 16, 21, 26, 29, 42, 43, 44, 45, 46, 48, 63, 64, 72, 73, 81, 82, 90, 98, 172], "summary": {"covered_lines": 25, "num_statements": 25, "percent_covered": 100.0, "percent_covered_display": "100", "missing_lines": 0, "excluded_lines": 2, "percent_statements_covered": 100.0, "percent_statements_covered_display": "100", "num_branches": 0, "num_partial_branches": 0, "covered_branches": 0, "missing_branches": 0, "percent_branches_covered": 100.0, "percent_branches_covered_display": "100"}, "missing_lines": [], "excluded_lines": [23, 24], "start_line": 1, "executed_branches": [], "missing_branches": []}}, "classes": {"AllocationViewModel": {"executed_lines": [54, 55, 57, 58, 59, 61, 70, 79, 88, 96, 116, 117, 118, 120, 121, 122, 129, 130, 137, 138, 139, 141, 142, 144, 145, 147, 153, 155, 159, 160, 161, 162, 163, 164, 165, 166, 167, 168, 170, 174, 175, 176], "summary": {"covered_lines": 42, "num_statements": 45, "percent_covered": 93.61702127659575, "percent_covered_display": "94", "missing_lines": 3, "excluded_lines": 0, "percent_statements_covered": 93.33333333333333, "percent_statements_covered_display": "93", "num_branches": 2, "num_partial_branches": 0, "covered_branches": 2, "missing_branches": 0, "percent_branches_covered": 100.0, "percent_branches_covered_display": "100"}, "missing_lines": [156, 157, 158], "excluded_lines": [], "start_line": 29, "executed_branches": [[116, 117], [116, 120]], "missing_branches": []}, "": {"executed_lines": [7, 9, 10, 11, 12, 14, 16, 21, 26, 29, 42, 43, 44, 45, 46, 48, 63, 64, 72, 73, 81, 82, 90, 98, 172], "summary": {"covered_lines": 25, "num_statements": 25, "percent_covered": 100.0, "percent_covered_display": "100", "missing_lines": 0, "excluded_lines": 2, "percent_statements_covered": 100.0, "percent_statements_covered_display": "100", "num_branches": 0, "num_partial_branches": 0, "covered_branches": 0, "missing_branches": 0, "percent_branches_covered": 100.0, "percent_branches_covered_display": "100"}, "missing_lines": [], "excluded_lines": [23, 24], "start_line": 1, "executed_branches": [], "missing_branches": []}}}, "src\\backlog_manager\\presentation\\viewmodels\\config_dialog_viewmodel.py": {"executed_lines": [6, 8, 9, 10, 12, 17, 20, 31, 32, 34, 41, 42, 44, 45, 46, 47, 49, 50, 52, 53, 55, 57, 58, 59, 61, 62, 64, 66, 67, 68, 70, 71, 73, 75, 76, 78, 80, 81, 85, 86, 88, 90, 91, 93, 95, 96, 98, 100, 101, 103, 105, 111, 112, 113, 114, 115, 116, 117, 119, 121, 128, 130, 131, 134, 135, 136, 137, 138, 139, 140, 141, 143, 144, 145, 146, 147, 148, 149, 150, 153, 154, 155, 156, 157, 158, 161, 162, 163, 164, 165, 166, 167, 168, 170, 171, 180, 182, 183, 184, 185, 186, 187, 188, 189, 191, 196, 197, 198, 199, 201, 202, 203], "summary": {"covered_lines": 112, "num_statements": 113, "percent_covered": 99.25925925925925, "percent_covered_display": "99", "missing_lines": 1, "excluded_lines": 2, "percent_statements_covered": 99.11504424778761, "percent_statements_covered_display": "99", "num_branches": 22, "num_partial_branches": 0, "covered_branches": 22, "missing_branches": 0, "percent_branches_covered": 100.0, "percent_branches_covered_display": "100"}, "missing_lines": [83], "excluded_lines": [14, 15], "executed_branches": [[111, 112], [111, 113], [113, 114], [113, 115], [115, 116], [115, 117], [136, 137], [136, 143], [138, 139], [138, 143], [145, 146], [145, 153], [147, 148], [147, 153], [155, 156], [155, 161], [163, 164], [163, 170], [165, 166], [165, 170], [197, 198], [197, 201]], "missing_branches": [], "functions": {"ConfigDialogViewModel.__init__": {"executed_lines": [41, 42, 44, 45, 46, 47, 49, 50], "summary": {"covered_lines": 8, "num_statements": 8, "percent_covered": 100.0, "percent_covered_display": "100", "missing_lines": 0, "excluded_lines": 0, "percent_statements_covered": 100.0, "percent_statements_covered_display": "100", "num_branches": 0, "num_partial_branches": 0, "covered_branches": 0, "missing_branches": 0, "percent_branches_covered": 100.0, "percent_branches_covered_display": "100"}, "missing_lines": [], "excluded_lines": [], "start_line": 34, "executed_branches": [], "missing_branches": []}, "ConfigDialogViewModel.sp_per_sprint": {"executed_lines": [59], "summary": {"covered_lines": 1, "num_statements": 1, "percent_covered": 100.0, "percent_covered_display": "100", "missing_lines": 0, "excluded_lines": 0, "percent_statements_covered": 100.0, "percent_statements_covered_display": "100", "num_branches": 0, "num_partial_branches": 0, "covered_branches": 0, "missing_branches": 0, "percent_branches_covered": 100.0, "percent_branches_covered_display": "100"}, "missing_lines": [], "excluded_lines": [], "start_line": 58, "executed_branches": [], "missing_branches": []}, "ConfigDialogViewModel.workdays_per_sprint": {"executed_lines": [68], "summary": {"covered_lines": 1, "num_statements": 1, "percent_covered": 100.0, "percent_covered_display": "100", "missing_lines": 0, "excluded_lines": 0, "percent_statements_covered": 100.0, "percent_statements_covered_display": "100", "num_branches": 0, "num_partial_branches": 0, "covered_branches": 0, "missing_branches": 0, "percent_branches_covered": 100.0, "percent_branches_covered_display": "100"}, "missing_lines": [], "excluded_lines": [], "start_line": 67, "executed_branches": [], "missing_branches": []}, "ConfigDialogViewModel.velocity_per_day": {"executed_lines": [73], "summary": {"covered_lines": 1, "num_statements": 1, "percent_covered": 100.0, "percent_covered_display": "100", "missing_lines": 0, "excluded_lines": 0, "percent_statements_covered": 100.0, "percent_statements_covered_display": "100", "num_branches": 0, "num_partial_branches": 0, "covered_branches": 0, "missing_branches": 0, "percent_branches_covered": 100.0, "percent_branches_covered_display": "100"}, "missing_lines": [], "excluded_lines": [], "start_line": 71, "executed_branches": [], "missing_branches": []}, "ConfigDialogViewModel.velocity": {"executed_lines": [], "summary": {"covered_lines": 0, "num_statements": 1, "percent_covered": 0.0, "percent_covered_display": "0", "missing_lines": 1, "excluded_lines": 0, "percent_statements_covered": 0.0, "percent_statements_covered_display": "0", "num_branches": 0, "num_partial_branches": 0, "covered_branches": 0, "missing_branches": 0, "percent_branches_covered": 100.0, "percent_branches_covered_display": "100"}, "missing_lines": [83], "excluded_lines": [], "start_line": 81, "executed_branches": [], "missing_branches": []}, "ConfigDialogViewModel.start_date": {"executed_lines": [93], "summary": {"covered_lines": 1, "num_statements": 1, "percent_covered": 100.0, "percent_covered_display": "100", "missing_lines": 0, "excluded_lines": 0, "percent_statements_covered": 100.0, "percent_statements_covered_display": "100", "num_branches": 0, "num_partial_branches": 0, "covered_branches": 0, "missing_branches": 0, "percent_branches_covered": 100.0, "percent_branches_covered_display": "100"}, "missing_lines": [], "excluded_lines": [], "start_line": 91, "executed_branches": [], "missing_branches": []}, "ConfigDialogViewModel.max_idle_days": {"executed_lines": [103], "summary": {"covered_lines": 1, "num_statements": 1, "percent_covered": 100.0, "percent_covered_display": "100", "missing_lines": 0, "excluded_lines": 0, "percent_statements_covered": 100.0, "percent_statements_covered_display": "100", "num_branches": 0, "num_partial_branches": 0, "covered_branches": 0, "missing_branches": 0, "percent_branches_covered": 100.0, "percent_branches_covered_display": "100"}, "missing_lines": [], "excluded_lines": [], "start_line": 101, "executed_branches": [], "missing_branches": []}, "ConfigDialogViewModel.validate": {"executed_lines": [111, 112, 113, 114, 115, 116, 117], "summary": {"covered_lines": 7, "num_statements": 7, "percent_covered": 100.0, "percent_covered_display": "100", "missing_lines": 0, "excluded_lines": 0, "percent_statements_covered": 100.0, "percent_statements_covered_display": "100", "num_branches": 6, "num_partial_branches": 0, "covered_branches": 6, "missing_branches": 0, "percent_branches_covered": 100.0, "percent_branches_covered_display": "100"}, "missing_lines": [], "excluded_lines": [], "start_line": 105, "executed_branches": [[111, 112], [111, 113], [113, 114], [113, 115], [115, 116], [115, 117]], "missing_branches": []}, "ConfigDialogViewModel._get_qsettings": {"executed_lines": [121], "summary": {"covered_lines": 1, "num_statements": 1, "percent_covered": 100.0, "percent_covered_display": "100", "missing_lines": 0, "excluded_lines": 0, "percent_statements_covered": 100.0, "percent_statements_covered_display": "100", "num_branches": 0, "num_partial_branches": 0, "covered_branches": 0, "missing_branches": 0, "percent_branches_covered": 100.0, "percent_branches_covered_display": "100"}, "missing_lines": [], "excluded_lines": [], "start_line": 119, "executed_branches": [], "missing_branches": []}, "ConfigDialogViewModel._load_from_qsettings": {"executed_lines": [130, 131, 134, 135, 136, 137, 138, 139, 140, 141, 143, 144, 145, 146, 147, 148, 149, 150, 153, 154, 155, 156, 157, 158, 161, 162, 163, 164, 165, 166, 167, 168, 170, 171], "summary": {"covered_lines": 34, "num_statements": 34, "percent_covered": 100.0, "percent_covered_display": "100", "missing_lines": 0, "excluded_lines": 0, "percent_statements_covered": 100.0, "percent_statements_covered_display": "100", "num_branches": 14, "num_partial_branches": 0, "covered_branches": 14, "missing_branches": 0, "percent_branches_covered": 100.0, "percent_branches_covered_display": "100"}, "missing_lines": [], "excluded_lines": [], "start_line": 128, "executed_branches": [[136, 137], [136, 143], [138, 139], [138, 143], [145, 146], [145, 153], [147, 148], [147, 153], [155, 156], [155, 161], [163, 164], [163, 170], [165, 166], [165, 170]], "missing_branches": []}, "ConfigDialogViewModel._save_to_qsettings": {"executed_lines": [182, 183, 184, 185, 186, 187, 188, 189], "summary": {"covered_lines": 8, "num_statements": 8, "percent_covered": 100.0, "percent_covered_display": "100", "missing_lines": 0, "excluded_lines": 0, "percent_statements_covered": 100.0, "percent_statements_covered_display": "100", "num_branches": 0, "num_partial_branches": 0, "covered_branches": 0, "missing_branches": 0, "percent_branches_covered": 100.0, "percent_branches_covered_display": "100"}, "missing_lines": [], "excluded_lines": [], "start_line": 180, "executed_branches": [], "missing_branches": []}, "ConfigDialogViewModel.save": {"executed_lines": [196, 197, 198, 199, 201, 202, 203], "summary": {"covered_lines": 7, "num_statements": 7, "percent_covered": 100.0, "percent_covered_display": "100", "missing_lines": 0, "excluded_lines": 0, "percent_statements_covered": 100.0, "percent_statements_covered_display": "100", "num_branches": 2, "num_partial_branches": 0, "covered_branches": 2, "missing_branches": 0, "percent_branches_covered": 100.0, "percent_branches_covered_display": "100"}, "missing_lines": [], "excluded_lines": [], "start_line": 191, "executed_branches": [[197, 198], [197, 201]], "missing_branches": []}, "": {"executed_lines": [6, 8, 9, 10, 12, 17, 20, 31, 32, 34, 52, 53, 57, 58, 61, 62, 66, 67, 70, 71, 75, 76, 80, 81, 85, 86, 90, 91, 95, 96, 100, 101, 105, 119, 128, 180, 191], "summary": {"covered_lines": 37, "num_statements": 37, "percent_covered": 100.0, "percent_covered_display": "100", "missing_lines": 0, "excluded_lines": 2, "percent_statements_covered": 100.0, "percent_statements_covered_display": "100", "num_branches": 0, "num_partial_branches": 0, "covered_branches": 0, "missing_branches": 0, "percent_branches_covered": 100.0, "percent_branches_covered_display": "100"}, "missing_lines": [], "excluded_lines": [14, 15], "start_line": 1, "executed_branches": [], "missing_branches": []}}, "classes": {"ConfigDialogViewModel": {"executed_lines": [41, 42, 44, 45, 46, 47, 49, 50, 55, 59, 64, 68, 73, 78, 88, 93, 98, 103, 111, 112, 113, 114, 115, 116, 117, 121, 130, 131, 134, 135, 136, 137, 138, 139, 140, 141, 143, 144, 145, 146, 147, 148, 149, 150, 153, 154, 155, 156, 157, 158, 161, 162, 163, 164, 165, 166, 167, 168, 170, 171, 182, 183, 184, 185, 186, 187, 188, 189, 196, 197, 198, 199, 201, 202, 203], "summary": {"covered_lines": 75, "num_statements": 76, "percent_covered": 98.9795918367347, "percent_covered_display": "99", "missing_lines": 1, "excluded_lines": 0, "percent_statements_covered": 98.6842105263158, "percent_statements_covered_display": "99", "num_branches": 22, "num_partial_branches": 0, "covered_branches": 22, "missing_branches": 0, "percent_branches_covered": 100.0, "percent_branches_covered_display": "100"}, "missing_lines": [83], "excluded_lines": [], "start_line": 20, "executed_branches": [[111, 112], [111, 113], [113, 114], [113, 115], [115, 116], [115, 117], [136, 137], [136, 143], [138, 139], [138, 143], [145, 146], [145, 153], [147, 148], [147, 153], [155, 156], [155, 161], [163, 164], [163, 170], [165, 166], [165, 170], [197, 198], [197, 201]], "missing_branches": []}, "": {"executed_lines": [6, 8, 9, 10, 12, 17, 20, 31, 32, 34, 52, 53, 57, 58, 61, 62, 66, 67, 70, 71, 75, 76, 80, 81, 85, 86, 90, 91, 95, 96, 100, 101, 105, 119, 128, 180, 191], "summary": {"covered_lines": 37, "num_statements": 37, "percent_covered": 100.0, "percent_covered_display": "100", "missing_lines": 0, "excluded_lines": 2, "percent_statements_covered": 100.0, "percent_statements_covered_display": "100", "num_branches": 0, "num_partial_branches": 0, "covered_branches": 0, "missing_branches": 0, "percent_branches_covered": 100.0, "percent_branches_covered_display": "100"}, "missing_lines": [], "excluded_lines": [14, 15], "start_line": 1, "executed_branches": [], "missing_branches": []}}}, "src\\backlog_manager\\presentation\\viewmodels\\dependency_dialog_viewmodel.py": {"executed_lines": [6, 8, 9, 11, 13, 19, 20, 28, 31, 40, 41, 42, 44, 51, 52, 54, 55, 56, 57, 58, 59, 60, 62, 63, 65, 67, 68, 70, 72, 73, 75, 77, 78, 80, 82, 83, 85, 87, 88, 90, 92, 93, 95, 97, 110, 111, 112, 113, 114, 116, 118, 119, 121, 122, 124, 125, 126, 128, 135, 136, 137, 139, 145, 146, 152, 153, 154, 156, 162, 163, 165, 166, 168, 169, 173, 174, 175, 177, 178, 179, 180, 181, 182, 186, 187, 188, 189, 190, 191, 193, 199, 200, 202, 203, 205, 206, 210, 211, 212, 214, 220, 221, 222, 223, 224], "summary": {"covered_lines": 105, "num_statements": 106, "percent_covered": 99.10714285714286, "percent_covered_display": "99", "missing_lines": 1, "excluded_lines": 2, "percent_statements_covered": 99.05660377358491, "percent_statements_covered_display": "99", "num_branches": 6, "num_partial_branches": 0, "covered_branches": 6, "missing_branches": 0, "percent_branches_covered": 100.0, "percent_branches_covered_display": "100"}, "missing_lines": [215], "excluded_lines": [25, 26], "executed_branches": [[118, 119], [118, 121], [162, 163], [162, 165], [199, 200], [199, 202]], "missing_branches": [], "functions": {"DependencyDialogViewModel.__init__": {"executed_lines": [51, 52, 54, 55, 56, 57, 58, 59, 60], "summary": {"covered_lines": 9, "num_statements": 9, "percent_covered": 100.0, "percent_covered_display": "100", "missing_lines": 0, "excluded_lines": 0, "percent_statements_covered": 100.0, "percent_statements_covered_display": "100", "num_branches": 0, "num_partial_branches": 0, "covered_branches": 0, "missing_branches": 0, "percent_branches_covered": 100.0, "percent_branches_covered_display": "100"}, "missing_lines": [], "excluded_lines": [], "start_line": 44, "executed_branches": [], "missing_branches": []}, "DependencyDialogViewModel.story_id": {"executed_lines": [65], "summary": {"covered_lines": 1, "num_statements": 1, "percent_covered": 100.0, "percent_covered_display": "100", "missing_lines": 0, "excluded_lines": 0, "percent_statements_covered": 100.0, "percent_statements_covered_display": "100", "num_branches": 0, "num_partial_branches": 0, "covered_branches": 0, "missing_branches": 0, "percent_branches_covered": 100.0, "percent_branches_covered_display": "100"}, "missing_lines": [], "excluded_lines": [], "start_line": 63, "executed_branches": [], "missing_branches": []}, "DependencyDialogViewModel.story_name": {"executed_lines": [70], "summary": {"covered_lines": 1, "num_statements": 1, "percent_covered": 100.0, "percent_covered_display": "100", "missing_lines": 0, "excluded_lines": 0, "percent_statements_covered": 100.0, "percent_statements_covered_display": "100", "num_branches": 0, "num_partial_branches": 0, "covered_branches": 0, "missing_branches": 0, "percent_branches_covered": 100.0, "percent_branches_covered_display": "100"}, "missing_lines": [], "excluded_lines": [], "start_line": 68, "executed_branches": [], "missing_branches": []}, "DependencyDialogViewModel.depends_on": {"executed_lines": [75], "summary": {"covered_lines": 1, "num_statements": 1, "percent_covered": 100.0, "percent_covered_display": "100", "missing_lines": 0, "excluded_lines": 0, "percent_statements_covered": 100.0, "percent_statements_covered_display": "100", "num_branches": 0, "num_partial_branches": 0, "covered_branches": 0, "missing_branches": 0, "percent_branches_covered": 100.0, "percent_branches_covered_display": "100"}, "missing_lines": [], "excluded_lines": [], "start_line": 73, "executed_branches": [], "missing_branches": []}, "DependencyDialogViewModel.dependents": {"executed_lines": [80], "summary": {"covered_lines": 1, "num_statements": 1, "percent_covered": 100.0, "percent_covered_display": "100", "missing_lines": 0, "excluded_lines": 0, "percent_statements_covered": 100.0, "percent_statements_covered_display": "100", "num_branches": 0, "num_partial_branches": 0, "covered_branches": 0, "missing_branches": 0, "percent_branches_covered": 100.0, "percent_branches_covered_display": "100"}, "missing_lines": [], "excluded_lines": [], "start_line": 78, "executed_branches": [], "missing_branches": []}, "DependencyDialogViewModel.available_stories": {"executed_lines": [85], "summary": {"covered_lines": 1, "num_statements": 1, "percent_covered": 100.0, "percent_covered_display": "100", "missing_lines": 0, "excluded_lines": 0, "percent_statements_covered": 100.0, "percent_statements_covered_display": "100", "num_branches": 0, "num_partial_branches": 0, "covered_branches": 0, "missing_branches": 0, "percent_branches_covered": 100.0, "percent_branches_covered_display": "100"}, "missing_lines": [], "excluded_lines": [], "start_line": 83, "executed_branches": [], "missing_branches": []}, "DependencyDialogViewModel.has_cycle_error": {"executed_lines": [90], "summary": {"covered_lines": 1, "num_statements": 1, "percent_covered": 100.0, "percent_covered_display": "100", "missing_lines": 0, "excluded_lines": 0, "percent_statements_covered": 100.0, "percent_statements_covered_display": "100", "num_branches": 0, "num_partial_branches": 0, "covered_branches": 0, "missing_branches": 0, "percent_branches_covered": 100.0, "percent_branches_covered_display": "100"}, "missing_lines": [], "excluded_lines": [], "start_line": 88, "executed_branches": [], "missing_branches": []}, "DependencyDialogViewModel.cycle_error_message": {"executed_lines": [95], "summary": {"covered_lines": 1, "num_statements": 1, "percent_covered": 100.0, "percent_covered_display": "100", "missing_lines": 0, "excluded_lines": 0, "percent_statements_covered": 100.0, "percent_statements_covered_display": "100", "num_branches": 0, "num_partial_branches": 0, "covered_branches": 0, "missing_branches": 0, "percent_branches_covered": 100.0, "percent_branches_covered_display": "100"}, "missing_lines": [], "excluded_lines": [], "start_line": 93, "executed_branches": [], "missing_branches": []}, "DependencyDialogViewModel.set_story": {"executed_lines": [110, 111, 112, 113, 114], "summary": {"covered_lines": 5, "num_statements": 5, "percent_covered": 100.0, "percent_covered_display": "100", "missing_lines": 0, "excluded_lines": 0, "percent_statements_covered": 100.0, "percent_statements_covered_display": "100", "num_branches": 0, "num_partial_branches": 0, "covered_branches": 0, "missing_branches": 0, "percent_branches_covered": 100.0, "percent_branches_covered_display": "100"}, "missing_lines": [], "excluded_lines": [], "start_line": 97, "executed_branches": [], "missing_branches": []}, "DependencyDialogViewModel.load_dependencies": {"executed_lines": [118, 119, 121, 122, 124, 125, 126, 128, 135, 136, 137, 139, 145, 146, 152, 153, 154], "summary": {"covered_lines": 17, "num_statements": 17, "percent_covered": 100.0, "percent_covered_display": "100", "missing_lines": 0, "excluded_lines": 0, "percent_statements_covered": 100.0, "percent_statements_covered_display": "100", "num_branches": 2, "num_partial_branches": 0, "covered_branches": 2, "missing_branches": 0, "percent_branches_covered": 100.0, "percent_branches_covered_display": "100"}, "missing_lines": [], "excluded_lines": [], "start_line": 116, "executed_branches": [[118, 119], [118, 121]], "missing_branches": []}, "DependencyDialogViewModel.add_dependency": {"executed_lines": [162, 163, 165, 166, 168, 169, 173, 174, 175, 177, 178, 179, 180, 181, 182, 186, 187, 188, 189, 190, 191], "summary": {"covered_lines": 21, "num_statements": 21, "percent_covered": 100.0, "percent_covered_display": "100", "missing_lines": 0, "excluded_lines": 0, "percent_statements_covered": 100.0, "percent_statements_covered_display": "100", "num_branches": 2, "num_partial_branches": 0, "covered_branches": 2, "missing_branches": 0, "percent_branches_covered": 100.0, "percent_branches_covered_display": "100"}, "missing_lines": [], "excluded_lines": [], "start_line": 156, "executed_branches": [[162, 163], [162, 165]], "missing_branches": []}, "DependencyDialogViewModel.remove_dependency": {"executed_lines": [199, 200, 202, 203, 205, 206, 210, 211, 212, 214, 220, 221, 222, 223, 224], "summary": {"covered_lines": 15, "num_statements": 16, "percent_covered": 94.44444444444444, "percent_covered_display": "94", "missing_lines": 1, "excluded_lines": 0, "percent_statements_covered": 93.75, "percent_statements_covered_display": "94", "num_branches": 2, "num_partial_branches": 0, "covered_branches": 2, "missing_branches": 0, "percent_branches_covered": 100.0, "percent_branches_covered_display": "100"}, "missing_lines": [215], "excluded_lines": [], "start_line": 193, "executed_branches": [[199, 200], [199, 202]], "missing_branches": []}, "": {"executed_lines": [6, 8, 9, 11, 13, 19, 20, 28, 31, 40, 41, 42, 44, 62, 63, 67, 68, 72, 73, 77, 78, 82, 83, 87, 88, 92, 93, 97, 116, 156, 193], "summary": {"covered_lines": 31, "num_statements": 31, "percent_covered": 100.0, "percent_covered_display": "100", "missing_lines": 0, "excluded_lines": 2, "percent_statements_covered": 100.0, "percent_statements_covered_display": "100", "num_branches": 0, "num_partial_branches": 0, "covered_branches": 0, "missing_branches": 0, "percent_branches_covered": 100.0, "percent_branches_covered_display": "100"}, "missing_lines": [], "excluded_lines": [25, 26], "start_line": 1, "executed_branches": [], "missing_branches": []}}, "classes": {"DependencyDialogViewModel": {"executed_lines": [51, 52, 54, 55, 56, 57, 58, 59, 60, 65, 70, 75, 80, 85, 90, 95, 110, 111, 112, 113, 114, 118, 119, 121, 122, 124, 125, 126, 128, 135, 136, 137, 139, 145, 146, 152, 153, 154, 162, 163, 165, 166, 168, 169, 173, 174, 175, 177, 178, 179, 180, 181, 182, 186, 187, 188, 189, 190, 191, 199, 200, 202, 203, 205, 206, 210, 211, 212, 214, 220, 221, 222, 223, 224], "summary": {"covered_lines": 74, "num_statements": 75, "percent_covered": 98.76543209876543, "percent_covered_display": "99", "missing_lines": 1, "excluded_lines": 0, "percent_statements_covered": 98.66666666666667, "percent_statements_covered_display": "99", "num_branches": 6, "num_partial_branches": 0, "covered_branches": 6, "missing_branches": 0, "percent_branches_covered": 100.0, "percent_branches_covered_display": "100"}, "missing_lines": [215], "excluded_lines": [], "start_line": 31, "executed_branches": [[118, 119], [118, 121], [162, 163], [162, 165], [199, 200], [199, 202]], "missing_branches": []}, "": {"executed_lines": [6, 8, 9, 11, 13, 19, 20, 28, 31, 40, 41, 42, 44, 62, 63, 67, 68, 72, 73, 77, 78, 82, 83, 87, 88, 92, 93, 97, 116, 156, 193], "summary": {"covered_lines": 31, "num_statements": 31, "percent_covered": 100.0, "percent_covered_display": "100", "missing_lines": 0, "excluded_lines": 2, "percent_statements_covered": 100.0, "percent_statements_covered_display": "100", "num_branches": 0, "num_partial_branches": 0, "covered_branches": 0, "missing_branches": 0, "percent_branches_covered": 100.0, "percent_branches_covered_display": "100"}, "missing_lines": [], "excluded_lines": [25, 26], "start_line": 1, "executed_branches": [], "missing_branches": []}}}, "src\\backlog_manager\\presentation\\viewmodels\\excel_viewmodel.py": {"executed_lines": [7, 9, 10, 11, 12, 14, 16, 17, 18, 26, 37, 40, 57, 58, 59, 60, 63, 64, 65, 66, 69, 71, 77, 78, 79, 80, 82, 84, 85, 91, 93, 94, 100, 102, 103, 109, 111, 117, 119, 128, 129, 130, 131, 132, 133, 134, 135, 136, 137, 138, 139, 140, 141, 142, 144, 158, 159, 160, 162, 163, 164, 166, 168, 169, 170, 173, 174, 176, 177, 179, 185, 187, 188, 189, 190, 192, 193, 194, 195, 196, 199, 201, 215, 216, 217, 219, 220, 221, 223, 225, 226, 227, 228, 229, 231, 232, 234, 240, 242, 243, 245, 246, 247, 248, 249, 250, 251, 252, 254, 255, 256, 257, 258, 261], "summary": {"covered_lines": 114, "num_statements": 114, "percent_covered": 100.0, "percent_covered_display": "100", "missing_lines": 0, "excluded_lines": 4, "percent_statements_covered": 100.0, "percent_statements_covered_display": "100", "num_branches": 20, "num_partial_branches": 0, "covered_branches": 20, "missing_branches": 0, "percent_branches_covered": 100.0, "percent_branches_covered_display": "100"}, "missing_lines": [], "excluded_lines": [28, 29, 32, 35], "executed_branches": [[128, 129], [128, 130], [130, 131], [130, 132], [132, 133], [132, 134], [134, 135], [134, 136], [136, 137], [136, 138], [138, 139], [138, 140], [140, 141], [140, 142], [158, 159], [158, 162], [215, 216], [215, 219], [245, 246], [245, 251]], "missing_branches": [], "functions": {"ExcelViewModel.__init__": {"executed_lines": [77, 78, 79, 80, 82], "summary": {"covered_lines": 5, "num_statements": 5, "percent_covered": 100.0, "percent_covered_display": "100", "missing_lines": 0, "excluded_lines": 0, "percent_statements_covered": 100.0, "percent_statements_covered_display": "100", "num_branches": 0, "num_partial_branches": 0, "covered_branches": 0, "missing_branches": 0, "percent_branches_covered": 100.0, "percent_branches_covered_display": "100"}, "missing_lines": [], "excluded_lines": [], "start_line": 71, "executed_branches": [], "missing_branches": []}, "ExcelViewModel.is_importing": {"executed_lines": [91], "summary": {"covered_lines": 1, "num_statements": 1, "percent_covered": 100.0, "percent_covered_display": "100", "missing_lines": 0, "excluded_lines": 0, "percent_statements_covered": 100.0, "percent_statements_covered_display": "100", "num_branches": 0, "num_partial_branches": 0, "covered_branches": 0, "missing_branches": 0, "percent_branches_covered": 100.0, "percent_branches_covered_display": "100"}, "missing_lines": [], "excluded_lines": [], "start_line": 85, "executed_branches": [], "missing_branches": []}, "ExcelViewModel.is_exporting": {"executed_lines": [100], "summary": {"covered_lines": 1, "num_statements": 1, "percent_covered": 100.0, "percent_covered_display": "100", "missing_lines": 0, "excluded_lines": 0, "percent_statements_covered": 100.0, "percent_statements_covered_display": "100", "num_branches": 0, "num_partial_branches": 0, "covered_branches": 0, "missing_branches": 0, "percent_branches_covered": 100.0, "percent_branches_covered_display": "100"}, "missing_lines": [], "excluded_lines": [], "start_line": 94, "executed_branches": [], "missing_branches": []}, "ExcelViewModel.is_busy": {"executed_lines": [109], "summary": {"covered_lines": 1, "num_statements": 1, "percent_covered": 100.0, "percent_covered_display": "100", "missing_lines": 0, "excluded_lines": 0, "percent_statements_covered": 100.0, "percent_statements_covered_display": "100", "num_branches": 0, "num_partial_branches": 0, "covered_branches": 0, "missing_branches": 0, "percent_branches_covered": 100.0, "percent_branches_covered_display": "100"}, "missing_lines": [], "excluded_lines": [], "start_line": 103, "executed_branches": [], "missing_branches": []}, "ExcelViewModel._progress_callback": {"executed_lines": [117], "summary": {"covered_lines": 1, "num_statements": 1, "percent_covered": 100.0, "percent_covered_display": "100", "missing_lines": 0, "excluded_lines": 0, "percent_statements_covered": 100.0, "percent_statements_covered_display": "100", "num_branches": 0, "num_partial_branches": 0, "covered_branches": 0, "missing_branches": 0, "percent_branches_covered": 100.0, "percent_branches_covered_display": "100"}, "missing_lines": [], "excluded_lines": [], "start_line": 111, "executed_branches": [], "missing_branches": []}, "ExcelViewModel._get_error_message": {"executed_lines": [128, 129, 130, 131, 132, 133, 134, 135, 136, 137, 138, 139, 140, 141, 142], "summary": {"covered_lines": 15, "num_statements": 15, "percent_covered": 100.0, "percent_covered_display": "100", "missing_lines": 0, "excluded_lines": 0, "percent_statements_covered": 100.0, "percent_statements_covered_display": "100", "num_branches": 14, "num_partial_branches": 0, "covered_branches": 14, "missing_branches": 0, "percent_branches_covered": 100.0, "percent_branches_covered_display": "100"}, "missing_lines": [], "excluded_lines": [], "start_line": 119, "executed_branches": [[128, 129], [128, 130], [130, 131], [130, 132], [132, 133], [132, 134], [134, 135], [134, 136], [136, 137], [136, 138], [138, 139], [138, 140], [140, 141], [140, 142]], "missing_branches": []}, "ExcelViewModel.import_from_file": {"executed_lines": [158, 159, 160, 162, 163, 164, 166, 168, 169, 170, 173, 174, 176, 177, 179, 185, 187, 188, 189, 190, 192, 193, 194, 195, 196, 199], "summary": {"covered_lines": 26, "num_statements": 26, "percent_covered": 100.0, "percent_covered_display": "100", "missing_lines": 0, "excluded_lines": 0, "percent_statements_covered": 100.0, "percent_statements_covered_display": "100", "num_branches": 2, "num_partial_branches": 0, "covered_branches": 2, "missing_branches": 0, "percent_branches_covered": 100.0, "percent_branches_covered_display": "100"}, "missing_lines": [], "excluded_lines": [], "start_line": 144, "executed_branches": [[158, 159], [158, 162]], "missing_branches": []}, "ExcelViewModel.export_to_file": {"executed_lines": [215, 216, 217, 219, 220, 221, 223, 225, 226, 227, 228, 229, 231, 232, 234, 240, 242, 243, 245, 246, 247, 248, 249, 250, 251, 252, 254, 255, 256, 257, 258, 261], "summary": {"covered_lines": 32, "num_statements": 32, "percent_covered": 100.0, "percent_covered_display": "100", "missing_lines": 0, "excluded_lines": 0, "percent_statements_covered": 100.0, "percent_statements_covered_display": "100", "num_branches": 4, "num_partial_branches": 0, "covered_branches": 4, "missing_branches": 0, "percent_branches_covered": 100.0, "percent_branches_covered_display": "100"}, "missing_lines": [], "excluded_lines": [], "start_line": 201, "executed_branches": [[215, 216], [215, 219], [245, 246], [245, 251]], "missing_branches": []}, "": {"executed_lines": [7, 9, 10, 11, 12, 14, 16, 17, 18, 26, 37, 40, 57, 58, 59, 60, 63, 64, 65, 66, 69, 71, 84, 85, 93, 94, 102, 103, 111, 119, 144, 201], "summary": {"covered_lines": 32, "num_statements": 32, "percent_covered": 100.0, "percent_covered_display": "100", "missing_lines": 0, "excluded_lines": 4, "percent_statements_covered": 100.0, "percent_statements_covered_display": "100", "num_branches": 0, "num_partial_branches": 0, "covered_branches": 0, "missing_branches": 0, "percent_branches_covered": 100.0, "percent_branches_covered_display": "100"}, "missing_lines": [], "excluded_lines": [28, 29, 32, 35], "start_line": 1, "executed_branches": [], "missing_branches": []}}, "classes": {"ExcelViewModel": {"executed_lines": [77, 78, 79, 80, 82, 91, 100, 109, 117, 128, 129, 130, 131, 132, 133, 134, 135, 136, 137, 138, 139, 140, 141, 142, 158, 159, 160, 162, 163, 164, 166, 168, 169, 170, 173, 174, 176, 177, 179, 185, 187, 188, 189, 190, 192, 193, 194, 195, 196, 199, 215, 216, 217, 219, 220, 221, 223, 225, 226, 227, 228, 229, 231, 232, 234, 240, 242, 243, 245, 246, 247, 248, 249, 250, 251, 252, 254, 255, 256, 257, 258, 261], "summary": {"covered_lines": 82, "num_statements": 82, "percent_covered": 100.0, "percent_covered_display": "100", "missing_lines": 0, "excluded_lines": 0, "perce
[...]
259, 260, 261, 262, 263, 264, 265, 266, 267, 268, 269, 274, 275, 276, 277, 278, 279, 280, 281, 282, 283, 285, 294, 295, 296, 298, 308, 309, 310, 312, 328, 329, 331, 332, 333, 334, 335, 337, 339, 348, 349, 350, 351, 352, 354, 363, 364, 366, 367, 368, 369, 371, 373, 381, 382, 383, 384, 386, 395, 396, 397, 399, 408, 409, 410, 411, 413, 422, 423, 424, 425, 427, 428, 434], "summary": {"covered_lines": 162, "num_statements": 162, "percent_covered": 99.58677685950413, "percent_covered_display": "99", "missing_lines": 0, "excluded_lines": 0, "percent_statements_covered": 100.0, "percent_statements_covered_display": "100", "num_branches": 80, "num_partial_branches": 1, "covered_branches": 79, "missing_branches": 1, "percent_branches_covered": 98.75, "percent_branches_covered_display": "99"}, "missing_lines": [], "excluded_lines": [], "executed_branches": [[111, 112], [111, 113], [126, 127], [126, 128], [144, 145], [144, 147], [150, 151], [150, 153], [178, 179], [178, 181], [196, 197], [196, 199], [199, 200], [199, 201], [201, 202], [201, 204], [209, 210], [209, 211], [220, 221], [220, 222], [222, 223], [222, 224], [226, 227], [226, 228], [252, 253], [252, 254], [254, 255], [254, 256], [256, 257], [256, 258], [258, 259], [258, 260], [260, 261], [260, 262], [262, 263], [262, 264], [264, 265], [264, 266], [266, 267], [266, 268], [268, 269], [268, 274], [274, 275], [274, 276], [276, 277], [276, 278], [278, 279], [278, 280], [280, 281], [280, 282], [294, 295], [294, 296], [308, 309], [308, 310], [328, 329], [328, 331], [331, 332], [331, 334], [332, 333], [332, 337], [334, 335], [348, 349], [348, 350], [363, 364], [363, 366], [366, 367], [366, 371], [368, 366], [368, 369], [395, 396], [395, 397], [408, 409], [408, 411], [409, 408], [409, 410], [422, 423], [422, 425], [423, 422], [423, 424]], "missing_branches": [[334, 337]], "functions": {"StoryTableModel.__init__": {"executed_lines": [96, 97, 98], "summary": {"covered_lines": 3, "num_statements": 3, "percent_covered": 100.0, "percent_covered_display": "100", "missing_lines": 0, "excluded_lines": 0, "percent_statements_covered": 100.0, "percent_statements_covered_display": "100", "num_branches": 0, "num_partial_branches": 0, "covered_branches": 0, "missing_branches": 0, "percent_branches_covered": 100.0, "percent_branches_covered_display": "100"}, "missing_lines": [], "excluded_lines": [], "start_line": 90, "executed_branches": [], "missing_branches": []}, "StoryTableModel.rowCount": {"executed_lines": [111, 112, 113], "summary": {"covered_lines": 3, "num_statements": 3, "percent_covered": 100.0, "percent_covered_display": "100", "missing_lines": 0, "excluded_lines": 0, "percent_statements_covered": 100.0, "percent_statements_covered_display": "100", "num_branches": 2, "num_partial_branches": 0, "covered_branches": 2, "missing_branches": 0, "percent_branches_covered": 100.0, "percent_branches_covered_display": "100"}, "missing_lines": [], "excluded_lines": [], "start_line": 100, "executed_branches": [[111, 112], [111, 113]], "missing_branches": []}, "StoryTableModel.columnCount": {"executed_lines": [126, 127, 128], "summary": {"covered_lines": 3, "num_statements": 3, "percent_covered": 100.0, "percent_covered_display": "100", "missing_lines": 0, "excluded_lines": 0, "percent_statements_covered": 100.0, "percent_statements_covered_display": "100", "num_branches": 2, "num_partial_branches": 0, "covered_branches": 2, "missing_branches": 0, "percent_branches_covered": 100.0, "percent_branches_covered_display": "100"}, "missing_lines": [], "excluded_lines": [], "start_line": 115, "executed_branches": [[126, 127], [126, 128]], "missing_branches": []}, "StoryTableModel.data": {"executed_lines": [144, 145, 147, 148, 150, 151, 153, 154], "summary": {"covered_lines": 8, "num_statements": 8, "percent_covered": 100.0, "percent_covered_display": "100", "missing_lines": 0, "excluded_lines": 0, "percent_statements_covered": 100.0, "percent_statements_covered_display": "100", "num_branches": 4, "num_partial_branches": 0, "covered_branches": 4, "missing_branches": 0, "percent_branches_covered": 100.0, "percent_branches_covered_display": "100"}, "missing_lines": [], "excluded_lines": [], "start_line": 130, "executed_branches": [[144, 145], [144, 147], [150, 151], [150, 153]], "missing_branches": []}, "StoryTableModel._resolve_role_data": {"executed_lines": [167, 177, 178, 179, 181], "summary": {"covered_lines": 5, "num_statements": 5, "percent_covered": 100.0, "percent_covered_display": "100", "missing_lines": 0, "excluded_lines": 0, "percent_statements_covered": 100.0, "percent_statements_covered_display": "100", "num_branches": 2, "num_partial_branches": 0, "covered_branches": 2, "missing_branches": 0, "percent_branches_covered": 100.0, "percent_branches_covered_display": "100"}, "missing_lines": [], "excluded_lines": [], "start_line": 156, "executed_branches": [[178, 179], [178, 181]], "missing_branches": []}, "StoryTableModel._resolve_dependency_role": {"executed_lines": [196, 197, 199, 200, 201, 202, 204], "summary": {"covered_lines": 7, "num_statements": 7, "percent_covered": 100.0, "percent_covered_display": "100", "missing_lines": 0, "excluded_lines": 0, "percent_statements_covered": 100.0, "percent_statements_covered_display": "100", "num_branches": 6, "num_partial_branches": 0, "covered_branches": 6, "missing_branches": 0, "percent_branches_covered": 100.0, "percent_branches_covered_display": "100"}, "missing_lines": [], "excluded_lines": [], "start_line": 183, "executed_branches": [[196, 197], [196, 199], [199, 200], [199, 201], [201, 202], [201, 204]], "missing_branches": []}, "StoryTableModel.flags": {"executed_lines": [208, 209, 210, 211], "summary": {"covered_lines": 4, "num_statements": 4, "percent_covered": 100.0, "percent_covered_display": "100", "missing_lines": 0, "excluded_lines": 0, "percent_statements_covered": 100.0, "percent_statements_covered_display": "100", "num_branches": 2, "num_partial_branches": 0, "covered_branches": 2, "missing_branches": 0, "percent_branches_covered": 100.0, "percent_branches_covered_display": "100"}, "missing_lines": [], "excluded_lines": [], "start_line": 206, "executed_branches": [[209, 210], [209, 211]], "missing_branches": []}, "StoryTableModel.setData": {"executed_lines": [220, 221, 222, 223, 224, 225, 226, 227, 228, 229], "summary": {"covered_lines": 10, "num_statements": 10, "percent_covered": 100.0, "percent_covered_display": "100", "missing_lines": 0, "excluded_lines": 0, "percent_statements_covered": 100.0, "percent_statements_covered_display": "100", "num_branches": 6, "num_partial_branches": 0, "covered_branches": 6, "missing_branches": 0, "percent_branches_covered": 100.0, "percent_branches_covered_display": "100"}, "missing_lines": [], "excluded_lines": [], "start_line": 213, "executed_branches": [[220, 221], [220, 222], [222, 223], [222, 224], [226, 227], [226, 228]], "missing_branches": []}, "StoryTableModel._fmt_optional": {"executed_lines": [234], "summary": {"covered_lines": 1, "num_statements": 1, "percent_covered": 100.0, "percent_covered_display": "100", "missing_lines": 0, "excluded_lines": 0, "percent_statements_covered": 100.0, "percent_statements_covered_display": "100", "num_branches": 0, "num_partial_branches": 0, "covered_branches": 0, "missing_branches": 0, "percent_branches_covered": 100.0, "percent_branches_covered_display": "100"}, "missing_lines": [], "excluded_lines": [], "start_line": 232, "executed_branches": [], "missing_branches": []}, "StoryTableModel._fmt_date": {"executed_lines": [239], "summary": {"covered_lines": 1, "num_statements": 1, "percent_covered": 100.0, "percent_covered_display": "100", "missing_lines": 0, "excluded_lines": 0, "percent_statements_covered": 100.0, "percent_statements_covered_display": "100", "num_branches": 0, "num_partial_branches": 0, "covered_branches": 0, "missing_branches": 0, "percent_branches_covered": 100.0, "percent_branches_covered_display": "100"}, "missing_lines": [], "excluded_lines": [], "start_line": 237, "executed_branches": [], "missing_branches": []}, "StoryTableModel._get_display_value": {"executed_lines": [251, 252, 253, 254, 255, 256, 257, 258, 259, 260, 261, 262, 263, 264, 265, 266, 267, 268, 269, 274, 275, 276, 277, 278, 279, 280, 281, 282, 283], "summary": {"covered_lines": 29, "num_statements": 29, "percent_covered": 100.0, "percent_covered_display": "100", "missing_lines": 0, "excluded_lines": 0, "percent_statements_covered": 100.0, "percent_statements_covered_display": "100", "num_branches": 26, "num_partial_branches": 0, "covered_branches": 26, "missing_branches": 0, "percent_branches_covered": 100.0, "percent_branches_covered_display": "100"}, "missing_lines": [], "excluded_lines": [], "start_line": 241, "executed_branches": [[252, 253], [252, 254], [254, 255], [254, 256], [256, 257], [256, 258], [258, 259], [258, 260], [260, 261], [260, 262], [262, 263], [262, 264], [264, 265], [264, 266], [266, 267], [266, 268], [268, 269], [268, 274], [274, 275], [274, 276], [276, 277], [276, 278], [278, 279], [278, 280], [280, 281], [280, 282]], "missing_branches": []}, "StoryTableModel._get_alignment": {"executed_lines": [294, 295, 296], "summary": {"covered_lines": 3, "num_statements": 3, "percent_covered": 100.0, "percent_covered_display": "100", "missing_lines": 0, "excluded_lines": 0, "percent_statements_covered": 100.0, "percent_statements_covered_display": "100", "num_branches": 2, "num_partial_branches": 0, "covered_branches": 2, "missing_branches": 0, "percent_branches_covered": 100.0, "percent_branches_covered_display": "100"}, "missing_lines": [], "excluded_lines": [], "start_line": 285, "executed_branches": [[294, 295], [294, 296]], "missing_branches": []}, "StoryTableModel._get_tooltip": {"executed_lines": [308, 309, 310], "summary": {"covered_lines": 3, "num_statements": 3, "percent_covered": 100.0, "percent_covered_display": "100", "missing_lines": 0, "excluded_lines": 0, "percent_statements_covered": 100.0, "percent_statements_covered_display": "100", "num_branches": 2, "num_partial_branches": 0, "covered_branches": 2, "missing_branches": 0, "percent_branches_covered": 100.0, "percent_branches_covered_display": "100"}, "missing_lines": [], "excluded_lines": [], "start_line": 298, "executed_branches": [[308, 309], [308, 310]], "missing_branches": []}, "StoryTableModel.headerData": {"executed_lines": [328, 329, 331, 332, 333, 334, 335, 337], "summary": {"covered_lines": 8, "num_statements": 8, "percent_covered": 93.75, "percent_covered_display": "94", "missing_lines": 0, "excluded_lines": 0, "percent_statements_covered": 100.0, "percent_statements_covered_display": "100", "num_branches": 8, "num_partial_branches": 1, "covered_branches": 7, "missing_branches": 1, "percent_branches_covered": 87.5, "percent_branches_covered_display": "88"}, "missing_lines": [], "excluded_lines": [], "start_line": 312, "executed_branches": [[328, 329], [328, 331], [331, 332], [331, 334], [332, 333], [332, 337], [334, 335]], "missing_branches": [[334, 337]]}, "StoryTableModel._get_wave_background": {"executed_lines": [348, 349, 350, 351, 352], "summary": {"covered_lines": 5, "num_statements": 5, "percent_covered": 100.0, "percent_covered_display": "100", "missing_lines": 0, "excluded_lines": 0, "percent_statements_covered": 100.0, "percent_statements_covered_display": "100", "num_branches": 2, "num_partial_branches": 0, "covered_branches": 2, "missing_branches": 0, "percent_branches_covered": 100.0, "percent_branches_covered_display": "100"}, "missing_lines": [], "excluded_lines": [], "start_line": 339, "executed_branches": [[348, 349], [348, 350]], "missing_branches": []}, "StoryTableModel._get_blocking_state": {"executed_lines": [363, 364, 366, 367, 368, 369, 371], "summary": {"covered_lines": 7, "num_statements": 7, "percent_covered": 100.0, "percent_covered_display": "100", "missing_lines": 0, "excluded_lines": 0, "percent_statements_covered": 100.0, "percent_statements_covered_display": "100", "num_branches": 6, "num_partial_branches": 0, "covered_branches": 6, "missing_branches": 0, "percent_branches_covered": 100.0, "percent_branches_covered_display": "100"}, "missing_lines": [], "excluded_lines": [], "start_line": 354, "executed_branches": [[363, 364], [363, 366], [366, 367], [366, 371], [368, 366], [368, 369]], "missing_branches": []}, "StoryTableModel.set_stories": {"executed_lines": [381, 382, 383, 384], "summary": {"covered_lines": 4, "num_statements": 4, "percent_covered": 100.0, "percent_covered_display": "100", "missing_lines": 0, "excluded_lines": 0, "percent_statements_covered": 100.0, "percent_statements_covered_display": "100", "num_branches": 0, "num_partial_branches": 0, "covered_branches": 0, "missing_branches": 0, "percent_branches_covered": 100.0, "percent_branches_covered_display": "100"}, "missing_lines": [], "excluded_lines": [], "start_line": 373, "executed_branches": [], "missing_branches": []}, "StoryTableModel.get_story_at": {"executed_lines": [395, 396, 397], "summary": {"covered_lines": 3, "num_statements": 3, "percent_covered": 100.0, "percent_covered_display": "100", "missing_lines": 0, "excluded_lines": 0, "percent_statements_covered": 100.0, "percent_statements_covered_display": "100", "num_branches": 2, "num_partial_branches": 0, "covered_branches": 2, "missing_branches": 0, "percent_branches_covered": 100.0, "percent_branches_covered_display": "100"}, "missing_lines": [], "excluded_lines": [], "start_line": 386, "executed_branches": [[395, 396], [395, 397]], "missing_branches": []}, "StoryTableModel.get_story_by_id": {"executed_lines": [408, 409, 410, 411], "summary": {"covered_lines": 4, "num_statements": 4, "percent_covered": 100.0, "percent_covered_display": "100", "missing_lines": 0, "excluded_lines": 0, "percent_statements_covered": 100.0, "percent_statements_covered_display": "100", "num_branches": 4, "num_partial_branches": 0, "covered_branches": 4, "missing_branches": 0, "percent_branches_covered": 100.0, "percent_branches_covered_display": "100"}, "missing_lines": [], "excluded_lines": [], "start_line": 399, "executed_branches": [[408, 409], [408, 411], [409, 408], [409, 410]], "missing_branches": []}, "StoryTableModel.get_row_for_story": {"executed_lines": [422, 423, 424, 425], "summary": {"covered_lines": 4, "num_statements": 4, "percent_covered": 100.0, "percent_covered_display": "100", "missing_lines": 0, "excluded_lines": 0, "percent_statements_covered": 100.0, "percent_statements_covered_display": "100", "num_branches": 4, "num_partial_branches": 0, "covered_branches": 4, "missing_branches": 0, "percent_branches_covered": 100.0, "percent_branches_covered_display": "100"}, "missing_lines": [], "excluded_lines": [], "start_line": 413, "executed_branches": [[422, 423], [422, 425], [423, 422], [423, 424]], "missing_branches": []}, "StoryTableModel.stories": {"executed_lines": [434], "summary": {"covered_lines": 1, "num_statements": 1, "percent_covered": 100.0, "percent_covered_display": "100", "missing_lines": 0, "excluded_lines": 0, "percent_statements_covered": 100.0, "percent_statements_covered_display": "100", "num_branches": 0, "num_partial_branches": 0, "covered_branches": 0, "missing_branches": 0, "percent_branches_covered": 100.0, "percent_branches_covered_display": "100"}, "missing_lines": [], "excluded_lines": [], "start_line": 428, "executed_branches": [], "missing_branches": []}, "": {"executed_lines": [7, 9, 10, 11, 12, 14, 21, 23, 24, 27, 30, 31, 32, 36, 37, 40, 50, 52, 68, 84, 86, 88, 90, 100, 115, 130, 156, 183, 206, 213, 231, 232, 236, 237, 241, 285, 298, 312, 339, 354, 373, 386, 399, 413, 427, 428], "summary": {"covered_lines": 46, "num_statements": 46, "percent_covered": 100.0, "percent_covered_display": "100", "missing_lines": 0, "excluded_lines": 0, "percent_statements_covered": 100.0, "percent_statements_covered_display": "100", "num_branches": 0, "num_partial_branches": 0, "covered_branches": 0, "missing_branches": 0, "percent_branches_covered": 100.0, "percent_branches_covered_display": "100"}, "missing_lines": [], "excluded_lines": [], "start_line": 1, "executed_branches": [], "missing_branches": []}}, "classes": {"BlockingState": {"executed_lines": [], "summary": {"covered_lines": 0, "num_statements": 0, "percent_covered": 100.0, "percent_covered_display": "100", "missing_lines": 0, "excluded_lines": 0, "percent_statements_covered": 100.0, "percent_statements_covered_display": "100", "num_branches": 0, "num_partial_branches": 0, "covered_branches": 0, "missing_branches": 0, "percent_branches_covered": 100.0, "percent_branches_covered_display": "100"}, "missing_lines": [], "excluded_lines": [], "start_line": 27, "executed_branches": [], "missing_branches": []}, "StoryTableModel": {"executed_lines": [96, 97, 98, 111, 112, 113, 126, 127, 128, 144, 145, 147, 148, 150, 151, 153, 154, 167, 177, 178, 179, 181, 196, 197, 199, 200, 201, 202, 204, 208, 209, 210, 211, 220, 221, 222, 223, 224, 225, 226, 227, 228, 229, 234, 239, 251, 252, 253, 254, 255, 256, 257, 258, 259, 260, 261, 262, 263, 264, 265, 266, 267, 268, 269, 274, 275, 276, 277, 278, 279, 280, 281, 282, 283, 294, 295, 296, 308, 309, 310, 328, 329, 331, 332, 333, 334, 335, 337, 348, 349, 350, 351, 352, 363, 364, 366, 367, 368, 369, 371, 381, 382, 383, 384, 395, 396, 397, 408, 409, 410, 411, 422, 423, 424, 425, 434], "summary": {"covered_lines": 116, "num_statements": 116, "percent_covered": 99.48979591836735, "percent_covered_display": "99", "missing_lines": 0, "excluded_lines": 0, "percent_statements_covered": 100.0, "percent_statements_covered_display": "100", "num_branches": 80, "num_partial_branches": 1, "covered_branches": 79, "missing_branches": 1, "percent_branches_covered": 98.75, "percent_branches_covered_display": "99"}, "missing_lines": [], "excluded_lines": [], "start_line": 40, "executed_branches": [[111, 112], [111, 113], [126, 127], [126, 128], [144, 145], [144, 147], [150, 151], [150, 153], [178, 179], [178, 181], [196, 197], [196, 199], [199, 200], [199, 201], [201, 202], [201, 204], [209, 210], [209, 211], [220, 221], [220, 222], [222, 223], [222, 224], [226, 227], [226, 228], [252, 253], [252, 254], [254, 255], [254, 256], [256, 257], [256, 258], [258, 259], [258, 260], [260, 261], [260, 262], [262, 263], [262, 264], [264, 265], [264, 266], [266, 267], [266, 268], [268, 269], [268, 274], [274, 275], [274, 276], [276, 277], [276, 278], [278, 279], [278, 280], [280, 281], [280, 282], [294, 295], [294, 296], [308, 309], [308, 310], [328, 329], [328, 331], [331, 332], [331, 334], [332, 333], [332, 337], [334, 335], [348, 349], [348, 350], [363, 364], [363, 366], [366, 367], [366, 371], [368, 366], [368, 369], [395, 396], [395, 397], [408, 409], [408, 411], [409, 408], [409, 410], [422, 423], [422, 425], [423, 422], [423, 424]], "missing_branches": [[334, 337]]}, "": {"executed_lines": [7, 9, 10, 11, 12, 14, 21, 23, 24, 27, 30, 31, 32, 36, 37, 40, 50, 52, 68, 84, 86, 88, 90, 100, 115, 130, 156, 183, 206, 213, 231, 232, 236, 237, 241, 285, 298, 312, 339, 354, 373, 386, 399, 413, 427, 428], "summary": {"covered_lines": 46, "num_statements": 46, "percent_covered": 100.0, "percent_covered_display": "100", "missing_lines": 0, "excluded_lines": 0, "percent_statements_covered": 100.0, "percent_statements_covered_display": "100", "num_branches": 0, "num_partial_branches": 0, "covered_branches": 0, "missing_branches": 0, "percent_branches_covered": 100.0, "percent_branches_covered_display": "100"}, "missing_lines": [], "excluded_lines": [], "start_line": 1, "executed_branches": [], "missing_branches": []}}}}, "totals": {"covered_lines": 1588, "num_statements": 1600, "percent_covered": 99.03225806451613, "percent_covered_display": "99", "missing_lines": 12, "excluded_lines": 38, "percent_statements_covered": 99.25, "percent_statements_covered_display": "99", "num_branches": 260, "num_partial_branches": 4, "covered_branches": 254, "missing_branches": 6, "percent_branches_covered": 97.6923076923077, "percent_branches_covered_display": "98"}}
